{"total": {"lines":{"total":31480,"covered":29682,"skipped":0,"pct":94.28},"statements":{"total":31480,"covered":29682,"skipped":0,"pct":94.28},"functions":{"total":1018,"covered":805,"skipped":0,"pct":79.07},"branches":{"total":3259,"covered":2371,"skipped":0,"pct":72.75},"branchesTrue":{"total":0,"covered":0,"skipped":0,"pct":100}}
,"/mnt/CZ_BODEGA/010_VSCODE/007_PROYECTOS_WEB/cirujano-front_CLEAN/src/main.js": {"lines":{"total":97,"covered":94,"skipped":0,"pct":96.9},"functions":{"total":2,"covered":2,"skipped":0,"pct":100},"statements":{"total":97,"covered":94,"skipped":0,"pct":96.9},"branches":{"total":14,"covered":10,"skipped":0,"pct":71.42}}
,"/mnt/CZ_BODEGA/010_VSCODE/007_PROYECTOS_WEB/cirujano-front_CLEAN/src/analytics/events.js": {"lines":{"total":22,"covered":22,"skipped":0,"pct":100},"functions":{"total":0,"covered":0,"skipped":0,"pct":100},"statements":{"total":22,"covered":22,"skipped":0,"pct":100},"branches":{"total":0,"covered":0,"skipped":0,"pct":100}}
,"/mnt/CZ_BODEGA/010_VSCODE/007_PROYECTOS_WEB/cirujano-front_CLEAN/src/analytics/index.js": {"lines":{"total":2,"covered":2,"skipped":0,"pct":100},"functions":{"total":0,"covered":0,"skipped":0,"pct":100},"statements":{"total":2,"covered":2,"skipped":0,"pct":100},"branches":{"total":0,"covered":0,"skipped":0,"pct":100}}
,"/mnt/CZ_BODEGA/010_VSCODE/007_PROYECTOS_WEB/cirujano-front_CLEAN/src/analytics/tracker.js": {"lines":{"total":34,"covered":34,"skipped":0,"pct":100},"functions":{"total":3,"covered":3,"skipped":0,"pct":100},"statements":{"total":34,"covered":34,"skipped":0,"pct":100},"branches":{"total":8,"covered":8,"skipped":0,"pct":100}}
,"/mnt/CZ_BODEGA/010_VSCODE/007_PROYECTOS_WEB/cirujano-front_CLEAN/src/analytics/providers/consoleProvider.js": {"lines":{"total":9,"covered":9,"skipped":0,"pct":100},"functions":{"total":2,"covered":2,"skipped":0,"pct":100},"statements":{"total":9,"covered":9,"skipped":0,"pct":100},"branches":{"total":2,"covered":2,"skipped":0,"pct":100}}
,"/mnt/CZ_BODEGA/010_VSCODE/007_PROYECTOS_WEB/cirujano-front_CLEAN/src/analytics/providers/gtmProvider.js": {"lines":{"total":13,"covered":13,"skipped":0,"pct":100},"functions":{"total":2,"covered":2,"skipped":0,"pct":100},"statements":{"total":13,"covered":13,"skipped":0,"pct":100},"branches":{"total":2,"covered":2,"skipped":0,"pct":100}}
,"/mnt/CZ_BODEGA/010_VSCODE/007_PROYECTOS_WEB/cirujano-front_CLEAN/src/components/InstrumentCarousel.vue": {"lines":{"total":382,"covered":382,"skipped":0,"pct":100},"functions":{"total":0,"covered":0,"skipped":0,"pct":100},"statements":{"total":382,"covered":382,"skipped":0,"pct":100},"branches":{"total":0,"covered":0,"skipped":0,"pct":100}}
,"/mnt/CZ_BODEGA/010_VSCODE/007_PROYECTOS_WEB/cirujano-front_CLEAN/src/components/prototypes/InventoryCard.vue": {"lines":{"total":199,"covered":199,"skipped":0,"pct":100},"functions":{"total":0,"covered":0,"skipped":0,"pct":100},"statements":{"total":199,"covered":199,"skipped":0,"pct":100},"branches":{"total":0,"covered":0,"skipped":0,"pct":100}}
,"/mnt/CZ_BODEGA/010_VSCODE/007_PROYECTOS_WEB/cirujano-front_CLEAN/src/composables/emails.js": {"lines":{"total":6,"covered":6,"skipped":0,"pct":100},"functions":{"total":0,"covered":0,"skipped":0,"pct":100},"statements":{"total":6,"covered":6,"skipped":0,"pct":100},"branches":{"total":0,"covered":0,"skipped":0,"pct":100}}
,"/mnt/CZ_BODEGA/010_VSCODE/007_PROYECTOS_WEB/cirujano-front_CLEAN/src/composables/emails.ts": {"lines":{"total":63,"covered":12,"skipped":0,"pct":19.04},"functions":{"total":1,"covered":0,"skipped":0,"pct":0},"statements":{"total":63,"covered":12,"skipped":0,"pct":19.04},"branches":{"total":0,"covered":0,"skipped":0,"pct":100}}
,"/mnt/CZ_BODEGA/010_VSCODE/007_PROYECTOS_WEB/cirujano-front_CLEAN/src/composables/layout.js": {"lines":{"total":6,"covered":6,"skipped":0,"pct":100},"functions":{"total":0,"covered":0,"skipped":0,"pct":100},"statements":{"total":6,"covered":6,"skipped":0,"pct":100},"branches":{"total":0,"covered":0,"skipped":0,"pct":100}}
,"/mnt/CZ_BODEGA/010_VSCODE/007_PROYECTOS_WEB/cirujano-front_CLEAN/src/composables/layout.ts": {"lines":{"total":77,"covered":9,"skipped":0,"pct":11.68},"functions":{"total":1,"covered":0,"skipped":0,"pct":0},"statements":{"total":77,"covered":9,"skipped":0,"pct":11.68},"branches":{"total":0,"covered":0,"skipped":0,"pct":100}}
,"/mnt/CZ_BODEGA/010_VSCODE/007_PROYECTOS_WEB/cirujano-front_CLEAN/src/composables/scheduler.js": {"lines":{"total":6,"covered":6,"skipped":0,"pct":100},"functions":{"total":0,"covered":0,"skipped":0,"pct":100},"statements":{"total":6,"covered":6,"skipped":0,"pct":100},"branches":{"total":0,"covered":0,"skipped":0,"pct":100}}
,"/mnt/CZ_BODEGA/010_VSCODE/007_PROYECTOS_WEB/cirujano-front_CLEAN/src/composables/scheduler.ts": {"lines":{"total":81,"covered":81,"skipped":0,"pct":100},"functions":{"total":5,"covered":5,"skipped":0,"pct":100},"statements":{"total":81,"covered":81,"skipped":0,"pct":100},"branches":{"total":11,"covered":11,"skipped":0,"pct":100}}
,"/mnt/CZ_BODEGA/010_VSCODE/007_PROYECTOS_WEB/cirujano-front_CLEAN/src/composables/settings.js": {"lines":{"total":27,"covered":19,"skipped":0,"pct":70.37},"functions":{"total":3,"covered":1,"skipped":0,"pct":33.33},"statements":{"total":27,"covered":19,"skipped":0,"pct":70.37},"branches":{"total":1,"covered":1,"skipped":0,"pct":100}}
,"/mnt/CZ_BODEGA/010_VSCODE/007_PROYECTOS_WEB/cirujano-front_CLEAN/src/composables/strings.js": {"lines":{"total":62,"covered":58,"skipped":0,"pct":93.54},"functions":{"total":3,"covered":3,"skipped":0,"pct":100},"statements":{"total":62,"covered":58,"skipped":0,"pct":93.54},"branches":{"total":5,"covered":3,"skipped":0,"pct":60}}
,"/mnt/CZ_BODEGA/010_VSCODE/007_PROYECTOS_WEB/cirujano-front_CLEAN/src/composables/useApi.js": {"lines":{"total":58,"covered":58,"skipped":0,"pct":100},"functions":{"total":8,"covered":8,"skipped":0,"pct":100},"statements":{"total":58,"covered":58,"skipped":0,"pct":100},"branches":{"total":15,"covered":15,"skipped":0,"pct":100}}
,"/mnt/CZ_BODEGA/010_VSCODE/007_PROYECTOS_WEB/cirujano-front_CLEAN/src/composables/useApi.ts": {"lines":{"total":56,"covered":56,"skipped":0,"pct":100},"functions":{"total":1,"covered":1,"skipped":0,"pct":100},"statements":{"total":56,"covered":56,"skipped":0,"pct":100},"branches":{"total":1,"covered":1,"skipped":0,"pct":100}}
,"/mnt/CZ_BODEGA/010_VSCODE/007_PROYECTOS_WEB/cirujano-front_CLEAN/src/composables/useAuth.js": {"lines":{"total":6,"covered":6,"skipped":0,"pct":100},"functions":{"total":0,"covered":0,"skipped":0,"pct":100},"statements":{"total":6,"covered":6,"skipped":0,"pct":100},"branches":{"total":0,"covered":0,"skipped":0,"pct":100}}
,"/mnt/CZ_BODEGA/010_VSCODE/007_PROYECTOS_WEB/cirujano-front_CLEAN/src/composables/useAuth.ts": {"lines":{"total":316,"covered":250,"skipped":0,"pct":79.11},"functions":{"total":18,"covered":13,"skipped":0,"pct":72.22},"statements":{"total":316,"covered":250,"skipped":0,"pct":79.11},"branches":{"total":55,"covered":25,"skipped":0,"pct":45.45}}
,"/mnt/CZ_BODEGA/010_VSCODE/007_PROYECTOS_WEB/cirujano-front_CLEAN/src/composables/useCalculator.ts": {"lines":{"total":21,"covered":21,"skipped":0,"pct":100},"functions":{"total":2,"covered":2,"skipped":0,"pct":100},"statements":{"total":21,"covered":21,"skipped":0,"pct":100},"branches":{"total":3,"covered":3,"skipped":0,"pct":100}}
,"/mnt/CZ_BODEGA/010_VSCODE/007_PROYECTOS_WEB/cirujano-front_CLEAN/src/composables/useCategories.js": {"lines":{"total":6,"covered":6,"skipped":0,"pct":100},"functions":{"total":0,"covered":0,"skipped":0,"pct":100},"statements":{"total":6,"covered":6,"skipped":0,"pct":100},"branches":{"total":0,"covered":0,"skipped":0,"pct":100}}
,"/mnt/CZ_BODEGA/010_VSCODE/007_PROYECTOS_WEB/cirujano-front_CLEAN/src/composables/useCategories.ts": {"lines":{"total":37,"covered":37,"skipped":0,"pct":100},"functions":{"total":1,"covered":1,"skipped":0,"pct":100},"statements":{"total":37,"covered":37,"skipped":0,"pct":100},"branches":{"total":2,"covered":1,"skipped":0,"pct":50}}
,"/mnt/CZ_BODEGA/010_VSCODE/007_PROYECTOS_WEB/cirujano-front_CLEAN/src/composables/useDiagnostic.js": {"lines":{"total":7,"covered":7,"skipped":0,"pct":100},"functions":{"total":0,"covered":0,"skipped":0,"pct":100},"statements":{"total":7,"covered":7,"skipped":0,"pct":100},"branches":{"total":0,"covered":0,"skipped":0,"pct":100}}
,"/mnt/CZ_BODEGA/010_VSCODE/007_PROYECTOS_WEB/cirujano-front_CLEAN/src/composables/useDiagnostic.ts": {"lines":{"total":491,"covered":454,"skipped":0,"pct":92.46},"functions":{"total":18,"covered":18,"skipped":0,"pct":100},"statements":{"total":491,"covered":454,"skipped":0,"pct":92.46},"branches":{"total":84,"covered":64,"skipped":0,"pct":76.19}}
,"/mnt/CZ_BODEGA/010_VSCODE/007_PROYECTOS_WEB/cirujano-front_CLEAN/src/composables/useDiagnostics.js": {"lines":{"total":6,"covered":6,"skipped":0,"pct":100},"functions":{"total":0,"covered":0,"skipped":0,"pct":100},"statements":{"total":6,"covered":6,"skipped":0,"pct":100},"branches":{"total":0,"covered":0,"skipped":0,"pct":100}}
,"/mnt/CZ_BODEGA/010_VSCODE/007_PROYECTOS_WEB/cirujano-front_CLEAN/src/composables/useDiagnostics.ts": {"lines":{"total":40,"covered":40,"skipped":0,"pct":100},"functions":{"total":1,"covered":1,"skipped":0,"pct":100},"statements":{"total":40,"covered":40,"skipped":0,"pct":100},"branches":{"total":2,"covered":1,"skipped":0,"pct":50}}
,"/mnt/CZ_BODEGA/010_VSCODE/007_PROYECTOS_WEB/cirujano-front_CLEAN/src/composables/useInstruments.js": {"lines":{"total":6,"covered":6,"skipped":0,"pct":100},"functions":{"total":0,"covered":0,"skipped":0,"pct":100},"statements":{"total":6,"covered":6,"skipped":0,"pct":100},"branches":{"total":0,"covered":0,"skipped":0,"pct":100}}
,"/mnt/CZ_BODEGA/010_VSCODE/007_PROYECTOS_WEB/cirujano-front_CLEAN/src/composables/useInstruments.ts": {"lines":{"total":195,"covered":188,"skipped":0,"pct":96.41},"functions":{"total":11,"covered":11,"skipped":0,"pct":100},"statements":{"total":195,"covered":188,"skipped":0,"pct":96.41},"branches":{"total":28,"covered":22,"skipped":0,"pct":78.57}}
,"/mnt/CZ_BODEGA/010_VSCODE/007_PROYECTOS_WEB/cirujano-front_CLEAN/src/composables/useInstrumentsCatalog.js": {"lines":{"total":6,"covered":6,"skipped":0,"pct":100},"functions":{"total":0,"covered":0,"skipped":0,"pct":100},"statements":{"total":6,"covered":6,"skipped":0,"pct":100},"branches":{"total":0,"covered":0,"skipped":0,"pct":100}}
,"/mnt/CZ_BODEGA/010_VSCODE/007_PROYECTOS_WEB/cirujano-front_CLEAN/src/composables/useInstrumentsCatalog.ts": {"lines":{"total":291,"covered":250,"skipped":0,"pct":85.91},"functions":{"total":14,"covered":12,"skipped":0,"pct":85.71},"statements":{"total":291,"covered":250,"skipped":0,"pct":85.91},"branches":{"total":56,"covered":35,"skipped":0,"pct":62.5}}
,"/mnt/CZ_BODEGA/010_VSCODE/007_PROYECTOS_WEB/cirujano-front_CLEAN/src/composables/useInventory.js": {"lines":{"total":6,"covered":6,"skipped":0,"pct":100},"functions":{"total":0,"covered":0,"skipped":0,"pct":100},"statements":{"total":6,"covered":6,"skipped":0,"pct":100},"branches":{"total":0,"covered":0,"skipped":0,"pct":100}}
,"/mnt/CZ_BODEGA/010_VSCODE/007_PROYECTOS_WEB/cirujano-front_CLEAN/src/composables/useInventory.ts": {"lines":{"total":78,"covered":74,"skipped":0,"pct":94.87},"functions":{"total":2,"covered":1,"skipped":0,"pct":50},"statements":{"total":78,"covered":74,"skipped":0,"pct":94.87},"branches":{"total":2,"covered":1,"skipped":0,"pct":50}}
,"/mnt/CZ_BODEGA/010_VSCODE/007_PROYECTOS_WEB/cirujano-front_CLEAN/src/composables/useMonitoring.ts": {"lines":{"total":198,"covered":0,"skipped":0,"pct":0},"functions":{"total":1,"covered":0,"skipped":0,"pct":0},"statements":{"total":198,"covered":0,"skipped":0,"pct":0},"branches":{"total":1,"covered":0,"skipped":0,"pct":0}}
,"/mnt/CZ_BODEGA/010_VSCODE/007_PROYECTOS_WEB/cirujano-front_CLEAN/src/composables/useQuotation.js": {"lines":{"total":6,"covered":6,"skipped":0,"pct":100},"functions":{"total":0,"covered":0,"skipped":0,"pct":100},"statements":{"total":6,"covered":6,"skipped":0,"pct":100},"branches":{"total":0,"covered":0,"skipped":0,"pct":100}}
,"/mnt/CZ_BODEGA/010_VSCODE/007_PROYECTOS_WEB/cirujano-front_CLEAN/src/composables/useQuotation.ts": {"lines":{"total":245,"covered":178,"skipped":0,"pct":72.65},"functions":{"total":4,"covered":2,"skipped":0,"pct":50},"statements":{"total":245,"covered":178,"skipped":0,"pct":72.65},"branches":{"total":15,"covered":11,"skipped":0,"pct":73.33}}
,"/mnt/CZ_BODEGA/010_VSCODE/007_PROYECTOS_WEB/cirujano-front_CLEAN/src/composables/useRepairs.js": {"lines":{"total":6,"covered":6,"skipped":0,"pct":100},"functions":{"total":0,"covered":0,"skipped":0,"pct":100},"statements":{"total":6,"covered":6,"skipped":0,"pct":100},"branches":{"total":0,"covered":0,"skipped":0,"pct":100}}
,"/mnt/CZ_BODEGA/010_VSCODE/007_PROYECTOS_WEB/cirujano-front_CLEAN/src/composables/useRepairs.ts": {"lines":{"total":59,"covered":59,"skipped":0,"pct":100},"functions":{"total":1,"covered":1,"skipped":0,"pct":100},"statements":{"total":59,"covered":59,"skipped":0,"pct":100},"branches":{"total":2,"covered":1,"skipped":0,"pct":50}}
,"/mnt/CZ_BODEGA/010_VSCODE/007_PROYECTOS_WEB/cirujano-front_CLEAN/src/composables/useStockMovements.js": {"lines":{"total":6,"covered":6,"skipped":0,"pct":100},"functions":{"total":0,"covered":0,"skipped":0,"pct":100},"statements":{"total":6,"covered":6,"skipped":0,"pct":100},"branches":{"total":0,"covered":0,"skipped":0,"pct":100}}
,"/mnt/CZ_BODEGA/010_VSCODE/007_PROYECTOS_WEB/cirujano-front_CLEAN/src/composables/useStockMovements.ts": {"lines":{"total":37,"covered":37,"skipped":0,"pct":100},"functions":{"total":1,"covered":1,"skipped":0,"pct":100},"statements":{"total":37,"covered":37,"skipped":0,"pct":100},"branches":{"total":2,"covered":2,"skipped":0,"pct":100}}
,"/mnt/CZ_BODEGA/010_VSCODE/007_PROYECTOS_WEB/cirujano-front_CLEAN/src/composables/useUsers.js": {"lines":{"total":6,"covered":6,"skipped":0,"pct":100},"functions":{"total":0,"covered":0,"skipped":0,"pct":100},"statements":{"total":6,"covered":6,"skipped":0,"pct":100},"branches":{"total":0,"covered":0,"skipped":0,"pct":100}}
,"/mnt/CZ_BODEGA/010_VSCODE/007_PROYECTOS_WEB/cirujano-front_CLEAN/src/composables/useUsers.ts": {"lines":{"total":39,"covered":39,"skipped":0,"pct":100},"functions":{"total":1,"covered":1,"skipped":0,"pct":100},"statements":{"total":39,"covered":39,"skipped":0,"pct":100},"branches":{"total":2,"covered":1,"skipped":0,"pct":50}}
,"/mnt/CZ_BODEGA/010_VSCODE/007_PROYECTOS_WEB/cirujano-front_CLEAN/src/composables/useValidation.ts": {"lines":{"total":30,"covered":30,"skipped":0,"pct":100},"functions":{"total":1,"covered":1,"skipped":0,"pct":100},"statements":{"total":30,"covered":30,"skipped":0,"pct":100},"branches":{"total":7,"covered":6,"skipped":0,"pct":85.71}}
,"/mnt/CZ_BODEGA/010_VSCODE/007_PROYECTOS_WEB/cirujano-front_CLEAN/src/composables/utils.js": {"lines":{"total":6,"covered":6,"skipped":0,"pct":100},"functions":{"total":0,"covered":0,"skipped":0,"pct":100},"statements":{"total":6,"covered":6,"skipped":0,"pct":100},"branches":{"total":0,"covered":0,"skipped":0,"pct":100}}
,"/mnt/CZ_BODEGA/010_VSCODE/007_PROYECTOS_WEB/cirujano-front_CLEAN/src/composables/utils.ts": {"lines":{"total":116,"covered":114,"skipped":0,"pct":98.27},"functions":{"total":9,"covered":9,"skipped":0,"pct":100},"statements":{"total":116,"covered":114,"skipped":0,"pct":98.27},"branches":{"total":20,"covered":17,"skipped":0,"pct":85}}
,"/mnt/CZ_BODEGA/010_VSCODE/007_PROYECTOS_WEB/cirujano-front_CLEAN/src/domain/awg/model.ts": {"lines":{"total":9,"covered":9,"skipped":0,"pct":100},"functions":{"total":1,"covered":1,"skipped":0,"pct":100},"statements":{"total":9,"covered":9,"skipped":0,"pct":100},"branches":{"total":1,"covered":1,"skipped":0,"pct":100}}
,"/mnt/CZ_BODEGA/010_VSCODE/007_PROYECTOS_WEB/cirujano-front_CLEAN/src/domain/common/calculationState.ts": {"lines":{"total":7,"covered":7,"skipped":0,"pct":100},"functions":{"total":0,"covered":0,"skipped":0,"pct":100},"statements":{"total":7,"covered":7,"skipped":0,"pct":100},"branches":{"total":1,"covered":1,"skipped":0,"pct":100}}
,"/mnt/CZ_BODEGA/010_VSCODE/007_PROYECTOS_WEB/cirujano-front_CLEAN/src/domain/length/model.ts": {"lines":{"total":20,"covered":20,"skipped":0,"pct":100},"functions":{"total":1,"covered":1,"skipped":0,"pct":100},"statements":{"total":20,"covered":20,"skipped":0,"pct":100},"branches":{"total":3,"covered":3,"skipped":0,"pct":100}}
,"/mnt/CZ_BODEGA/010_VSCODE/007_PROYECTOS_WEB/cirujano-front_CLEAN/src/domain/numberSystem/model.ts": {"lines":{"total":9,"covered":9,"skipped":0,"pct":100},"functions":{"total":1,"covered":1,"skipped":0,"pct":100},"statements":{"total":9,"covered":9,"skipped":0,"pct":100},"branches":{"total":2,"covered":2,"skipped":0,"pct":100}}
,"/mnt/CZ_BODEGA/010_VSCODE/007_PROYECTOS_WEB/cirujano-front_CLEAN/src/domain/ohmsLaw/model.ts": {"lines":{"total":22,"covered":20,"skipped":0,"pct":90.9},"functions":{"total":1,"covered":1,"skipped":0,"pct":100},"statements":{"total":22,"covered":20,"skipped":0,"pct":90.9},"branches":{"total":5,"covered":2,"skipped":0,"pct":40}}
,"/mnt/CZ_BODEGA/010_VSCODE/007_PROYECTOS_WEB/cirujano-front_CLEAN/src/domain/resistorColor/model.ts": {"lines":{"total":73,"covered":73,"skipped":0,"pct":100},"functions":{"total":1,"covered":1,"skipped":0,"pct":100},"statements":{"total":73,"covered":73,"skipped":0,"pct":100},"branches":{"total":8,"covered":3,"skipped":0,"pct":37.5}}
,"/mnt/CZ_BODEGA/010_VSCODE/007_PROYECTOS_WEB/cirujano-front_CLEAN/src/domain/smdCapacitor/model.ts": {"lines":{"total":28,"covered":28,"skipped":0,"pct":100},"functions":{"total":1,"covered":1,"skipped":0,"pct":100},"statements":{"total":28,"covered":28,"skipped":0,"pct":100},"branches":{"total":6,"covered":4,"skipped":0,"pct":66.66}}
,"/mnt/CZ_BODEGA/010_VSCODE/007_PROYECTOS_WEB/cirujano-front_CLEAN/src/domain/smdResistor/model.ts": {"lines":{"total":47,"covered":43,"skipped":0,"pct":91.48},"functions":{"total":1,"covered":1,"skipped":0,"pct":100},"statements":{"total":47,"covered":43,"skipped":0,"pct":91.48},"branches":{"total":11,"covered":8,"skipped":0,"pct":72.72}}
,"/mnt/CZ_BODEGA/010_VSCODE/007_PROYECTOS_WEB/cirujano-front_CLEAN/src/domain/temperature/model.ts": {"lines":{"total":22,"covered":22,"skipped":0,"pct":100},"functions":{"total":1,"covered":1,"skipped":0,"pct":100},"statements":{"total":22,"covered":22,"skipped":0,"pct":100},"branches":{"total":9,"covered":5,"skipped":0,"pct":55.55}}
,"/mnt/CZ_BODEGA/010_VSCODE/007_PROYECTOS_WEB/cirujano-front_CLEAN/src/domain/timer555/model.ts": {"lines":{"total":25,"covered":22,"skipped":0,"pct":88},"functions":{"total":1,"covered":1,"skipped":0,"pct":100},"statements":{"total":25,"covered":22,"skipped":0,"pct":88},"branches":{"total":6,"covered":5,"skipped":0,"pct":83.33}}
,"/mnt/CZ_BODEGA/010_VSCODE/007_PROYECTOS_WEB/cirujano-front_CLEAN/src/models/SectionInfo.js": {"lines":{"total":38,"covered":38,"skipped":0,"pct":100},"functions":{"total":6,"covered":6,"skipped":0,"pct":100},"statements":{"total":38,"covered":38,"skipped":0,"pct":100},"branches":{"total":11,"covered":11,"skipped":0,"pct":100}}
,"/mnt/CZ_BODEGA/010_VSCODE/007_PROYECTOS_WEB/cirujano-front_CLEAN/src/modules/awg/AwgView.vue": {"lines":{"total":36,"covered":33,"skipped":0,"pct":91.66},"functions":{"total":2,"covered":1,"skipped":0,"pct":50},"statements":{"total":36,"covered":33,"skipped":0,"pct":91.66},"branches":{"total":2,"covered":2,"skipped":0,"pct":100}}
,"/mnt/CZ_BODEGA/010_VSCODE/007_PROYECTOS_WEB/cirujano-front_CLEAN/src/modules/length/LengthView.vue": {"lines":{"total":36,"covered":33,"skipped":0,"pct":91.66},"functions":{"total":2,"covered":1,"skipped":0,"pct":50},"statements":{"total":36,"covered":33,"skipped":0,"pct":91.66},"branches":{"total":2,"covered":2,"skipped":0,"pct":100}}
,"/mnt/CZ_BODEGA/010_VSCODE/007_PROYECTOS_WEB/cirujano-front_CLEAN/src/modules/numberSystem/NumberSystemView.vue": {"lines":{"total":36,"covered":33,"skipped":0,"pct":91.66},"functions":{"total":2,"covered":1,"skipped":0,"pct":50},"statements":{"total":36,"covered":33,"skipped":0,"pct":91.66},"branches":{"total":2,"covered":2,"skipped":0,"pct":100}}
,"/mnt/CZ_BODEGA/010_VSCODE/007_PROYECTOS_WEB/cirujano-front_CLEAN/src/modules/ohmsLaw/OhmsLawView.vue": {"lines":{"total":36,"covered":33,"skipped":0,"pct":91.66},"functions":{"total":2,"covered":1,"skipped":0,"pct":50},"statements":{"total":36,"covered":33,"skipped":0,"pct":91.66},"branches":{"total":2,"covered":2,"skipped":0,"pct":100}}
,"/mnt/CZ_BODEGA/010_VSCODE/007_PROYECTOS_WEB/cirujano-front_CLEAN/src/modules/resistorColor/ResistorColorView.vue": {"lines":{"total":407,"covered":407,"skipped":0,"pct":100},"functions":{"total":9,"covered":9,"skipped":0,"pct":100},"statements":{"total":407,"covered":407,"skipped":0,"pct":100},"branches":{"total":60,"covered":51,"skipped":0,"pct":85}}
,"/mnt/CZ_BODEGA/010_VSCODE/007_PROYECTOS_WEB/cirujano-front_CLEAN/src/modules/smdCapacitor/SmdCapacitorView.vue": {"lines":{"total":312,"covered":309,"skipped":0,"pct":99.03},"functions":{"total":10,"covered":7,"skipped":0,"pct":70},"statements":{"total":312,"covered":309,"skipped":0,"pct":99.03},"branches":{"total":47,"covered":40,"skipped":0,"pct":85.1}}
,"/mnt/CZ_BODEGA/010_VSCODE/007_PROYECTOS_WEB/cirujano-front_CLEAN/src/modules/smdResistor/SmdResistorView.vue": {"lines":{"total":382,"covered":363,"skipped":0,"pct":95.02},"functions":{"total":18,"covered":18,"skipped":0,"pct":100},"statements":{"total":382,"covered":363,"skipped":0,"pct":95.02},"branches":{"total":61,"covered":50,"skipped":0,"pct":81.96}}
,"/mnt/CZ_BODEGA/010_VSCODE/007_PROYECTOS_WEB/cirujano-front_CLEAN/src/modules/temperature/TemperatureView.vue": {"lines":{"total":36,"covered":33,"skipped":0,"pct":91.66},"functions":{"total":2,"covered":1,"skipped":0,"pct":50},"statements":{"total":36,"covered":33,"skipped":0,"pct":91.66},"branches":{"total":2,"covered":2,"skipped":0,"pct":100}}
,"/mnt/CZ_BODEGA/010_VSCODE/007_PROYECTOS_WEB/cirujano-front_CLEAN/src/modules/timer555/Timer555View.vue": {"lines":{"total":583,"covered":527,"skipped":0,"pct":90.39},"functions":{"total":21,"covered":20,"skipped":0,"pct":95.23},"statements":{"total":583,"covered":527,"skipped":0,"pct":90.39},"branches":{"total":92,"covered":80,"skipped":0,"pct":86.95}}
,"/mnt/CZ_BODEGA/010_VSCODE/007_PROYECTOS_WEB/cirujano-front_CLEAN/src/router/index.ts": {"lines":{"total":369,"covered":369,"skipped":0,"pct":100},"functions":{"total":45,"covered":45,"skipped":0,"pct":100},"statements":{"total":369,"covered":369,"skipped":0,"pct":100},"branches":{"total":59,"covered":58,"skipped":0,"pct":98.3}}
,"/mnt/CZ_BODEGA/010_VSCODE/007_PROYECTOS_WEB/cirujano-front_CLEAN/src/services/alerts.ts": {"lines":{"total":433,"covered":412,"skipped":0,"pct":95.15},"functions":{"total":26,"covered":20,"skipped":0,"pct":76.92},"statements":{"total":433,"covered":412,"skipped":0,"pct":95.15},"branches":{"total":52,"covered":42,"skipped":0,"pct":80.76}}
,"/mnt/CZ_BODEGA/010_VSCODE/007_PROYECTOS_WEB/cirujano-front_CLEAN/src/services/api.js": {"lines":{"total":29,"covered":29,"skipped":0,"pct":100},"functions":{"total":0,"covered":0,"skipped":0,"pct":100},"statements":{"total":29,"covered":29,"skipped":0,"pct":100},"branches":{"total":0,"covered":0,"skipped":0,"pct":100}}
,"/mnt/CZ_BODEGA/010_VSCODE/007_PROYECTOS_WEB/cirujano-front_CLEAN/src/services/api.ts": {"lines":{"total":178,"covered":127,"skipped":0,"pct":71.34},"functions":{"total":8,"covered":6,"skipped":0,"pct":75},"statements":{"total":178,"covered":127,"skipped":0,"pct":71.34},"branches":{"total":14,"covered":7,"skipped":0,"pct":50}}
,"/mnt/CZ_BODEGA/010_VSCODE/007_PROYECTOS_WEB/cirujano-front_CLEAN/src/services/auth.ts": {"lines":{"total":124,"covered":118,"skipped":0,"pct":95.16},"functions":{"total":17,"covered":17,"skipped":0,"pct":100},"statements":{"total":124,"covered":118,"skipped":0,"pct":95.16},"branches":{"total":23,"covered":20,"skipped":0,"pct":86.95}}
,"/mnt/CZ_BODEGA/010_VSCODE/007_PROYECTOS_WEB/cirujano-front_CLEAN/src/services/logging.ts": {"lines":{"total":292,"covered":270,"skipped":0,"pct":92.46},"functions":{"total":22,"covered":20,"skipped":0,"pct":90.9},"statements":{"total":292,"covered":270,"skipped":0,"pct":92.46},"branches":{"total":42,"covered":31,"skipped":0,"pct":73.8}}
,"/mnt/CZ_BODEGA/010_VSCODE/007_PROYECTOS_WEB/cirujano-front_CLEAN/src/services/secureMedia.js": {"lines":{"total":12,"covered":12,"skipped":0,"pct":100},"functions":{"total":0,"covered":0,"skipped":0,"pct":100},"statements":{"total":12,"covered":12,"skipped":0,"pct":100},"branches":{"total":0,"covered":0,"skipped":0,"pct":100}}
,"/mnt/CZ_BODEGA/010_VSCODE/007_PROYECTOS_WEB/cirujano-front_CLEAN/src/services/secureMedia.ts": {"lines":{"total":49,"covered":49,"skipped":0,"pct":100},"functions":{"total":5,"covered":5,"skipped":0,"pct":100},"statements":{"total":49,"covered":49,"skipped":0,"pct":100},"branches":{"total":20,"covered":16,"skipped":0,"pct":80}}
,"/mnt/CZ_BODEGA/010_VSCODE/007_PROYECTOS_WEB/cirujano-front_CLEAN/src/services/security.ts": {"lines":{"total":111,"covered":107,"skipped":0,"pct":96.39},"functions":{"total":7,"covered":7,"skipped":0,"pct":100},"statements":{"total":111,"covered":107,"skipped":0,"pct":96.39},"branches":{"total":15,"covered":10,"skipped":0,"pct":66.66}}
,"/mnt/CZ_BODEGA/010_VSCODE/007_PROYECTOS_WEB/cirujano-front_CLEAN/src/services/toastService.js": {"lines":{"total":14,"covered":14,"skipped":0,"pct":100},"functions":{"total":0,"covered":0,"skipped":0,"pct":100},"statements":{"total":14,"covered":14,"skipped":0,"pct":100},"branches":{"total":0,"covered":0,"skipped":0,"pct":100}}
,"/mnt/CZ_BODEGA/010_VSCODE/007_PROYECTOS_WEB/cirujano-front_CLEAN/src/services/toastService.ts": {"lines":{"total":39,"covered":39,"skipped":0,"pct":100},"functions":{"total":7,"covered":7,"skipped":0,"pct":100},"statements":{"total":39,"covered":39,"skipped":0,"pct":100},"branches":{"total":9,"covered":9,"skipped":0,"pct":100}}
,"/mnt/CZ_BODEGA/010_VSCODE/007_PROYECTOS_WEB/cirujano-front_CLEAN/src/stores/auth.js": {"lines":{"total":6,"covered":6,"skipped":0,"pct":100},"functions":{"total":0,"covered":0,"skipped":0,"pct":100},"statements":{"total":6,"covered":6,"skipped":0,"pct":100},"branches":{"total":0,"covered":0,"skipped":0,"pct":100}}
,"/mnt/CZ_BODEGA/010_VSCODE/007_PROYECTOS_WEB/cirujano-front_CLEAN/src/stores/auth.ts": {"lines":{"total":399,"covered":296,"skipped":0,"pct":74.18},"functions":{"total":20,"covered":12,"skipped":0,"pct":60},"statements":{"total":399,"covered":296,"skipped":0,"pct":74.18},"branches":{"total":42,"covered":22,"skipped":0,"pct":52.38}}
,"/mnt/CZ_BODEGA/010_VSCODE/007_PROYECTOS_WEB/cirujano-front_CLEAN/src/stores/categories.js": {"lines":{"total":6,"covered":6,"skipped":0,"pct":100},"functions":{"total":0,"covered":0,"skipped":0,"pct":100},"statements":{"total":6,"covered":6,"skipped":0,"pct":100},"branches":{"total":0,"covered":0,"skipped":0,"pct":100}}
,"/mnt/CZ_BODEGA/010_VSCODE/007_PROYECTOS_WEB/cirujano-front_CLEAN/src/stores/categories.ts": {"lines":{"total":131,"covered":131,"skipped":0,"pct":100},"functions":{"total":6,"covered":6,"skipped":0,"pct":100},"statements":{"total":131,"covered":131,"skipped":0,"pct":100},"branches":{"total":22,"covered":20,"skipped":0,"pct":90.9}}
,"/mnt/CZ_BODEGA/010_VSCODE/007_PROYECTOS_WEB/cirujano-front_CLEAN/src/stores/diagnostics.js": {"lines":{"total":6,"covered":6,"skipped":0,"pct":100},"functions":{"total":0,"covered":0,"skipped":0,"pct":100},"statements":{"total":6,"covered":6,"skipped":0,"pct":100},"branches":{"total":0,"covered":0,"skipped":0,"pct":100}}
,"/mnt/CZ_BODEGA/010_VSCODE/007_PROYECTOS_WEB/cirujano-front_CLEAN/src/stores/diagnostics.ts": {"lines":{"total":124,"covered":113,"skipped":0,"pct":91.12},"functions":{"total":5,"covered":4,"skipped":0,"pct":80},"statements":{"total":124,"covered":113,"skipped":0,"pct":91.12},"branches":{"total":13,"covered":9,"skipped":0,"pct":69.23}}
,"/mnt/CZ_BODEGA/010_VSCODE/007_PROYECTOS_WEB/cirujano-front_CLEAN/src/stores/instruments.js": {"lines":{"total":6,"covered":6,"skipped":0,"pct":100},"functions":{"total":0,"covered":0,"skipped":0,"pct":100},"statements":{"total":6,"covered":6,"skipped":0,"pct":100},"branches":{"total":0,"covered":0,"skipped":0,"pct":100}}
,"/mnt/CZ_BODEGA/010_VSCODE/007_PROYECTOS_WEB/cirujano-front_CLEAN/src/stores/instruments.ts": {"lines":{"total":124,"covered":113,"skipped":0,"pct":91.12},"functions":{"total":5,"covered":4,"skipped":0,"pct":80},"statements":{"total":124,"covered":113,"skipped":0,"pct":91.12},"branches":{"total":13,"covered":9,"skipped":0,"pct":69.23}}
,"/mnt/CZ_BODEGA/010_VSCODE/007_PROYECTOS_WEB/cirujano-front_CLEAN/src/stores/inventory.js": {"lines":{"total":6,"covered":6,"skipped":0,"pct":100},"functions":{"total":0,"covered":0,"skipped":0,"pct":100},"statements":{"total":6,"covered":6,"skipped":0,"pct":100},"branches":{"total":0,"covered":0,"skipped":0,"pct":100}}
,"/mnt/CZ_BODEGA/010_VSCODE/007_PROYECTOS_WEB/cirujano-front_CLEAN/src/stores/inventory.ts": {"lines":{"total":295,"covered":245,"skipped":0,"pct":83.05},"functions":{"total":13,"covered":9,"skipped":0,"pct":69.23},"statements":{"total":295,"covered":245,"skipped":0,"pct":83.05},"branches":{"total":35,"covered":19,"skipped":0,"pct":54.28}}
,"/mnt/CZ_BODEGA/010_VSCODE/007_PROYECTOS_WEB/cirujano-front_CLEAN/src/stores/quotation.js": {"lines":{"total":6,"covered":6,"skipped":0,"pct":100},"functions":{"total":0,"covered":0,"skipped":0,"pct":100},"statements":{"total":6,"covered":6,"skipped":0,"pct":100},"branches":{"total":0,"covered":0,"skipped":0,"pct":100}}
,"/mnt/CZ_BODEGA/010_VSCODE/007_PROYECTOS_WEB/cirujano-front_CLEAN/src/stores/quotation.ts": {"lines":{"total":287,"covered":281,"skipped":0,"pct":97.9},"functions":{"total":16,"covered":16,"skipped":0,"pct":100},"statements":{"total":287,"covered":281,"skipped":0,"pct":97.9},"branches":{"total":49,"covered":42,"skipped":0,"pct":85.71}}
,"/mnt/CZ_BODEGA/010_VSCODE/007_PROYECTOS_WEB/cirujano-front_CLEAN/src/stores/repairs.js": {"lines":{"total":6,"covered":6,"skipped":0,"pct":100},"functions":{"total":0,"covered":0,"skipped":0,"pct":100},"statements":{"total":6,"covered":6,"skipped":0,"pct":100},"branches":{"total":0,"covered":0,"skipped":0,"pct":100}}
,"/mnt/CZ_BODEGA/010_VSCODE/007_PROYECTOS_WEB/cirujano-front_CLEAN/src/stores/repairs.ts": {"lines":{"total":264,"covered":199,"skipped":0,"pct":75.37},"functions":{"total":12,"covered":8,"skipped":0,"pct":66.66},"statements":{"total":264,"covered":199,"skipped":0,"pct":75.37},"branches":{"total":35,"covered":13,"skipped":0,"pct":37.14}}
,"/mnt/CZ_BODEGA/010_VSCODE/007_PROYECTOS_WEB/cirujano-front_CLEAN/src/stores/shopCart.js": {"lines":{"total":6,"covered":6,"skipped":0,"pct":100},"functions":{"total":0,"covered":0,"skipped":0,"pct":100},"statements":{"total":6,"covered":6,"skipped":0,"pct":100},"branches":{"total":0,"covered":0,"skipped":0,"pct":100}}
,"/mnt/CZ_BODEGA/010_VSCODE/007_PROYECTOS_WEB/cirujano-front_CLEAN/src/stores/shopCart.ts": {"lines":{"total":354,"covered":255,"skipped":0,"pct":72.03},"functions":{"total":16,"covered":14,"skipped":0,"pct":87.5},"statements":{"total":354,"covered":255,"skipped":0,"pct":72.03},"branches":{"total":68,"covered":35,"skipped":0,"pct":51.47}}
,"/mnt/CZ_BODEGA/010_VSCODE/007_PROYECTOS_WEB/cirujano-front_CLEAN/src/stores/stockMovements.js": {"lines":{"total":6,"covered":6,"skipped":0,"pct":100},"functions":{"total":0,"covered":0,"skipped":0,"pct":100},"statements":{"total":6,"covered":6,"skipped":0,"pct":100},"branches":{"total":0,"covered":0,"skipped":0,"pct":100}}
,"/mnt/CZ_BODEGA/010_VSCODE/007_PROYECTOS_WEB/cirujano-front_CLEAN/src/stores/stockMovements.ts": {"lines":{"total":90,"covered":85,"skipped":0,"pct":94.44},"functions":{"total":3,"covered":2,"skipped":0,"pct":66.66},"statements":{"total":90,"covered":85,"skipped":0,"pct":94.44},"branches":{"total":7,"covered":5,"skipped":0,"pct":71.42}}
,"/mnt/CZ_BODEGA/010_VSCODE/007_PROYECTOS_WEB/cirujano-front_CLEAN/src/stores/users.js": {"lines":{"total":6,"covered":6,"skipped":0,"pct":100},"functions":{"total":0,"covered":0,"skipped":0,"pct":100},"statements":{"total":6,"covered":6,"skipped":0,"pct":100},"branches":{"total":0,"covered":0,"skipped":0,"pct":100}}
,"/mnt/CZ_BODEGA/010_VSCODE/007_PROYECTOS_WEB/cirujano-front_CLEAN/src/stores/users.ts": {"lines":{"total":162,"covered":121,"skipped":0,"pct":74.69},"functions":{"total":7,"covered":4,"skipped":0,"pct":57.14},"statements":{"total":162,"covered":121,"skipped":0,"pct":74.69},"branches":{"total":17,"covered":9,"skipped":0,"pct":52.94}}
,"/mnt/CZ_BODEGA/010_VSCODE/007_PROYECTOS_WEB/cirujano-front_CLEAN/src/utils/repairStatus.js": {"lines":{"total":78,"covered":76,"skipped":0,"pct":97.43},"functions":{"total":5,"covered":5,"skipped":0,"pct":100},"statements":{"total":78,"covered":76,"skipped":0,"pct":97.43},"branches":{"total":12,"covered":6,"skipped":0,"pct":50}}
,"/mnt/CZ_BODEGA/010_VSCODE/007_PROYECTOS_WEB/cirujano-front_CLEAN/src/utils/timezone.ts": {"lines":{"total":173,"covered":173,"skipped":0,"pct":100},"functions":{"total":8,"covered":8,"skipped":0,"pct":100},"statements":{"total":173,"covered":173,"skipped":0,"pct":100},"branches":{"total":50,"covered":38,"skipped":0,"pct":76}}
,"/mnt/CZ_BODEGA/010_VSCODE/007_PROYECTOS_WEB/cirujano-front_CLEAN/src/validation/index.ts": {"lines":{"total":10,"covered":10,"skipped":0,"pct":100},"functions":{"total":2,"covered":2,"skipped":0,"pct":100},"statements":{"total":10,"covered":10,"skipped":0,"pct":100},"branches":{"total":2,"covered":2,"skipped":0,"pct":100}}
,"/mnt/CZ_BODEGA/010_VSCODE/007_PROYECTOS_WEB/cirujano-front_CLEAN/src/validation/numeric.ts": {"lines":{"total":15,"covered":15,"skipped":0,"pct":100},"functions":{"total":2,"covered":2,"skipped":0,"pct":100},"statements":{"total":15,"covered":15,"skipped":0,"pct":100},"branches":{"total":6,"covered":6,"skipped":0,"pct":100}}
,"/mnt/CZ_BODEGA/010_VSCODE/007_PROYECTOS_WEB/cirujano-front_CLEAN/src/validation/physical.ts": {"lines":{"total":22,"covered":22,"skipped":0,"pct":100},"functions":{"total":3,"covered":3,"skipped":0,"pct":100},"statements":{"total":22,"covered":22,"skipped":0,"pct":100},"branches":{"total":6,"covered":6,"skipped":0,"pct":100}}
,"/mnt/CZ_BODEGA/010_VSCODE/007_PROYECTOS_WEB/cirujano-front_CLEAN/src/views/HomeView.vue": {"lines":{"total":12,"covered":12,"skipped":0,"pct":100},"functions":{"total":0,"covered":0,"skipped":0,"pct":100},"statements":{"total":12,"covered":12,"skipped":0,"pct":100},"branches":{"total":0,"covered":0,"skipped":0,"pct":100}}
,"/mnt/CZ_BODEGA/010_VSCODE/007_PROYECTOS_WEB/cirujano-front_CLEAN/src/views/InstrumentDetail.vue": {"lines":{"total":88,"covered":88,"skipped":0,"pct":100},"functions":{"total":2,"covered":2,"skipped":0,"pct":100},"statements":{"total":88,"covered":88,"skipped":0,"pct":100},"branches":{"total":6,"covered":3,"skipped":0,"pct":50}}
,"/mnt/CZ_BODEGA/010_VSCODE/007_PROYECTOS_WEB/cirujano-front_CLEAN/src/views/InventoryUnified.vue": {"lines":{"total":221,"covered":216,"skipped":0,"pct":97.73},"functions":{"total":5,"covered":5,"skipped":0,"pct":100},"statements":{"total":221,"covered":216,"skipped":0,"pct":97.73},"branches":{"total":24,"covered":13,"skipped":0,"pct":54.16}}
,"/mnt/CZ_BODEGA/010_VSCODE/007_PROYECTOS_WEB/cirujano-front_CLEAN/src/views/admin/ErrorDashboard.vue": {"lines":{"total":259,"covered":208,"skipped":0,"pct":80.3},"functions":{"total":8,"covered":4,"skipped":0,"pct":50},"statements":{"total":259,"covered":208,"skipped":0,"pct":80.3},"branches":{"total":33,"covered":27,"skipped":0,"pct":81.81}}
,"/mnt/CZ_BODEGA/010_VSCODE/007_PROYECTOS_WEB/cirujano-front_CLEAN/src/vue/components/admin/AdminToolbar.vue": {"lines":{"total":26,"covered":26,"skipped":0,"pct":100},"functions":{"total":1,"covered":1,"skipped":0,"pct":100},"statements":{"total":26,"covered":26,"skipped":0,"pct":100},"branches":{"total":1,"covered":1,"skipped":0,"pct":100}}
,"/mnt/CZ_BODEGA/010_VSCODE/007_PROYECTOS_WEB/cirujano-front_CLEAN/src/vue/components/admin/CategoryForm.vue": {"lines":{"total":54,"covered":51,"skipped":0,"pct":94.44},"functions":{"total":6,"covered":6,"skipped":0,"pct":100},"statements":{"total":54,"covered":51,"skipped":0,"pct":94.44},"branches":{"total":20,"covered":19,"skipped":0,"pct":95}}
,"/mnt/CZ_BODEGA/010_VSCODE/007_PROYECTOS_WEB/cirujano-front_CLEAN/src/vue/components/admin/CategoryList.vue": {"lines":{"total":45,"covered":45,"skipped":0,"pct":100},"functions":{"total":5,"covered":4,"skipped":0,"pct":80},"statements":{"total":45,"covered":45,"skipped":0,"pct":100},"branches":{"total":6,"covered":5,"skipped":0,"pct":83.33}}
,"/mnt/CZ_BODEGA/010_VSCODE/007_PROYECTOS_WEB/cirujano-front_CLEAN/src/vue/components/admin/CategoryManager.vue": {"lines":{"total":17,"covered":17,"skipped":0,"pct":100},"functions":{"total":0,"covered":0,"skipped":0,"pct":100},"statements":{"total":17,"covered":17,"skipped":0,"pct":100},"branches":{"total":1,"covered":1,"skipped":0,"pct":100}}
,"/mnt/CZ_BODEGA/010_VSCODE/007_PROYECTOS_WEB/cirujano-front_CLEAN/src/vue/components/admin/ClientDetail.vue": {"lines":{"total":279,"covered":279,"skipped":0,"pct":100},"functions":{"total":0,"covered":0,"skipped":0,"pct":100},"statements":{"total":279,"covered":279,"skipped":0,"pct":100},"branches":{"total":0,"covered":0,"skipped":0,"pct":100}}
,"/mnt/CZ_BODEGA/010_VSCODE/007_PROYECTOS_WEB/cirujano-front_CLEAN/src/vue/components/admin/ClientList.vue": {"lines":{"total":19,"covered":19,"skipped":0,"pct":100},"functions":{"total":1,"covered":1,"skipped":0,"pct":100},"statements":{"total":19,"covered":19,"skipped":0,"pct":100},"branches":{"total":3,"covered":3,"skipped":0,"pct":100}}
,"/mnt/CZ_BODEGA/010_VSCODE/007_PROYECTOS_WEB/cirujano-front_CLEAN/src/vue/components/admin/DiagnosticsList.vue": {"lines":{"total":34,"covered":31,"skipped":0,"pct":91.17},"functions":{"total":4,"covered":2,"skipped":0,"pct":50},"statements":{"total":34,"covered":31,"skipped":0,"pct":91.17},"branches":{"total":2,"covered":2,"skipped":0,"pct":100}}
,"/mnt/CZ_BODEGA/010_VSCODE/007_PROYECTOS_WEB/cirujano-front_CLEAN/src/vue/components/admin/InstrumentForm.vue": {"lines":{"total":30,"covered":30,"skipped":0,"pct":100},"functions":{"total":5,"covered":5,"skipped":0,"pct":100},"statements":{"total":30,"covered":30,"skipped":0,"pct":100},"branches":{"total":14,"covered":14,"skipped":0,"pct":100}}
,"/mnt/CZ_BODEGA/010_VSCODE/007_PROYECTOS_WEB/cirujano-front_CLEAN/src/vue/components/admin/InstrumentList.vue": {"lines":{"total":34,"covered":31,"skipped":0,"pct":91.17},"functions":{"total":4,"covered":2,"skipped":0,"pct":50},"statements":{"total":34,"covered":31,"skipped":0,"pct":91.17},"branches":{"total":2,"covered":2,"skipped":0,"pct":100}}
,"/mnt/CZ_BODEGA/010_VSCODE/007_PROYECTOS_WEB/cirujano-front_CLEAN/src/vue/components/admin/IntakeForm.vue": {"lines":{"total":193,"covered":193,"skipped":0,"pct":100},"functions":{"total":17,"covered":9,"skipped":0,"pct":52.94},"statements":{"total":193,"covered":193,"skipped":0,"pct":100},"branches":{"total":61,"covered":57,"skipped":0,"pct":93.44}}
,"/mnt/CZ_BODEGA/010_VSCODE/007_PROYECTOS_WEB/cirujano-front_CLEAN/src/vue/components/admin/InventoryAlerts.vue": {"lines":{"total":77,"covered":77,"skipped":0,"pct":100},"functions":{"total":1,"covered":1,"skipped":0,"pct":100},"statements":{"total":77,"covered":77,"skipped":0,"pct":100},"branches":{"total":26,"covered":18,"skipped":0,"pct":69.23}}
,"/mnt/CZ_BODEGA/010_VSCODE/007_PROYECTOS_WEB/cirujano-front_CLEAN/src/vue/components/admin/InventoryForm.vue": {"lines":{"total":219,"covered":210,"skipped":0,"pct":95.89},"functions":{"total":16,"covered":6,"skipped":0,"pct":37.5},"statements":{"total":219,"covered":210,"skipped":0,"pct":95.89},"branches":{"total":64,"covered":55,"skipped":0,"pct":85.93}}
,"/mnt/CZ_BODEGA/010_VSCODE/007_PROYECTOS_WEB/cirujano-front_CLEAN/src/vue/components/admin/InventoryStockSheet.vue": {"lines":{"total":229,"covered":211,"skipped":0,"pct":92.13},"functions":{"total":20,"covered":11,"skipped":0,"pct":55},"statements":{"total":229,"covered":211,"skipped":0,"pct":92.13},"branches":{"total":58,"covered":40,"skipped":0,"pct":68.96}}
,"/mnt/CZ_BODEGA/010_VSCODE/007_PROYECTOS_WEB/cirujano-front_CLEAN/src/vue/components/admin/InventoryStockStates.vue": {"lines":{"total":118,"covered":118,"skipped":0,"pct":100},"functions":{"total":0,"covered":0,"skipped":0,"pct":100},"statements":{"total":118,"covered":118,"skipped":0,"pct":100},"branches":{"total":0,"covered":0,"skipped":0,"pct":100}}
,"/mnt/CZ_BODEGA/010_VSCODE/007_PROYECTOS_WEB/cirujano-front_CLEAN/src/vue/components/admin/InventoryTable.vue": {"lines":{"total":69,"covered":69,"skipped":0,"pct":100},"functions":{"total":0,"covered":0,"skipped":0,"pct":100},"statements":{"total":69,"covered":69,"skipped":0,"pct":100},"branches":{"total":0,"covered":0,"skipped":0,"pct":100}}
,"/mnt/CZ_BODEGA/010_VSCODE/007_PROYECTOS_WEB/cirujano-front_CLEAN/src/vue/components/admin/KpiZones.vue": {"lines":{"total":181,"covered":181,"skipped":0,"pct":100},"functions":{"total":0,"covered":0,"skipped":0,"pct":100},"statements":{"total":181,"covered":181,"skipped":0,"pct":100},"branches":{"total":0,"covered":0,"skipped":0,"pct":100}}
,"/mnt/CZ_BODEGA/010_VSCODE/007_PROYECTOS_WEB/cirujano-front_CLEAN/src/vue/components/admin/RepairForm.vue": {"lines":{"total":75,"covered":75,"skipped":0,"pct":100},"functions":{"total":0,"covered":0,"skipped":0,"pct":100},"statements":{"total":75,"covered":75,"skipped":0,"pct":100},"branches":{"total":0,"covered":0,"skipped":0,"pct":100}}
,"/mnt/CZ_BODEGA/010_VSCODE/007_PROYECTOS_WEB/cirujano-front_CLEAN/src/vue/components/admin/RepairManager.vue": {"lines":{"total":23,"covered":23,"skipped":0,"pct":100},"functions":{"total":1,"covered":1,"skipped":0,"pct":100},"statements":{"total":23,"covered":23,"skipped":0,"pct":100},"branches":{"total":3,"covered":2,"skipped":0,"pct":66.66}}
,"/mnt/CZ_BODEGA/010_VSCODE/007_PROYECTOS_WEB/cirujano-front_CLEAN/src/vue/components/admin/RepairStatusEditor.vue": {"lines":{"total":19,"covered":19,"skipped":0,"pct":100},"functions":{"total":1,"covered":1,"skipped":0,"pct":100},"statements":{"total":19,"covered":19,"skipped":0,"pct":100},"branches":{"total":1,"covered":1,"skipped":0,"pct":100}}
,"/mnt/CZ_BODEGA/010_VSCODE/007_PROYECTOS_WEB/cirujano-front_CLEAN/src/vue/components/admin/RepairsList.vue": {"lines":{"total":76,"covered":76,"skipped":0,"pct":100},"functions":{"total":0,"covered":0,"skipped":0,"pct":100},"statements":{"total":76,"covered":76,"skipped":0,"pct":100},"branches":{"total":0,"covered":0,"skipped":0,"pct":100}}
,"/mnt/CZ_BODEGA/010_VSCODE/007_PROYECTOS_WEB/cirujano-front_CLEAN/src/vue/components/admin/StatsCards.vue": {"lines":{"total":22,"covered":22,"skipped":0,"pct":100},"functions":{"total":0,"covered":0,"skipped":0,"pct":100},"statements":{"total":22,"covered":22,"skipped":0,"pct":100},"branches":{"total":0,"covered":0,"skipped":0,"pct":100}}
,"/mnt/CZ_BODEGA/010_VSCODE/007_PROYECTOS_WEB/cirujano-front_CLEAN/src/vue/components/admin/StockMovements.vue": {"lines":{"total":29,"covered":29,"skipped":0,"pct":100},"functions":{"total":1,"covered":1,"skipped":0,"pct":100},"statements":{"total":29,"covered":29,"skipped":0,"pct":100},"branches":{"total":3,"covered":3,"skipped":0,"pct":100}}
,"/mnt/CZ_BODEGA/010_VSCODE/007_PROYECTOS_WEB/cirujano-front_CLEAN/src/vue/components/admin/StockMovementsList.vue": {"lines":{"total":33,"covered":33,"skipped":0,"pct":100},"functions":{"total":1,"covered":1,"skipped":0,"pct":100},"statements":{"total":33,"covered":33,"skipped":0,"pct":100},"branches":{"total":2,"covered":2,"skipped":0,"pct":100}}
,"/mnt/CZ_BODEGA/010_VSCODE/007_PROYECTOS_WEB/cirujano-front_CLEAN/src/vue/components/admin/UnifiedIntakeForm.vue": {"lines":{"total":1018,"covered":1018,"skipped":0,"pct":100},"functions":{"total":0,"covered":0,"skipped":0,"pct":100},"statements":{"total":1018,"covered":1018,"skipped":0,"pct":100},"branches":{"total":0,"covered":0,"skipped":0,"pct":100}}
,"/mnt/CZ_BODEGA/010_VSCODE/007_PROYECTOS_WEB/cirujano-front_CLEAN/src/vue/components/admin/UserForm.vue": {"lines":{"total":88,"covered":88,"skipped":0,"pct":100},"functions":{"total":0,"covered":0,"skipped":0,"pct":100},"statements":{"total":88,"covered":88,"skipped":0,"pct":100},"branches":{"total":0,"covered":0,"skipped":0,"pct":100}}
,"/mnt/CZ_BODEGA/010_VSCODE/007_PROYECTOS_WEB/cirujano-front_CLEAN/src/vue/components/admin/UserList.vue": {"lines":{"total":48,"covered":48,"skipped":0,"pct":100},"functions":{"total":0,"covered":0,"skipped":0,"pct":100},"statements":{"total":48,"covered":48,"skipped":0,"pct":100},"branches":{"total":0,"covered":0,"skipped":0,"pct":100}}
,"/mnt/CZ_BODEGA/010_VSCODE/007_PROYECTOS_WEB/cirujano-front_CLEAN/src/vue/components/admin/layout/AdminLayout.vue": {"lines":{"total":40,"covered":40,"skipped":0,"pct":100},"functions":{"total":0,"covered":0,"skipped":0,"pct":100},"statements":{"total":40,"covered":40,"skipped":0,"pct":100},"branches":{"total":0,"covered":0,"skipped":0,"pct":100}}
,"/mnt/CZ_BODEGA/010_VSCODE/007_PROYECTOS_WEB/cirujano-front_CLEAN/src/vue/components/admin/layout/AdminSidebar.vue": {"lines":{"total":53,"covered":53,"skipped":0,"pct":100},"functions":{"total":0,"covered":0,"skipped":0,"pct":100},"statements":{"total":53,"covered":53,"skipped":0,"pct":100},"branches":{"total":0,"covered":0,"skipped":0,"pct":100}}
,"/mnt/CZ_BODEGA/010_VSCODE/007_PROYECTOS_WEB/cirujano-front_CLEAN/src/vue/components/admin/layout/AdminTopbar.vue": {"lines":{"total":112,"covered":112,"skipped":0,"pct":100},"functions":{"total":0,"covered":0,"skipped":0,"pct":100},"statements":{"total":112,"covered":112,"skipped":0,"pct":100},"branches":{"total":0,"covered":0,"skipped":0,"pct":100}}
,"/mnt/CZ_BODEGA/010_VSCODE/007_PROYECTOS_WEB/cirujano-front_CLEAN/src/vue/components/admin/repair/RepairComponentsManager.vue": {"lines":{"total":333,"covered":333,"skipped":0,"pct":100},"functions":{"total":0,"covered":0,"skipped":0,"pct":100},"statements":{"total":333,"covered":333,"skipped":0,"pct":100},"branches":{"total":0,"covered":0,"skipped":0,"pct":100}}
,"/mnt/CZ_BODEGA/010_VSCODE/007_PROYECTOS_WEB/cirujano-front_CLEAN/src/vue/components/admin/repair/RepairCostSummary.vue": {"lines":{"total":261,"covered":253,"skipped":0,"pct":96.93},"functions":{"total":12,"covered":10,"skipped":0,"pct":83.33},"statements":{"total":261,"covered":253,"skipped":0,"pct":96.93},"branches":{"total":62,"covered":48,"skipped":0,"pct":77.41}}
,"/mnt/CZ_BODEGA/010_VSCODE/007_PROYECTOS_WEB/cirujano-front_CLEAN/src/vue/components/admin/repair/RepairStatusChanger.vue": {"lines":{"total":147,"covered":145,"skipped":0,"pct":98.63},"functions":{"total":6,"covered":5,"skipped":0,"pct":83.33},"statements":{"total":147,"covered":145,"skipped":0,"pct":98.63},"branches":{"total":34,"covered":25,"skipped":0,"pct":73.52}}
,"/mnt/CZ_BODEGA/010_VSCODE/007_PROYECTOS_WEB/cirujano-front_CLEAN/src/vue/components/admin/wizard/WizardClientIntake.vue": {"lines":{"total":243,"covered":243,"skipped":0,"pct":100},"functions":{"total":0,"covered":0,"skipped":0,"pct":100},"statements":{"total":243,"covered":243,"skipped":0,"pct":100},"branches":{"total":0,"covered":0,"skipped":0,"pct":100}}
,"/mnt/CZ_BODEGA/010_VSCODE/007_PROYECTOS_WEB/cirujano-front_CLEAN/src/vue/components/admin/wizard/WizardInventoryItem.vue": {"lines":{"total":161,"covered":161,"skipped":0,"pct":100},"functions":{"total":0,"covered":0,"skipped":0,"pct":100},"statements":{"total":161,"covered":161,"skipped":0,"pct":100},"branches":{"total":0,"covered":0,"skipped":0,"pct":100}}
,"/mnt/CZ_BODEGA/010_VSCODE/007_PROYECTOS_WEB/cirujano-front_CLEAN/src/vue/components/admin/wizard/WizardManualUpload.vue": {"lines":{"total":132,"covered":132,"skipped":0,"pct":100},"functions":{"total":0,"covered":0,"skipped":0,"pct":100},"statements":{"total":132,"covered":132,"skipped":0,"pct":100},"branches":{"total":0,"covered":0,"skipped":0,"pct":100}}
,"/mnt/CZ_BODEGA/010_VSCODE/007_PROYECTOS_WEB/cirujano-front_CLEAN/src/vue/components/admin/wizard/WizardMaterialsUsage.vue": {"lines":{"total":36,"covered":36,"skipped":0,"pct":100},"functions":{"total":0,"covered":0,"skipped":0,"pct":100},"statements":{"total":36,"covered":36,"skipped":0,"pct":100},"branches":{"total":0,"covered":0,"skipped":0,"pct":100}}
,"/mnt/CZ_BODEGA/010_VSCODE/007_PROYECTOS_WEB/cirujano-front_CLEAN/src/vue/components/admin/wizard/WizardPurchaseRequest.vue": {"lines":{"total":190,"covered":184,"skipped":0,"pct":96.84},"functions":{"total":13,"covered":7,"skipped":0,"pct":53.84},"statements":{"total":190,"covered":184,"skipped":0,"pct":96.84},"branches":{"total":33,"covered":26,"skipped":0,"pct":78.78}}
,"/mnt/CZ_BODEGA/010_VSCODE/007_PROYECTOS_WEB/cirujano-front_CLEAN/src/vue/components/admin/wizard/WizardShell.vue": {"lines":{"total":45,"covered":45,"skipped":0,"pct":100},"functions":{"total":2,"covered":1,"skipped":0,"pct":50},"statements":{"total":45,"covered":45,"skipped":0,"pct":100},"branches":{"total":4,"covered":4,"skipped":0,"pct":100}}
,"/mnt/CZ_BODEGA/010_VSCODE/007_PROYECTOS_WEB/cirujano-front_CLEAN/src/vue/components/admin/wizard/WizardSignatureRequest.vue": {"lines":{"total":129,"covered":129,"skipped":0,"pct":100},"functions":{"total":0,"covered":0,"skipped":0,"pct":100},"statements":{"total":129,"covered":129,"skipped":0,"pct":100},"branches":{"total":0,"covered":0,"skipped":0,"pct":100}}
,"/mnt/CZ_BODEGA/010_VSCODE/007_PROYECTOS_WEB/cirujano-front_CLEAN/src/vue/components/admin/wizard/WizardTicket.vue": {"lines":{"total":141,"covered":139,"skipped":0,"pct":98.58},"functions":{"total":8,"covered":5,"skipped":0,"pct":62.5},"statements":{"total":141,"covered":139,"skipped":0,"pct":98.58},"branches":{"total":36,"covered":29,"skipped":0,"pct":80.55}}
,"/mnt/CZ_BODEGA/010_VSCODE/007_PROYECTOS_WEB/cirujano-front_CLEAN/src/vue/components/ai/AIAnalysisResult.vue": {"lines":{"total":16,"covered":16,"skipped":0,"pct":100},"functions":{"total":0,"covered":0,"skipped":0,"pct":100},"statements":{"total":16,"covered":16,"skipped":0,"pct":100},"branches":{"total":1,"covered":1,"skipped":0,"pct":100}}
,"/mnt/CZ_BODEGA/010_VSCODE/007_PROYECTOS_WEB/cirujano-front_CLEAN/src/vue/components/ai/FaultDetector.vue": {"lines":{"total":29,"covered":29,"skipped":0,"pct":100},"functions":{"total":2,"covered":2,"skipped":0,"pct":100},"statements":{"total":29,"covered":29,"skipped":0,"pct":100},"branches":{"total":7,"covered":5,"skipped":0,"pct":71.42}}
,"/mnt/CZ_BODEGA/010_VSCODE/007_PROYECTOS_WEB/cirujano-front_CLEAN/src/vue/components/ai/FaultMarker.vue": {"lines":{"total":10,"covered":10,"skipped":0,"pct":100},"functions":{"total":0,"covered":0,"skipped":0,"pct":100},"statements":{"total":10,"covered":10,"skipped":0,"pct":100},"branches":{"total":1,"covered":1,"skipped":0,"pct":100}}
,"/mnt/CZ_BODEGA/010_VSCODE/007_PROYECTOS_WEB/cirujano-front_CLEAN/src/vue/components/ai/ImageUploader.vue": {"lines":{"total":20,"covered":20,"skipped":0,"pct":100},"functions":{"total":1,"covered":1,"skipped":0,"pct":100},"statements":{"total":20,"covered":20,"skipped":0,"pct":100},"branches":{"total":2,"covered":1,"skipped":0,"pct":50}}
,"/mnt/CZ_BODEGA/010_VSCODE/007_PROYECTOS_WEB/cirujano-front_CLEAN/src/vue/components/ai/QuoteGenerator.vue": {"lines":{"total":62,"covered":62,"skipped":0,"pct":100},"functions":{"total":4,"covered":4,"skipped":0,"pct":100},"statements":{"total":62,"covered":62,"skipped":0,"pct":100},"branches":{"total":17,"covered":15,"skipped":0,"pct":88.23}}
,"/mnt/CZ_BODEGA/010_VSCODE/007_PROYECTOS_WEB/cirujano-front_CLEAN/src/vue/components/articles/ArticleCustomContent.vue": {"lines":{"total":12,"covered":12,"skipped":0,"pct":100},"functions":{"total":0,"covered":0,"skipped":0,"pct":100},"statements":{"total":12,"covered":12,"skipped":0,"pct":100},"branches":{"total":0,"covered":0,"skipped":0,"pct":100}}
,"/mnt/CZ_BODEGA/010_VSCODE/007_PROYECTOS_WEB/cirujano-front_CLEAN/src/vue/components/articles/ArticleFaq.vue": {"lines":{"total":16,"covered":16,"skipped":0,"pct":100},"functions":{"total":0,"covered":0,"skipped":0,"pct":100},"statements":{"total":16,"covered":16,"skipped":0,"pct":100},"branches":{"total":0,"covered":0,"skipped":0,"pct":100}}
,"/mnt/CZ_BODEGA/010_VSCODE/007_PROYECTOS_WEB/cirujano-front_CLEAN/src/vue/components/articles/ArticleFeatures.vue": {"lines":{"total":8,"covered":8,"skipped":0,"pct":100},"functions":{"total":0,"covered":0,"skipped":0,"pct":100},"statements":{"total":8,"covered":8,"skipped":0,"pct":100},"branches":{"total":0,"covered":0,"skipped":0,"pct":100}}
,"/mnt/CZ_BODEGA/010_VSCODE/007_PROYECTOS_WEB/cirujano-front_CLEAN/src/vue/components/articles/ArticleInfoBlock.vue": {"lines":{"total":29,"covered":29,"skipped":0,"pct":100},"functions":{"total":0,"covered":0,"skipped":0,"pct":100},"statements":{"total":29,"covered":29,"skipped":0,"pct":100},"branches":{"total":2,"covered":1,"skipped":0,"pct":50}}
,"/mnt/CZ_BODEGA/010_VSCODE/007_PROYECTOS_WEB/cirujano-front_CLEAN/src/vue/components/articles/ArticleParagraph.vue": {"lines":{"total":39,"covered":39,"skipped":0,"pct":100},"functions":{"total":0,"covered":0,"skipped":0,"pct":100},"statements":{"total":39,"covered":39,"skipped":0,"pct":100},"branches":{"total":0,"covered":0,"skipped":0,"pct":100}}
,"/mnt/CZ_BODEGA/010_VSCODE/007_PROYECTOS_WEB/cirujano-front_CLEAN/src/vue/components/articles/ArticlePortfolio.vue": {"lines":{"total":37,"covered":37,"skipped":0,"pct":100},"functions":{"total":0,"covered":0,"skipped":0,"pct":100},"statements":{"total":37,"covered":37,"skipped":0,"pct":100},"branches":{"total":8,"covered":5,"skipped":0,"pct":62.5}}
,"/mnt/CZ_BODEGA/010_VSCODE/007_PROYECTOS_WEB/cirujano-front_CLEAN/src/vue/components/articles/ArticleProjectGrid.vue": {"lines":{"total":64,"covered":64,"skipped":0,"pct":100},"functions":{"total":0,"covered":0,"skipped":0,"pct":100},"statements":{"total":64,"covered":64,"skipped":0,"pct":100},"branches":{"total":0,"covered":0,"skipped":0,"pct":100}}
,"/mnt/CZ_BODEGA/010_VSCODE/007_PROYECTOS_WEB/cirujano-front_CLEAN/src/vue/components/articles/ArticleQuotes.vue": {"lines":{"total":33,"covered":33,"skipped":0,"pct":100},"functions":{"total":0,"covered":0,"skipped":0,"pct":100},"statements":{"total":33,"covered":33,"skipped":0,"pct":100},"branches":{"total":0,"covered":0,"skipped":0,"pct":100}}
,"/mnt/CZ_BODEGA/010_VSCODE/007_PROYECTOS_WEB/cirujano-front_CLEAN/src/vue/components/articles/ArticleTeamMembers.vue": {"lines":{"total":12,"covered":12,"skipped":0,"pct":100},"functions":{"total":0,"covered":0,"skipped":0,"pct":100},"statements":{"total":12,"covered":12,"skipped":0,"pct":100},"branches":{"total":0,"covered":0,"skipped":0,"pct":100}}
,"/mnt/CZ_BODEGA/010_VSCODE/007_PROYECTOS_WEB/cirujano-front_CLEAN/src/vue/components/articles/ArticleTestimonials.vue": {"lines":{"total":33,"covered":33,"skipped":0,"pct":100},"functions":{"total":0,"covered":0,"skipped":0,"pct":100},"statements":{"total":33,"covered":33,"skipped":0,"pct":100},"branches":{"total":0,"covered":0,"skipped":0,"pct":100}}
,"/mnt/CZ_BODEGA/010_VSCODE/007_PROYECTOS_WEB/cirujano-front_CLEAN/src/vue/components/articles/ArticleTimeline.vue": {"lines":{"total":13,"covered":13,"skipped":0,"pct":100},"functions":{"total":0,"covered":0,"skipped":0,"pct":100},"statements":{"total":13,"covered":13,"skipped":0,"pct":100},"branches":{"total":0,"covered":0,"skipped":0,"pct":100}}
,"/mnt/CZ_BODEGA/010_VSCODE/007_PROYECTOS_WEB/cirujano-front_CLEAN/src/vue/components/articles/DiagnosticWizard.vue": {"lines":{"total":443,"covered":347,"skipped":0,"pct":78.32},"functions":{"total":17,"covered":1,"skipped":0,"pct":5.88},"statements":{"total":443,"covered":347,"skipped":0,"pct":78.32},"branches":{"total":14,"covered":8,"skipped":0,"pct":57.14}}
,"/mnt/CZ_BODEGA/010_VSCODE/007_PROYECTOS_WEB/cirujano-front_CLEAN/src/vue/components/articles/items/ItemFaqQuestion.vue": {"lines":{"total":37,"covered":37,"skipped":0,"pct":100},"functions":{"total":0,"covered":0,"skipped":0,"pct":100},"statements":{"total":37,"covered":37,"skipped":0,"pct":100},"branches":{"total":0,"covered":0,"skipped":0,"pct":100}}
,"/mnt/CZ_BODEGA/010_VSCODE/007_PROYECTOS_WEB/cirujano-front_CLEAN/src/vue/components/articles/items/ItemFeature.vue": {"lines":{"total":38,"covered":38,"skipped":0,"pct":100},"functions":{"total":0,"covered":0,"skipped":0,"pct":100},"statements":{"total":38,"covered":38,"skipped":0,"pct":100},"branches":{"total":0,"covered":0,"skipped":0,"pct":100}}
,"/mnt/CZ_BODEGA/010_VSCODE/007_PROYECTOS_WEB/cirujano-front_CLEAN/src/vue/components/articles/items/ItemProjectGrid.vue": {"lines":{"total":114,"covered":114,"skipped":0,"pct":100},"functions":{"total":0,"covered":0,"skipped":0,"pct":100},"statements":{"total":114,"covered":114,"skipped":0,"pct":100},"branches":{"total":0,"covered":0,"skipped":0,"pct":100}}
,"/mnt/CZ_BODEGA/010_VSCODE/007_PROYECTOS_WEB/cirujano-front_CLEAN/src/vue/components/articles/items/ItemQuote.vue": {"lines":{"total":57,"covered":57,"skipped":0,"pct":100},"functions":{"total":0,"covered":0,"skipped":0,"pct":100},"statements":{"total":57,"covered":57,"skipped":0,"pct":100},"branches":{"total":2,"covered":2,"skipped":0,"pct":100}}
,"/mnt/CZ_BODEGA/010_VSCODE/007_PROYECTOS_WEB/cirujano-front_CLEAN/src/vue/components/articles/items/ItemTeamMember.vue": {"lines":{"total":37,"covered":37,"skipped":0,"pct":100},"functions":{"total":0,"covered":0,"skipped":0,"pct":100},"statements":{"total":37,"covered":37,"skipped":0,"pct":100},"branches":{"total":0,"covered":0,"skipped":0,"pct":100}}
,"/mnt/CZ_BODEGA/010_VSCODE/007_PROYECTOS_WEB/cirujano-front_CLEAN/src/vue/components/articles/items/ItemTestimonial.vue": {"lines":{"total":59,"covered":59,"skipped":0,"pct":100},"functions":{"total":0,"covered":0,"skipped":0,"pct":100},"statements":{"total":59,"covered":59,"skipped":0,"pct":100},"branches":{"total":0,"covered":0,"skipped":0,"pct":100}}
,"/mnt/CZ_BODEGA/010_VSCODE/007_PROYECTOS_WEB/cirujano-front_CLEAN/src/vue/components/articles/items/ItemTimelineEntry.vue": {"lines":{"total":69,"covered":69,"skipped":0,"pct":100},"functions":{"total":0,"covered":0,"skipped":0,"pct":100},"statements":{"total":69,"covered":69,"skipped":0,"pct":100},"branches":{"total":9,"covered":8,"skipped":0,"pct":88.88}}
,"/mnt/CZ_BODEGA/010_VSCODE/007_PROYECTOS_WEB/cirujano-front_CLEAN/src/vue/components/auth/AccountDelete.vue": {"lines":{"total":10,"covered":10,"skipped":0,"pct":100},"functions":{"total":1,"covered":1,"skipped":0,"pct":100},"statements":{"total":10,"covered":10,"skipped":0,"pct":100},"branches":{"total":1,"covered":1,"skipped":0,"pct":100}}
,"/mnt/CZ_BODEGA/010_VSCODE/007_PROYECTOS_WEB/cirujano-front_CLEAN/src/vue/components/auth/LoginForm.vue": {"lines":{"total":181,"covered":173,"skipped":0,"pct":95.58},"functions":{"total":8,"covered":7,"skipped":0,"pct":87.5},"statements":{"total":181,"covered":173,"skipped":0,"pct":95.58},"branches":{"total":43,"covered":32,"skipped":0,"pct":74.41}}
,"/mnt/CZ_BODEGA/010_VSCODE/007_PROYECTOS_WEB/cirujano-front_CLEAN/src/vue/components/auth/PasswordReset.vue": {"lines":{"total":123,"covered":121,"skipped":0,"pct":98.37},"functions":{"total":10,"covered":7,"skipped":0,"pct":70},"statements":{"total":123,"covered":121,"skipped":0,"pct":98.37},"branches":{"total":36,"covered":28,"skipped":0,"pct":77.77}}
,"/mnt/CZ_BODEGA/010_VSCODE/007_PROYECTOS_WEB/cirujano-front_CLEAN/src/vue/components/auth/RegisterForm.vue": {"lines":{"total":77,"covered":77,"skipped":0,"pct":100},"functions":{"total":8,"covered":8,"skipped":0,"pct":100},"statements":{"total":77,"covered":77,"skipped":0,"pct":100},"branches":{"total":32,"covered":30,"skipped":0,"pct":93.75}}
,"/mnt/CZ_BODEGA/010_VSCODE/007_PROYECTOS_WEB/cirujano-front_CLEAN/src/vue/components/common/OptimizedImage.vue": {"lines":{"total":72,"covered":72,"skipped":0,"pct":100},"functions":{"total":0,"covered":0,"skipped":0,"pct":100},"statements":{"total":72,"covered":72,"skipped":0,"pct":100},"branches":{"total":2,"covered":2,"skipped":0,"pct":100}}
,"/mnt/CZ_BODEGA/010_VSCODE/007_PROYECTOS_WEB/cirujano-front_CLEAN/src/vue/components/dashboard/DashboardPanel.vue": {"lines":{"total":13,"covered":13,"skipped":0,"pct":100},"functions":{"total":0,"covered":0,"skipped":0,"pct":100},"statements":{"total":13,"covered":13,"skipped":0,"pct":100},"branches":{"total":0,"covered":0,"skipped":0,"pct":100}}
,"/mnt/CZ_BODEGA/010_VSCODE/007_PROYECTOS_WEB/cirujano-front_CLEAN/src/vue/components/dashboard/QuickStats.vue": {"lines":{"total":22,"covered":22,"skipped":0,"pct":100},"functions":{"total":0,"covered":0,"skipped":0,"pct":100},"statements":{"total":22,"covered":22,"skipped":0,"pct":100},"branches":{"total":3,"covered":3,"skipped":0,"pct":100}}
,"/mnt/CZ_BODEGA/010_VSCODE/007_PROYECTOS_WEB/cirujano-front_CLEAN/src/vue/components/dashboard/RepairCard.vue": {"lines":{"total":33,"covered":33,"skipped":0,"pct":100},"functions":{"total":2,"covered":2,"skipped":0,"pct":100},"statements":{"total":33,"covered":33,"skipped":0,"pct":100},"branches":{"total":7,"covered":2,"skipped":0,"pct":28.57}}
,"/mnt/CZ_BODEGA/010_VSCODE/007_PROYECTOS_WEB/cirujano-front_CLEAN/src/vue/components/dashboard/RepairTimeline.vue": {"lines":{"total":23,"covered":23,"skipped":0,"pct":100},"functions":{"total":1,"covered":1,"skipped":0,"pct":100},"statements":{"total":23,"covered":23,"skipped":0,"pct":100},"branches":{"total":6,"covered":2,"skipped":0,"pct":33.33}}
,"/mnt/CZ_BODEGA/010_VSCODE/007_PROYECTOS_WEB/cirujano-front_CLEAN/src/vue/components/dashboard/RepairsList.vue": {"lines":{"total":21,"covered":21,"skipped":0,"pct":100},"functions":{"total":1,"covered":1,"skipped":0,"pct":100},"statements":{"total":21,"covered":21,"skipped":0,"pct":100},"branches":{"total":3,"covered":2,"skipped":0,"pct":66.66}}
,"/mnt/CZ_BODEGA/010_VSCODE/007_PROYECTOS_WEB/cirujano-front_CLEAN/src/vue/components/dashboard/StatusBadge.vue": {"lines":{"total":17,"covered":17,"skipped":0,"pct":100},"functions":{"total":0,"covered":0,"skipped":0,"pct":100},"statements":{"total":17,"covered":17,"skipped":0,"pct":100},"branches":{"total":3,"covered":2,"skipped":0,"pct":66.66}}
,"/mnt/CZ_BODEGA/010_VSCODE/007_PROYECTOS_WEB/cirujano-front_CLEAN/src/vue/components/dashboard/UserProfile.vue": {"lines":{"total":18,"covered":18,"skipped":0,"pct":100},"functions":{"total":0,"covered":0,"skipped":0,"pct":100},"statements":{"total":18,"covered":18,"skipped":0,"pct":100},"branches":{"total":5,"covered":5,"skipped":0,"pct":100}}
,"/mnt/CZ_BODEGA/010_VSCODE/007_PROYECTOS_WEB/cirujano-front_CLEAN/src/vue/components/footer/Footer.vue": {"lines":{"total":8,"covered":8,"skipped":0,"pct":100},"functions":{"total":0,"covered":0,"skipped":0,"pct":100},"statements":{"total":8,"covered":8,"skipped":0,"pct":100},"branches":{"total":0,"covered":0,"skipped":0,"pct":100}}
,"/mnt/CZ_BODEGA/010_VSCODE/007_PROYECTOS_WEB/cirujano-front_CLEAN/src/vue/components/footer/FooterBlock.vue": {"lines":{"total":26,"covered":26,"skipped":0,"pct":100},"functions":{"total":0,"covered":0,"skipped":0,"pct":100},"statements":{"total":26,"covered":26,"skipped":0,"pct":100},"branches":{"total":4,"covered":4,"skipped":0,"pct":100}}
,"/mnt/CZ_BODEGA/010_VSCODE/007_PROYECTOS_WEB/cirujano-front_CLEAN/src/vue/components/footer/FooterColumn.vue": {"lines":{"total":59,"covered":59,"skipped":0,"pct":100},"functions":{"total":0,"covered":0,"skipped":0,"pct":100},"statements":{"total":59,"covered":59,"skipped":0,"pct":100},"branches":{"total":2,"covered":2,"skipped":0,"pct":100}}
,"/mnt/CZ_BODEGA/010_VSCODE/007_PROYECTOS_WEB/cirujano-front_CLEAN/src/vue/components/footer/FooterCopyright.vue": {"lines":{"total":26,"covered":26,"skipped":0,"pct":100},"functions":{"total":0,"covered":0,"skipped":0,"pct":100},"statements":{"total":26,"covered":26,"skipped":0,"pct":100},"branches":{"total":1,"covered":1,"skipped":0,"pct":100}}
,"/mnt/CZ_BODEGA/010_VSCODE/007_PROYECTOS_WEB/cirujano-front_CLEAN/src/vue/components/footer/WorkshopFooter.vue": {"lines":{"total":68,"covered":68,"skipped":0,"pct":100},"functions":{"total":0,"covered":0,"skipped":0,"pct":100},"statements":{"total":68,"covered":68,"skipped":0,"pct":100},"branches":{"total":0,"covered":0,"skipped":0,"pct":100}}
,"/mnt/CZ_BODEGA/010_VSCODE/007_PROYECTOS_WEB/cirujano-front_CLEAN/src/vue/components/forms/contact/ContactForm.vue": {"lines":{"total":139,"covered":139,"skipped":0,"pct":100},"functions":{"total":0,"covered":0,"skipped":0,"pct":100},"statements":{"total":139,"covered":139,"skipped":0,"pct":100},"branches":{"total":0,"covered":0,"skipped":0,"pct":100}}
,"/mnt/CZ_BODEGA/010_VSCODE/007_PROYECTOS_WEB/cirujano-front_CLEAN/src/vue/components/forms/contact/ContactFormFields.vue": {"lines":{"total":96,"covered":96,"skipped":0,"pct":100},"functions":{"total":0,"covered":0,"skipped":0,"pct":100},"statements":{"total":96,"covered":96,"skipped":0,"pct":100},"branches":{"total":0,"covered":0,"skipped":0,"pct":100}}
,"/mnt/CZ_BODEGA/010_VSCODE/007_PROYECTOS_WEB/cirujano-front_CLEAN/src/vue/components/forms/contact/ContactFormSuccess.vue": {"lines":{"total":31,"covered":31,"skipped":0,"pct":100},"functions":{"total":0,"covered":0,"skipped":0,"pct":100},"statements":{"total":31,"covered":31,"skipped":0,"pct":100},"branches":{"total":0,"covered":0,"skipped":0,"pct":100}}
,"/mnt/CZ_BODEGA/010_VSCODE/007_PROYECTOS_WEB/cirujano-front_CLEAN/src/vue/components/generic/ImageView.vue": {"lines":{"total":90,"covered":90,"skipped":0,"pct":100},"functions":{"total":0,"covered":0,"skipped":0,"pct":100},"statements":{"total":90,"covered":90,"skipped":0,"pct":100},"branches":{"total":0,"covered":0,"skipped":0,"pct":100}}
,"/mnt/CZ_BODEGA/010_VSCODE/007_PROYECTOS_WEB/cirujano-front_CLEAN/src/vue/components/generic/Link.vue": {"lines":{"total":61,"covered":61,"skipped":0,"pct":100},"functions":{"total":0,"covered":0,"skipped":0,"pct":100},"statements":{"total":61,"covered":61,"skipped":0,"pct":100},"branches":{"total":0,"covered":0,"skipped":0,"pct":100}}
,"/mnt/CZ_BODEGA/010_VSCODE/007_PROYECTOS_WEB/cirujano-front_CLEAN/src/vue/components/layout/BackgroundPromo.vue": {"lines":{"total":11,"covered":11,"skipped":0,"pct":100},"functions":{"total":0,"covered":0,"skipped":0,"pct":100},"statements":{"total":11,"covered":11,"skipped":0,"pct":100},"branches":{"total":0,"covered":0,"skipped":0,"pct":100}}
,"/mnt/CZ_BODEGA/010_VSCODE/007_PROYECTOS_WEB/cirujano-front_CLEAN/src/vue/components/layout/PageHeader.vue": {"lines":{"total":120,"covered":120,"skipped":0,"pct":100},"functions":{"total":0,"covered":0,"skipped":0,"pct":100},"statements":{"total":120,"covered":120,"skipped":0,"pct":100},"branches":{"total":0,"covered":0,"skipped":0,"pct":100}}
,"/mnt/CZ_BODEGA/010_VSCODE/007_PROYECTOS_WEB/cirujano-front_CLEAN/src/vue/components/layout/PageSection.vue": {"lines":{"total":73,"covered":73,"skipped":0,"pct":100},"functions":{"total":0,"covered":0,"skipped":0,"pct":100},"statements":{"total":73,"covered":73,"skipped":0,"pct":100},"branches":{"total":0,"covered":0,"skipped":0,"pct":100}}
,"/mnt/CZ_BODEGA/010_VSCODE/007_PROYECTOS_WEB/cirujano-front_CLEAN/src/vue/components/layout/PageSectionContent.vue": {"lines":{"total":8,"covered":8,"skipped":0,"pct":100},"functions":{"total":0,"covered":0,"skipped":0,"pct":100},"statements":{"total":8,"covered":8,"skipped":0,"pct":100},"branches":{"total":0,"covered":0,"skipped":0,"pct":100}}
,"/mnt/CZ_BODEGA/010_VSCODE/007_PROYECTOS_WEB/cirujano-front_CLEAN/src/vue/components/layout/PageSectionFooter.vue": {"lines":{"total":54,"covered":54,"skipped":0,"pct":100},"functions":{"total":0,"covered":0,"skipped":0,"pct":100},"statements":{"total":54,"covered":54,"skipped":0,"pct":100},"branches":{"total":0,"covered":0,"skipped":0,"pct":100}}
,"/mnt/CZ_BODEGA/010_VSCODE/007_PROYECTOS_WEB/cirujano-front_CLEAN/src/vue/components/layout/PageSectionHeader.vue": {"lines":{"total":27,"covered":27,"skipped":0,"pct":100},"functions":{"total":0,"covered":0,"skipped":0,"pct":100},"statements":{"total":27,"covered":27,"skipped":0,"pct":100},"branches":{"total":0,"covered":0,"skipped":0,"pct":100}}
,"/mnt/CZ_BODEGA/010_VSCODE/007_PROYECTOS_WEB/cirujano-front_CLEAN/src/vue/components/layout/PageWrapper.vue": {"lines":{"total":33,"covered":33,"skipped":0,"pct":100},"functions":{"total":0,"covered":0,"skipped":0,"pct":100},"statements":{"total":33,"covered":33,"skipped":0,"pct":100},"branches":{"total":3,"covered":1,"skipped":0,"pct":33.33}}
,"/mnt/CZ_BODEGA/010_VSCODE/007_PROYECTOS_WEB/cirujano-front_CLEAN/src/vue/components/loaders/ActivitySpinner.vue": {"lines":{"total":20,"covered":20,"skipped":0,"pct":100},"functions":{"total":0,"covered":0,"skipped":0,"pct":100},"statements":{"total":20,"covered":20,"skipped":0,"pct":100},"branches":{"total":0,"covered":0,"skipped":0,"pct":100}}
,"/mnt/CZ_BODEGA/010_VSCODE/007_PROYECTOS_WEB/cirujano-front_CLEAN/src/vue/components/loaders/Loader.vue": {"lines":{"total":238,"covered":224,"skipped":0,"pct":94.11},"functions":{"total":11,"covered":10,"skipped":0,"pct":90.9},"statements":{"total":238,"covered":224,"skipped":0,"pct":94.11},"branches":{"total":44,"covered":38,"skipped":0,"pct":86.36}}
,"/mnt/CZ_BODEGA/010_VSCODE/007_PROYECTOS_WEB/cirujano-front_CLEAN/src/vue/components/modals/AppointmentModal.vue": {"lines":{"total":270,"covered":270,"skipped":0,"pct":100},"functions":{"total":0,"covered":0,"skipped":0,"pct":100},"statements":{"total":270,"covered":270,"skipped":0,"pct":100},"branches":{"total":0,"covered":0,"skipped":0,"pct":100}}
,"/mnt/CZ_BODEGA/010_VSCODE/007_PROYECTOS_WEB/cirujano-front_CLEAN/src/vue/components/nav/Navigation.vue": {"lines":{"total":40,"covered":40,"skipped":0,"pct":100},"functions":{"total":0,"covered":0,"skipped":0,"pct":100},"statements":{"total":40,"covered":40,"skipped":0,"pct":100},"branches":{"total":0,"covered":0,"skipped":0,"pct":100}}
,"/mnt/CZ_BODEGA/010_VSCODE/007_PROYECTOS_WEB/cirujano-front_CLEAN/src/vue/components/nav/navbar/Navbar.vue": {"lines":{"total":70,"covered":70,"skipped":0,"pct":100},"functions":{"total":0,"covered":0,"skipped":0,"pct":100},"statements":{"total":70,"covered":70,"skipped":0,"pct":100},"branches":{"total":0,"covered":0,"skipped":0,"pct":100}}
,"/mnt/CZ_BODEGA/010_VSCODE/007_PROYECTOS_WEB/cirujano-front_CLEAN/src/vue/components/nav/navbar/NavbarBrand.vue": {"lines":{"total":33,"covered":33,"skipped":0,"pct":100},"functions":{"total":0,"covered":0,"skipped":0,"pct":100},"statements":{"total":33,"covered":33,"skipped":0,"pct":100},"branches":{"total":0,"covered":0,"skipped":0,"pct":100}}
,"/mnt/CZ_BODEGA/010_VSCODE/007_PROYECTOS_WEB/cirujano-front_CLEAN/src/vue/components/nav/navbar/NavbarLinks.vue": {"lines":{"total":71,"covered":71,"skipped":0,"pct":100},"functions":{"total":0,"covered":0,"skipped":0,"pct":100},"statements":{"total":71,"covered":71,"skipped":0,"pct":100},"branches":{"total":0,"covered":0,"skipped":0,"pct":100}}
,"/mnt/CZ_BODEGA/010_VSCODE/007_PROYECTOS_WEB/cirujano-front_CLEAN/src/vue/components/nav/navbar/NavbarToggleButton.vue": {"lines":{"total":22,"covered":22,"skipped":0,"pct":100},"functions":{"total":0,"covered":0,"skipped":0,"pct":100},"statements":{"total":22,"covered":22,"skipped":0,"pct":100},"branches":{"total":0,"covered":0,"skipped":0,"pct":100}}
,"/mnt/CZ_BODEGA/010_VSCODE/007_PROYECTOS_WEB/cirujano-front_CLEAN/src/vue/components/nav/navbar-wrappers/InPageNavbar.vue": {"lines":{"total":129,"covered":129,"skipped":0,"pct":100},"functions":{"total":0,"covered":0,"skipped":0,"pct":100},"statements":{"total":129,"covered":129,"skipped":0,"pct":100},"branches":{"total":0,"covered":0,"skipped":0,"pct":100}}
,"/mnt/CZ_BODEGA/010_VSCODE/007_PROYECTOS_WEB/cirujano-front_CLEAN/src/vue/components/nav/navbar-wrappers/RouteNavbar.vue": {"lines":{"total":60,"covered":60,"skipped":0,"pct":100},"functions":{"total":0,"covered":0,"skipped":0,"pct":100},"statements":{"total":60,"covered":60,"skipped":0,"pct":100},"branches":{"total":0,"covered":0,"skipped":0,"pct":100}}
,"/mnt/CZ_BODEGA/010_VSCODE/007_PROYECTOS_WEB/cirujano-front_CLEAN/src/vue/components/projects/ProjectInfo.vue": {"lines":{"total":24,"covered":24,"skipped":0,"pct":100},"functions":{"total":0,"covered":0,"skipped":0,"pct":100},"statements":{"total":24,"covered":24,"skipped":0,"pct":100},"branches":{"total":0,"covered":0,"skipped":0,"pct":100}}
,"/mnt/CZ_BODEGA/010_VSCODE/007_PROYECTOS_WEB/cirujano-front_CLEAN/src/vue/components/projects/ProjectInfoContent.vue": {"lines":{"total":76,"covered":76,"skipped":0,"pct":100},"functions":{"total":0,"covered":0,"skipped":0,"pct":100},"statements":{"total":76,"covered":76,"skipped":0,"pct":100},"branches":{"total":2,"covered":2,"skipped":0,"pct":100}}
,"/mnt/CZ_BODEGA/010_VSCODE/007_PROYECTOS_WEB/cirujano-front_CLEAN/src/vue/components/projects/ProjectInfoFeaturedContent.vue": {"lines":{"total":44,"covered":44,"skipped":0,"pct":100},"functions":{"total":0,"covered":0,"skipped":0,"pct":100},"statements":{"total":44,"covered":44,"skipped":0,"pct":100},"branches":{"total":0,"covered":0,"skipped":0,"pct":100}}
,"/mnt/CZ_BODEGA/010_VSCODE/007_PROYECTOS_WEB/cirujano-front_CLEAN/src/vue/components/projects/ProjectModal.vue": {"lines":{"total":75,"covered":75,"skipped":0,"pct":100},"functions":{"total":2,"covered":2,"skipped":0,"pct":100},"statements":{"total":75,"covered":75,"skipped":0,"pct":100},"branches":{"total":7,"covered":6,"skipped":0,"pct":85.71}}
,"/mnt/CZ_BODEGA/010_VSCODE/007_PROYECTOS_WEB/cirujano-front_CLEAN/src/vue/components/quotation/DisclaimerModal.vue": {"lines":{"total":79,"covered":79,"skipped":0,"pct":100},"functions":{"total":3,"covered":3,"skipped":0,"pct":100},"statements":{"total":79,"covered":79,"skipped":0,"pct":100},"branches":{"total":9,"covered":9,"skipped":0,"pct":100}}
,"/mnt/CZ_BODEGA/010_VSCODE/007_PROYECTOS_WEB/cirujano-front_CLEAN/src/vue/components/quotation/InstrumentSelector.vue": {"lines":{"total":187,"covered":181,"skipped":0,"pct":96.79},"functions":{"total":10,"covered":9,"skipped":0,"pct":90},"statements":{"total":187,"covered":181,"skipped":0,"pct":96.79},"branches":{"total":32,"covered":22,"skipped":0,"pct":68.75}}
,"/mnt/CZ_BODEGA/010_VSCODE/007_PROYECTOS_WEB/cirujano-front_CLEAN/src/vue/components/quotation/InteractiveInstrumentDiagnostic.vue": {"lines":{"total":1026,"covered":1026,"skipped":0,"pct":100},"functions":{"total":0,"covered":0,"skipped":0,"pct":100},"statements":{"total":1026,"covered":1026,"skipped":0,"pct":100},"branches":{"total":0,"covered":0,"skipped":0,"pct":100}}
,"/mnt/CZ_BODEGA/010_VSCODE/007_PROYECTOS_WEB/cirujano-front_CLEAN/src/vue/components/quotation/QuotationResult.vue": {"lines":{"total":139,"covered":139,"skipped":0,"pct":100},"functions":{"total":5,"covered":5,"skipped":0,"pct":100},"statements":{"total":139,"covered":139,"skipped":0,"pct":100},"branches":{"total":11,"covered":5,"skipped":0,"pct":45.45}}
,"/mnt/CZ_BODEGA/010_VSCODE/007_PROYECTOS_WEB/cirujano-front_CLEAN/src/vue/components/system/ToastNotification.vue": {"lines":{"total":65,"covered":65,"skipped":0,"pct":100},"functions":{"total":8,"covered":4,"skipped":0,"pct":50},"statements":{"total":65,"covered":65,"skipped":0,"pct":100},"branches":{"total":7,"covered":6,"skipped":0,"pct":85.71}}
,"/mnt/CZ_BODEGA/010_VSCODE/007_PROYECTOS_WEB/cirujano-front_CLEAN/src/vue/components/widgets/Alert.vue": {"lines":{"total":28,"covered":28,"skipped":0,"pct":100},"functions":{"total":0,"covered":0,"skipped":0,"pct":100},"statements":{"total":28,"covered":28,"skipped":0,"pct":100},"branches":{"total":0,"covered":0,"skipped":0,"pct":100}}
,"/mnt/CZ_BODEGA/010_VSCODE/007_PROYECTOS_WEB/cirujano-front_CLEAN/src/vue/components/widgets/Breadcrumbs.vue": {"lines":{"total":54,"covered":54,"skipped":0,"pct":100},"functions":{"total":0,"covered":0,"skipped":0,"pct":100},"statements":{"total":54,"covered":54,"skipped":0,"pct":100},"branches":{"total":0,"covered":0,"skipped":0,"pct":100}}
,"/mnt/CZ_BODEGA/010_VSCODE/007_PROYECTOS_WEB/cirujano-front_CLEAN/src/vue/components/widgets/CircleIcon.vue": {"lines":{"total":16,"covered":16,"skipped":0,"pct":100},"functions":{"total":0,"covered":0,"skipped":0,"pct":100},"statements":{"total":16,"covered":16,"skipped":0,"pct":100},"branches":{"total":0,"covered":0,"skipped":0,"pct":100}}
,"/mnt/CZ_BODEGA/010_VSCODE/007_PROYECTOS_WEB/cirujano-front_CLEAN/src/vue/components/widgets/Divider.vue": {"lines":{"total":10,"covered":10,"skipped":0,"pct":100},"functions":{"total":0,"covered":0,"skipped":0,"pct":100},"statements":{"total":10,"covered":10,"skipped":0,"pct":100},"branches":{"total":0,"covered":0,"skipped":0,"pct":100}}
,"/mnt/CZ_BODEGA/010_VSCODE/007_PROYECTOS_WEB/cirujano-front_CLEAN/src/vue/components/widgets/FilterTabs.vue": {"lines":{"total":42,"covered":42,"skipped":0,"pct":100},"functions":{"total":0,"covered":0,"skipped":0,"pct":100},"statements":{"total":42,"covered":42,"skipped":0,"pct":100},"branches":{"total":0,"covered":0,"skipped":0,"pct":100}}
,"/mnt/CZ_BODEGA/010_VSCODE/007_PROYECTOS_WEB/cirujano-front_CLEAN/src/vue/components/widgets/FloatingQuoteButton.vue": {"lines":{"total":36,"covered":36,"skipped":0,"pct":100},"functions":{"total":0,"covered":0,"skipped":0,"pct":100},"statements":{"total":36,"covered":36,"skipped":0,"pct":100},"branches":{"total":0,"covered":0,"skipped":0,"pct":100}}
,"/mnt/CZ_BODEGA/010_VSCODE/007_PROYECTOS_WEB/cirujano-front_CLEAN/src/vue/components/widgets/FloatingWhatsAppButton.vue": {"lines":{"total":16,"covered":16,"skipped":0,"pct":100},"functions":{"total":0,"covered":0,"skipped":0,"pct":100},"statements":{"total":16,"covered":16,"skipped":0,"pct":100},"branches":{"total":0,"covered":0,"skipped":0,"pct":100}}
,"/mnt/CZ_BODEGA/010_VSCODE/007_PROYECTOS_WEB/cirujano-front_CLEAN/src/vue/components/widgets/InlineLinkList.vue": {"lines":{"total":60,"covered":60,"skipped":0,"pct":100},"functions":{"total":0,"covered":0,"skipped":0,"pct":100},"statements":{"total":60,"covered":60,"skipped":0,"pct":100},"branches":{"total":5,"covered":2,"skipped":0,"pct":40}}
,"/mnt/CZ_BODEGA/010_VSCODE/007_PROYECTOS_WEB/cirujano-front_CLEAN/src/vue/components/widgets/ProgressBar.vue": {"lines":{"total":32,"covered":32,"skipped":0,"pct":100},"functions":{"total":0,"covered":0,"skipped":0,"pct":100},"statements":{"total":32,"covered":32,"skipped":0,"pct":100},"branches":{"total":2,"covered":2,"skipped":0,"pct":100}}
,"/mnt/CZ_BODEGA/010_VSCODE/007_PROYECTOS_WEB/cirujano-front_CLEAN/src/vue/components/widgets/QuotedText.vue": {"lines":{"total":37,"covered":37,"skipped":0,"pct":100},"functions":{"total":0,"covered":0,"skipped":0,"pct":100},"statements":{"total":37,"covered":37,"skipped":0,"pct":100},"branches":{"total":0,"covered":0,"skipped":0,"pct":100}}
,"/mnt/CZ_BODEGA/010_VSCODE/007_PROYECTOS_WEB/cirujano-front_CLEAN/src/vue/components/widgets/SocialLinks.vue": {"lines":{"total":64,"covered":64,"skipped":0,"pct":100},"functions":{"total":0,"covered":0,"skipped":0,"pct":100},"statements":{"total":64,"covered":64,"skipped":0,"pct":100},"branches":{"total":0,"covered":0,"skipped":0,"pct":100}}
,"/mnt/CZ_BODEGA/010_VSCODE/007_PROYECTOS_WEB/cirujano-front_CLEAN/src/vue/components/widgets/Spinner.vue": {"lines":{"total":13,"covered":13,"skipped":0,"pct":100},"functions":{"total":0,"covered":0,"skipped":0,"pct":100},"statements":{"total":13,"covered":13,"skipped":0,"pct":100},"branches":{"total":0,"covered":0,"skipped":0,"pct":100}}
,"/mnt/CZ_BODEGA/010_VSCODE/007_PROYECTOS_WEB/cirujano-front_CLEAN/src/vue/components/widgets/StoreCartWidget.vue": {"lines":{"total":220,"covered":194,"skipped":0,"pct":88.18},"functions":{"total":13,"covered":6,"skipped":0,"pct":46.15},"statements":{"total":220,"covered":194,"skipped":0,"pct":88.18},"branches":{"total":29,"covered":13,"skipped":0,"pct":44.82}}
,"/mnt/CZ_BODEGA/010_VSCODE/007_PROYECTOS_WEB/cirujano-front_CLEAN/src/vue/components/widgets/TurnstileWidget.vue": {"lines":{"total":74,"covered":74,"skipped":0,"pct":100},"functions":{"total":0,"covered":0,"skipped":0,"pct":100},"statements":{"total":74,"covered":74,"skipped":0,"pct":100},"branches":{"total":0,"covered":0,"skipped":0,"pct":100}}
,"/mnt/CZ_BODEGA/010_VSCODE/007_PROYECTOS_WEB/cirujano-front_CLEAN/src/vue/components/widgets/XLButton.vue": {"lines":{"total":25,"covered":25,"skipped":0,"pct":100},"functions":{"total":0,"covered":0,"skipped":0,"pct":100},"statements":{"total":25,"covered":25,"skipped":0,"pct":100},"branches":{"total":0,"covered":0,"skipped":0,"pct":100}}
,"/mnt/CZ_BODEGA/010_VSCODE/007_PROYECTOS_WEB/cirujano-front_CLEAN/src/vue/content/Master.vue": {"lines":{"total":92,"covered":92,"skipped":0,"pct":100},"functions":{"total":0,"covered":0,"skipped":0,"pct":100},"statements":{"total":92,"covered":92,"skipped":0,"pct":100},"branches":{"total":0,"covered":0,"skipped":0,"pct":100}}
,"/mnt/CZ_BODEGA/010_VSCODE/007_PROYECTOS_WEB/cirujano-front_CLEAN/src/vue/content/pages/CalculatorsPage.vue": {"lines":{"total":15,"covered":15,"skipped":0,"pct":100},"functions":{"total":0,"covered":0,"skipped":0,"pct":100},"statements":{"total":15,"covered":15,"skipped":0,"pct":100},"branches":{"total":0,"covered":0,"skipped":0,"pct":100}}
,"/mnt/CZ_BODEGA/010_VSCODE/007_PROYECTOS_WEB/cirujano-front_CLEAN/src/vue/content/pages/CotizadorIAPage.vue": {"lines":{"total":133,"covered":133,"skipped":0,"pct":100},"functions":{"total":7,"covered":7,"skipped":0,"pct":100},"statements":{"total":133,"covered":133,"skipped":0,"pct":100},"branches":{"total":13,"covered":11,"skipped":0,"pct":84.61}}
,"/mnt/CZ_BODEGA/010_VSCODE/007_PROYECTOS_WEB/cirujano-front_CLEAN/src/vue/content/pages/DashboardPage.vue": {"lines":{"total":299,"covered":295,"skipped":0,"pct":98.66},"functions":{"total":12,"covered":12,"skipped":0,"pct":100},"statements":{"total":299,"covered":295,"skipped":0,"pct":98.66},"branches":{"total":52,"covered":40,"skipped":0,"pct":76.92}}
,"/mnt/CZ_BODEGA/010_VSCODE/007_PROYECTOS_WEB/cirujano-front_CLEAN/src/vue/content/pages/HomePage.vue": {"lines":{"total":29,"covered":29,"skipped":0,"pct":100},"functions":{"total":0,"covered":0,"skipped":0,"pct":100},"statements":{"total":29,"covered":29,"skipped":0,"pct":100},"branches":{"total":0,"covered":0,"skipped":0,"pct":100}}
,"/mnt/CZ_BODEGA/010_VSCODE/007_PROYECTOS_WEB/cirujano-front_CLEAN/src/vue/content/pages/LicensePage.vue": {"lines":{"total":15,"covered":15,"skipped":0,"pct":100},"functions":{"total":0,"covered":0,"skipped":0,"pct":100},"statements":{"total":15,"covered":15,"skipped":0,"pct":100},"branches":{"total":0,"covered":0,"skipped":0,"pct":100}}
,"/mnt/CZ_BODEGA/010_VSCODE/007_PROYECTOS_WEB/cirujano-front_CLEAN/src/vue/content/pages/LoginPage.vue": {"lines":{"total":85,"covered":85,"skipped":0,"pct":100},"functions":{"total":0,"covered":0,"skipped":0,"pct":100},"statements":{"total":85,"covered":85,"skipped":0,"pct":100},"branches":{"total":0,"covered":0,"skipped":0,"pct":100}}
,"/mnt/CZ_BODEGA/010_VSCODE/007_PROYECTOS_WEB/cirujano-front_CLEAN/src/vue/content/pages/OtPaymentsPage.vue": {"lines":{"total":467,"covered":467,"skipped":0,"pct":100},"functions":{"total":16,"covered":16,"skipped":0,"pct":100},"statements":{"total":467,"covered":467,"skipped":0,"pct":100},"branches":{"total":63,"covered":37,"skipped":0,"pct":58.73}}
,"/mnt/CZ_BODEGA/010_VSCODE/007_PROYECTOS_WEB/cirujano-front_CLEAN/src/vue/content/pages/PasswordResetPage.vue": {"lines":{"total":83,"covered":83,"skipped":0,"pct":100},"functions":{"total":0,"covered":0,"skipped":0,"pct":100},"statements":{"total":83,"covered":83,"skipped":0,"pct":100},"branches":{"total":0,"covered":0,"skipped":0,"pct":100}}
,"/mnt/CZ_BODEGA/010_VSCODE/007_PROYECTOS_WEB/cirujano-front_CLEAN/src/vue/content/pages/PhotoUploadPage.vue": {"lines":{"total":75,"covered":75,"skipped":0,"pct":100},"functions":{"total":3,"covered":3,"skipped":0,"pct":100},"statements":{"total":75,"covered":75,"skipped":0,"pct":100},"branches":{"total":16,"covered":14,"skipped":0,"pct":87.5}}
,"/mnt/CZ_BODEGA/010_VSCODE/007_PROYECTOS_WEB/cirujano-front_CLEAN/src/vue/content/pages/PolicyPage.vue": {"lines":{"total":15,"covered":15,"skipped":0,"pct":100},"functions":{"total":0,"covered":0,"skipped":0,"pct":100},"statements":{"total":15,"covered":15,"skipped":0,"pct":100},"branches":{"total":0,"covered":0,"skipped":0,"pct":100}}
,"/mnt/CZ_BODEGA/010_VSCODE/007_PROYECTOS_WEB/cirujano-front_CLEAN/src/vue/content/pages/PrivacyPage.vue": {"lines":{"total":203,"covered":203,"skipped":0,"pct":100},"functions":{"total":0,"covered":0,"skipped":0,"pct":100},"statements":{"total":203,"covered":203,"skipped":0,"pct":100},"branches":{"total":0,"covered":0,"skipped":0,"pct":100}}
,"/mnt/CZ_BODEGA/010_VSCODE/007_PROYECTOS_WEB/cirujano-front_CLEAN/src/vue/content/pages/ProfilePage.vue": {"lines":{"total":342,"covered":340,"skipped":0,"pct":99.41},"functions":{"total":27,"covered":14,"skipped":0,"pct":51.85},"statements":{"total":342,"covered":340,"skipped":0,"pct":99.41},"branches":{"total":98,"covered":78,"skipped":0,"pct":79.59}}
,"/mnt/CZ_BODEGA/010_VSCODE/007_PROYECTOS_WEB/cirujano-front_CLEAN/src/vue/content/pages/RegisterPage.vue": {"lines":{"total":133,"covered":129,"skipped":0,"pct":96.99},"functions":{"total":8,"covered":6,"skipped":0,"pct":75},"statements":{"total":133,"covered":129,"skipped":0,"pct":96.99},"branches":{"total":26,"covered":21,"skipped":0,"pct":80.76}}
,"/mnt/CZ_BODEGA/010_VSCODE/007_PROYECTOS_WEB/cirujano-front_CLEAN/src/vue/content/pages/RepairDetailPage.vue": {"lines":{"total":132,"covered":132,"skipped":0,"pct":100},"functions":{"total":5,"covered":5,"skipped":0,"pct":100},"statements":{"total":132,"covered":132,"skipped":0,"pct":100},"branches":{"total":41,"covered":19,"skipped":0,"pct":46.34}}
,"/mnt/CZ_BODEGA/010_VSCODE/007_PROYECTOS_WEB/cirujano-front_CLEAN/src/vue/content/pages/RepairsPage.vue": {"lines":{"total":177,"covered":177,"skipped":0,"pct":100},"functions":{"total":9,"covered":9,"skipped":0,"pct":100},"statements":{"total":177,"covered":177,"skipped":0,"pct":100},"branches":{"total":36,"covered":26,"skipped":0,"pct":72.22}}
,"/mnt/CZ_BODEGA/010_VSCODE/007_PROYECTOS_WEB/cirujano-front_CLEAN/src/vue/content/pages/SchedulePage.vue": {"lines":{"total":731,"covered":720,"skipped":0,"pct":98.49},"functions":{"total":19,"covered":13,"skipped":0,"pct":68.42},"statements":{"total":731,"covered":720,"skipped":0,"pct":98.49},"branches":{"total":62,"covered":51,"skipped":0,"pct":82.25}}
,"/mnt/CZ_BODEGA/010_VSCODE/007_PROYECTOS_WEB/cirujano-front_CLEAN/src/vue/content/pages/SignaturePage.vue": {"lines":{"total":107,"covered":85,"skipped":0,"pct":79.43},"functions":{"total":7,"covered":3,"skipped":0,"pct":42.85},"statements":{"total":107,"covered":85,"skipped":0,"pct":79.43},"branches":{"total":12,"covered":10,"skipped":0,"pct":83.33}}
,"/mnt/CZ_BODEGA/010_VSCODE/007_PROYECTOS_WEB/cirujano-front_CLEAN/src/vue/content/pages/StorePage.vue": {"lines":{"total":911,"covered":851,"skipped":0,"pct":93.41},"functions":{"total":25,"covered":14,"skipped":0,"pct":56},"statements":{"total":911,"covered":851,"skipped":0,"pct":93.41},"branches":{"total":100,"covered":52,"skipped":0,"pct":52}}
,"/mnt/CZ_BODEGA/010_VSCODE/007_PROYECTOS_WEB/cirujano-front_CLEAN/src/vue/content/pages/TermsPage.vue": {"lines":{"total":220,"covered":220,"skipped":0,"pct":100},"functions":{"total":2,"covered":2,"skipped":0,"pct":100},"statements":{"total":220,"covered":220,"skipped":0,"pct":100},"branches":{"total":4,"covered":4,"skipped":0,"pct":100}}
,"/mnt/CZ_BODEGA/010_VSCODE/007_PROYECTOS_WEB/cirujano-front_CLEAN/src/vue/content/pages/admin/AdminDashboard.vue": {"lines":{"total":108,"covered":104,"skipped":0,"pct":96.29},"functions":{"total":5,"covered":5,"skipped":0,"pct":100},"statements":{"total":108,"covered":104,"skipped":0,"pct":96.29},"branches":{"total":14,"covered":11,"skipped":0,"pct":78.57}}
,"/mnt/CZ_BODEGA/010_VSCODE/007_PROYECTOS_WEB/cirujano-front_CLEAN/src/vue/content/pages/admin/AppointmentsPage.vue": {"lines":{"total":506,"covered":489,"skipped":0,"pct":96.64},"functions":{"total":15,"covered":10,"skipped":0,"pct":66.66},"statements":{"total":506,"covered":489,"skipped":0,"pct":96.64},"branches":{"total":32,"covered":23,"skipped":0,"pct":71.87}}
,"/mnt/CZ_BODEGA/010_VSCODE/007_PROYECTOS_WEB/cirujano-front_CLEAN/src/vue/content/pages/admin/ArchivePage.vue": {"lines":{"total":131,"covered":131,"skipped":0,"pct":100},"functions":{"total":7,"covered":7,"skipped":0,"pct":100},"statements":{"total":131,"covered":131,"skipped":0,"pct":100},"branches":{"total":22,"covered":13,"skipped":0,"pct":59.09}}
,"/mnt/CZ_BODEGA/010_VSCODE/007_PROYECTOS_WEB/cirujano-front_CLEAN/src/vue/content/pages/admin/CategoriesPage.vue": {"lines":{"total":70,"covered":70,"skipped":0,"pct":100},"functions":{"total":3,"covered":3,"skipped":0,"pct":100},"statements":{"total":70,"covered":70,"skipped":0,"pct":100},"branches":{"total":9,"covered":9,"skipped":0,"pct":100}}
,"/mnt/CZ_BODEGA/010_VSCODE/007_PROYECTOS_WEB/cirujano-front_CLEAN/src/vue/content/pages/admin/ClientsPage.vue": {"lines":{"total":218,"covered":214,"skipped":0,"pct":98.16},"functions":{"total":5,"covered":5,"skipped":0,"pct":100},"statements":{"total":218,"covered":214,"skipped":0,"pct":98.16},"branches":{"total":24,"covered":20,"skipped":0,"pct":83.33}}
,"/mnt/CZ_BODEGA/010_VSCODE/007_PROYECTOS_WEB/cirujano-front_CLEAN/src/vue/content/pages/admin/ContactMessagesPage.vue": {"lines":{"total":76,"covered":73,"skipped":0,"pct":96.05},"functions":{"total":2,"covered":2,"skipped":0,"pct":100},"statements":{"total":76,"covered":73,"skipped":0,"pct":96.05},"branches":{"total":10,"covered":5,"skipped":0,"pct":50}}
,"/mnt/CZ_BODEGA/010_VSCODE/007_PROYECTOS_WEB/cirujano-front_CLEAN/src/vue/content/pages/admin/InventoryPage.vue": {"lines":{"total":765,"covered":629,"skipped":0,"pct":82.22},"functions":{"total":22,"covered":12,"skipped":0,"pct":54.54},"statements":{"total":765,"covered":629,"skipped":0,"pct":82.22},"branches":{"total":109,"covered":72,"skipped":0,"pct":66.05}}
,"/mnt/CZ_BODEGA/010_VSCODE/007_PROYECTOS_WEB/cirujano-front_CLEAN/src/vue/content/pages/admin/ManualsPage.vue": {"lines":{"total":192,"covered":188,"skipped":0,"pct":97.91},"functions":{"total":13,"covered":10,"skipped":0,"pct":76.92},"statements":{"total":192,"covered":188,"skipped":0,"pct":97.91},"branches":{"total":24,"covered":15,"skipped":0,"pct":62.5}}
,"/mnt/CZ_BODEGA/010_VSCODE/007_PROYECTOS_WEB/cirujano-front_CLEAN/src/vue/content/pages/admin/NewsletterSubscriptionsPage.vue": {"lines":{"total":74,"covered":71,"skipped":0,"pct":95.94},"functions":{"total":2,"covered":2,"skipped":0,"pct":100},"statements":{"total":74,"covered":71,"skipped":0,"pct":95.94},"branches":{"total":12,"covered":5,"skipped":0,"pct":41.66}}
,"/mnt/CZ_BODEGA/010_VSCODE/007_PROYECTOS_WEB/cirujano-front_CLEAN/src/vue/content/pages/admin/PurchaseRequestsPage.vue": {"lines":{"total":392,"covered":373,"skipped":0,"pct":95.15},"functions":{"total":20,"covered":14,"skipped":0,"pct":70},"statements":{"total":392,"covered":373,"skipped":0,"pct":95.15},"branches":{"total":49,"covered":23,"skipped":0,"pct":46.93}}
,"/mnt/CZ_BODEGA/010_VSCODE/007_PROYECTOS_WEB/cirujano-front_CLEAN/src/vue/content/pages/admin/QuotesAdminPage.vue": {"lines":{"total":729,"covered":661,"skipped":0,"pct":90.67},"functions":{"total":27,"covered":16,"skipped":0,"pct":59.25},"statements":{"total":729,"covered":661,"skipped":0,"pct":90.67},"branches":{"total":76,"covered":39,"skipped":0,"pct":51.31}}
,"/mnt/CZ_BODEGA/010_VSCODE/007_PROYECTOS_WEB/cirujano-front_CLEAN/src/vue/content/pages/admin/RepairDetailAdminPage.vue": {"lines":{"total":533,"covered":519,"skipped":0,"pct":97.37},"functions":{"total":27,"covered":25,"skipped":0,"pct":92.59},"statements":{"total":533,"covered":519,"skipped":0,"pct":97.37},"branches":{"total":133,"covered":84,"skipped":0,"pct":63.15}}
,"/mnt/CZ_BODEGA/010_VSCODE/007_PROYECTOS_WEB/cirujano-front_CLEAN/src/vue/content/pages/admin/RepairsAdminPage.vue": {"lines":{"total":120,"covered":120,"skipped":0,"pct":100},"functions":{"total":2,"covered":2,"skipped":0,"pct":100},"statements":{"total":120,"covered":120,"skipped":0,"pct":100},"branches":{"total":6,"covered":6,"skipped":0,"pct":100}}
,"/mnt/CZ_BODEGA/010_VSCODE/007_PROYECTOS_WEB/cirujano-front_CLEAN/src/vue/content/pages/admin/StatsPage.vue": {"lines":{"total":64,"covered":64,"skipped":0,"pct":100},"functions":{"total":2,"covered":2,"skipped":0,"pct":100},"statements":{"total":64,"covered":64,"skipped":0,"pct":100},"branches":{"total":4,"covered":2,"skipped":0,"pct":50}}
,"/mnt/CZ_BODEGA/010_VSCODE/007_PROYECTOS_WEB/cirujano-front_CLEAN/src/vue/content/pages/admin/TicketsPage.vue": {"lines":{"total":130,"covered":130,"skipped":0,"pct":100},"functions":{"total":7,"covered":7,"skipped":0,"pct":100},"statements":{"total":130,"covered":130,"skipped":0,"pct":100},"branches":{"total":15,"covered":11,"skipped":0,"pct":73.33}}
,"/mnt/CZ_BODEGA/010_VSCODE/007_PROYECTOS_WEB/cirujano-front_CLEAN/src/vue/content/pages/admin/WizardsPage.vue": {"lines":{"total":73,"covered":73,"skipped":0,"pct":100},"functions":{"total":2,"covered":2,"skipped":0,"pct":100},"statements":{"total":73,"covered":73,"skipped":0,"pct":100},"branches":{"total":6,"covered":6,"skipped":0,"pct":100}}
,"/mnt/CZ_BODEGA/010_VSCODE/007_PROYECTOS_WEB/cirujano-front_CLEAN/src/vue/content/sections/AboutSection.vue": {"lines":{"total":197,"covered":197,"skipped":0,"pct":100},"functions":{"total":0,"covered":0,"skipped":0,"pct":100},"statements":{"total":197,"covered":197,"skipped":0,"pct":100},"branches":{"total":0,"covered":0,"skipped":0,"pct":100}}
,"/mnt/CZ_BODEGA/010_VSCODE/007_PROYECTOS_WEB/cirujano-front_CLEAN/src/vue/content/sections/CalculatorsSection.vue": {"lines":{"total":103,"covered":103,"skipped":0,"pct":100},"functions":{"total":0,"covered":0,"skipped":0,"pct":100},"statements":{"total":103,"covered":103,"skipped":0,"pct":100},"branches":{"total":0,"covered":0,"skipped":0,"pct":100}}
,"/mnt/CZ_BODEGA/010_VSCODE/007_PROYECTOS_WEB/cirujano-front_CLEAN/src/vue/content/sections/ContactSection.vue": {"lines":{"total":55,"covered":55,"skipped":0,"pct":100},"functions":{"total":0,"covered":0,"skipped":0,"pct":100},"statements":{"total":55,"covered":55,"skipped":0,"pct":100},"branches":{"total":0,"covered":0,"skipped":0,"pct":100}}
,"/mnt/CZ_BODEGA/010_VSCODE/007_PROYECTOS_WEB/cirujano-front_CLEAN/src/vue/content/sections/FaqSection.vue": {"lines":{"total":54,"covered":54,"skipped":0,"pct":100},"functions":{"total":0,"covered":0,"skipped":0,"pct":100},"statements":{"total":54,"covered":54,"skipped":0,"pct":100},"branches":{"total":0,"covered":0,"skipped":0,"pct":100}}
,"/mnt/CZ_BODEGA/010_VSCODE/007_PROYECTOS_WEB/cirujano-front_CLEAN/src/vue/content/sections/FeaturedProjectSection.vue": {"lines":{"total":39,"covered":39,"skipped":0,"pct":100},"functions":{"total":0,"covered":0,"skipped":0,"pct":100},"statements":{"total":39,"covered":39,"skipped":0,"pct":100},"branches":{"total":0,"covered":0,"skipped":0,"pct":100}}
,"/mnt/CZ_BODEGA/010_VSCODE/007_PROYECTOS_WEB/cirujano-front_CLEAN/src/vue/content/sections/HeroSection.vue": {"lines":{"total":22,"covered":22,"skipped":0,"pct":100},"functions":{"total":0,"covered":0,"skipped":0,"pct":100},"statements":{"total":22,"covered":22,"skipped":0,"pct":100},"branches":{"total":0,"covered":0,"skipped":0,"pct":100}}
,"/mnt/CZ_BODEGA/010_VSCODE/007_PROYECTOS_WEB/cirujano-front_CLEAN/src/vue/content/sections/HistorySection.vue": {"lines":{"total":72,"covered":72,"skipped":0,"pct":100},"functions":{"total":0,"covered":0,"skipped":0,"pct":100},"statements":{"total":72,"covered":72,"skipped":0,"pct":100},"branches":{"total":0,"covered":0,"skipped":0,"pct":100}}
,"/mnt/CZ_BODEGA/010_VSCODE/007_PROYECTOS_WEB/cirujano-front_CLEAN/src/vue/content/sections/LicenseSection.vue": {"lines":{"total":57,"covered":57,"skipped":0,"pct":100},"functions":{"total":0,"covered":0,"skipped":0,"pct":100},"statements":{"total":57,"covered":57,"skipped":0,"pct":100},"branches":{"total":0,"covered":0,"skipped":0,"pct":100}}
,"/mnt/CZ_BODEGA/010_VSCODE/007_PROYECTOS_WEB/cirujano-front_CLEAN/src/vue/content/sections/NewsletterSection.vue": {"lines":{"total":98,"covered":98,"skipped":0,"pct":100},"functions":{"total":3,"covered":3,"skipped":0,"pct":100},"statements":{"total":98,"covered":98,"skipped":0,"pct":100},"branches":{"total":11,"covered":11,"skipped":0,"pct":100}}
,"/mnt/CZ_BODEGA/010_VSCODE/007_PROYECTOS_WEB/cirujano-front_CLEAN/src/vue/content/sections/PolicySection.vue": {"lines":{"total":60,"covered":60,"skipped":0,"pct":100},"functions":{"total":0,"covered":0,"skipped":0,"pct":100},"statements":{"total":60,"covered":60,"skipped":0,"pct":100},"branches":{"total":0,"covered":0,"skipped":0,"pct":100}}
,"/mnt/CZ_BODEGA/010_VSCODE/007_PROYECTOS_WEB/cirujano-front_CLEAN/src/vue/content/sections/PortfolioSection.vue": {"lines":{"total":75,"covered":75,"skipped":0,"pct":100},"functions":{"total":0,"covered":0,"skipped":0,"pct":100},"statements":{"total":75,"covered":75,"skipped":0,"pct":100},"branches":{"total":0,"covered":0,"skipped":0,"pct":100}}
,"/mnt/CZ_BODEGA/010_VSCODE/007_PROYECTOS_WEB/cirujano-front_CLEAN/src/vue/content/sections/ReviewsSection.vue": {"lines":{"total":54,"covered":54,"skipped":0,"pct":100},"functions":{"total":0,"covered":0,"skipped":0,"pct":100},"statements":{"total":54,"covered":54,"skipped":0,"pct":100},"branches":{"total":0,"covered":0,"skipped":0,"pct":100}}
,"/mnt/CZ_BODEGA/010_VSCODE/007_PROYECTOS_WEB/cirujano-front_CLEAN/src/vue/content/sections/ServicesSection.vue": {"lines":{"total":65,"covered":65,"skipped":0,"pct":100},"functions":{"total":0,"covered":0,"skipped":0,"pct":100},"statements":{"total":65,"covered":65,"skipped":0,"pct":100},"branches":{"total":0,"covered":0,"skipped":0,"pct":100}}
,"/mnt/CZ_BODEGA/010_VSCODE/007_PROYECTOS_WEB/cirujano-front_CLEAN/src/vue/content/sections/TeamSection.vue": {"lines":{"total":34,"covered":34,"skipped":0,"pct":100},"functions":{"total":0,"covered":0,"skipped":0,"pct":100},"statements":{"total":34,"covered":34,"skipped":0,"pct":100},"branches":{"total":0,"covered":0,"skipped":0,"pct":100}}
,"/mnt/CZ_BODEGA/010_VSCODE/007_PROYECTOS_WEB/cirujano-front_CLEAN/src/vue/sections/DiagnosticSection.vue": {"lines":{"total":22,"covered":22,"skipped":0,"pct":100},"functions":{"total":0,"covered":0,"skipped":0,"pct":100},"statements":{"total":22,"covered":22,"skipped":0,"pct":100},"branches":{"total":0,"covered":0,"skipped":0,"pct":100}}
,"/mnt/CZ_BODEGA/010_VSCODE/007_PROYECTOS_WEB/cirujano-front_CLEAN/src/vue/stack/App.vue": {"lines":{"total":30,"covered":30,"skipped":0,"pct":100},"functions":{"total":0,"covered":0,"skipped":0,"pct":100},"statements":{"total":30,"covered":30,"skipped":0,"pct":100},"branches":{"total":1,"covered":1,"skipped":0,"pct":100}}
,"/mnt/CZ_BODEGA/010_VSCODE/007_PROYECTOS_WEB/cirujano-front_CLEAN/src/vue/stack/ContentLayer.vue": {"lines":{"total":110,"covered":108,"skipped":0,"pct":98.18},"functions":{"total":2,"covered":2,"skipped":0,"pct":100},"statements":{"total":110,"covered":108,"skipped":0,"pct":98.18},"branches":{"total":28,"covered":24,"skipped":0,"pct":85.71}}
,"/mnt/CZ_BODEGA/010_VSCODE/007_PROYECTOS_WEB/cirujano-front_CLEAN/src/vue/stack/FeedbacksLayer.vue": {"lines":{"total":79,"covered":75,"skipped":0,"pct":94.93},"functions":{"total":5,"covered":5,"skipped":0,"pct":100},"statements":{"total":79,"covered":75,"skipped":0,"pct":94.93},"branches":{"total":5,"covered":5,"skipped":0,"pct":100}}
,"/mnt/CZ_BODEGA/010_VSCODE/007_PROYECTOS_WEB/cirujano-front_CLEAN/src/vue/stack/StateProviderLayer.vue": {"lines":{"total":61,"covered":61,"skipped":0,"pct":100},"functions":{"total":1,"covered":1,"skipped":0,"pct":100},"statements":{"total":61,"covered":61,"skipped":0,"pct":100},"branches":{"total":1,"covered":1,"skipped":0,"pct":100}}
}
