TN:
SF:src/main.js
FN:35,gtag
FN:82,document.addEventListener.passive
FNF:2
FNH:2
FNDA:2,gtag
FNDA:2,document.addEventListener.passive
DA:1,1
DA:2,1
DA:3,1
DA:4,1
DA:5,1
DA:6,1
DA:7,1
DA:8,1
DA:9,1
DA:10,1
DA:11,1
DA:12,1
DA:13,1
DA:14,1
DA:15,1
DA:16,1
DA:17,1
DA:18,1
DA:19,1
DA:20,1
DA:21,1
DA:22,1
DA:23,1
DA:24,1
DA:25,1
DA:26,1
DA:27,1
DA:28,1
DA:29,1
DA:30,1
DA:31,1
DA:32,1
DA:33,1
DA:34,1
DA:35,1
DA:36,2
DA:37,2
DA:38,1
DA:39,1
DA:40,1
DA:41,1
DA:42,1
DA:43,1
DA:44,1
DA:45,1
DA:46,1
DA:47,1
DA:48,1
DA:49,1
DA:50,1
DA:51,1
DA:52,1
DA:53,1
DA:54,0
DA:55,1
DA:56,1
DA:57,1
DA:58,1
DA:59,1
DA:60,1
DA:61,1
DA:62,1
DA:63,0
DA:64,1
DA:65,1
DA:66,1
DA:67,1
DA:68,1
DA:69,1
DA:70,1
DA:71,1
DA:72,1
DA:73,0
DA:74,1
DA:75,1
DA:76,1
DA:77,1
DA:78,1
DA:79,1
DA:80,1
DA:81,1
DA:82,1
DA:83,2
DA:84,2
DA:85,2
DA:86,2
DA:87,2
DA:88,2
DA:89,2
DA:90,1
DA:91,1
DA:92,1
DA:93,1
DA:94,2
DA:95,1
DA:96,1
DA:97,1
LF:97
LH:94
BRDA:30,0,0,0
BRDA:35,1,0,2
BRDA:41,2,0,1
BRDA:44,3,0,0
BRDA:52,4,0,1
BRDA:60,5,0,1
BRDA:61,6,0,1
BRDA:69,7,0,1
BRDA:71,8,0,2
BRDA:72,9,0,1
BRDA:82,10,0,2
BRDA:84,11,0,0
BRDA:85,12,0,0
BRDA:89,13,0,1
BRF:14
BRH:10
end_of_record
TN:
SF:src/analytics/events.js
FNF:0
FNH:0
DA:1,1
DA:2,1
DA:3,1
DA:4,1
DA:5,1
DA:6,1
DA:7,1
DA:8,1
DA:9,1
DA:10,1
DA:11,1
DA:12,1
DA:13,1
DA:14,1
DA:15,1
DA:16,1
DA:17,1
DA:18,1
DA:19,1
DA:20,1
DA:21,1
DA:22,1
LF:22
LH:22
BRF:0
BRH:0
end_of_record
TN:
SF:src/analytics/index.js
FNF:0
FNH:0
DA:1,1
DA:2,1
LF:2
LH:2
BRF:0
BRH:0
end_of_record
TN:
SF:src/analytics/tracker.js
FN:12,initAnalytics
FN:26,track
FN:32,setAnalyticsContext
FNF:3
FNH:3
FNDA:4,initAnalytics
FNDA:4,track
FNDA:1,setAnalyticsContext
DA:1,1
DA:2,1
DA:3,1
DA:4,1
DA:5,1
DA:6,1
DA:7,1
DA:8,1
DA:9,1
DA:10,1
DA:11,1
DA:12,1
DA:13,4
DA:14,4
DA:15,4
DA:16,4
DA:17,2
DA:18,2
DA:19,2
DA:20,2
DA:21,4
DA:22,1
DA:23,1
DA:24,4
DA:25,1
DA:26,1
DA:27,4
DA:28,3
DA:29,3
DA:30,3
DA:31,1
DA:32,1
DA:33,1
DA:34,1
LF:34
LH:34
BRDA:12,0,0,4
BRDA:16,1,0,2
BRDA:21,2,0,1
BRDA:26,3,0,4
BRDA:27,4,0,1
BRDA:27,5,0,3
BRDA:29,6,0,3
BRDA:32,7,0,1
BRF:8
BRH:8
end_of_record
TN:
SF:src/analytics/providers/consoleProvider.js
FN:1,createConsoleProvider
FN:4,track
FNF:2
FNH:2
FNDA:2,createConsoleProvider
FNDA:2,track
DA:1,1
DA:2,2
DA:3,2
DA:4,2
DA:5,2
DA:6,2
DA:7,2
DA:8,2
DA:9,2
LF:9
LH:9
BRDA:1,0,0,2
BRDA:4,1,0,2
BRF:2
BRH:2
end_of_record
TN:
SF:src/analytics/providers/gtmProvider.js
FN:1,createGtmProvider
FN:4,track
FNF:2
FNH:2
FNDA:1,createGtmProvider
FNDA:1,track
DA:1,1
DA:2,1
DA:3,1
DA:4,1
DA:5,1
DA:6,1
DA:7,1
DA:8,1
DA:9,1
DA:10,1
DA:11,1
DA:12,1
DA:13,1
LF:13
LH:13
BRDA:1,0,0,1
BRDA:4,1,0,1
BRF:2
BRH:2
end_of_record
TN:
SF:src/components/InstrumentCarousel.vue
FNF:0
FNH:0
DA:1,1
DA:2,1
DA:3,1
DA:4,1
DA:5,1
DA:6,1
DA:7,1
DA:8,1
DA:9,1
DA:10,1
DA:11,1
DA:12,1
DA:13,1
DA:14,1
DA:15,1
DA:16,1
DA:17,1
DA:18,1
DA:19,1
DA:20,1
DA:21,1
DA:22,1
DA:23,1
DA:24,1
DA:25,1
DA:26,1
DA:27,1
DA:28,1
DA:29,1
DA:30,1
DA:31,1
DA:32,1
DA:33,1
DA:34,1
DA:35,1
DA:36,1
DA:37,1
DA:38,1
DA:39,1
DA:40,1
DA:41,1
DA:42,1
DA:43,1
DA:44,1
DA:45,1
DA:46,1
DA:47,1
DA:48,1
DA:49,1
DA:50,1
DA:51,1
DA:52,1
DA:53,1
DA:54,1
DA:55,1
DA:56,1
DA:57,1
DA:58,1
DA:59,1
DA:60,1
DA:61,1
DA:62,1
DA:63,1
DA:64,1
DA:65,1
DA:66,1
DA:67,1
DA:68,1
DA:69,1
DA:70,1
DA:71,1
DA:72,1
DA:73,1
DA:74,1
DA:75,1
DA:76,1
DA:77,1
DA:78,1
DA:79,1
DA:80,1
DA:81,1
DA:82,1
DA:83,1
DA:84,1
DA:85,1
DA:86,1
DA:87,1
DA:88,1
DA:89,1
DA:90,1
DA:91,1
DA:92,1
DA:93,1
DA:94,1
DA:95,1
DA:96,1
DA:97,1
DA:98,1
DA:99,1
DA:100,1
DA:101,1
DA:102,1
DA:103,1
DA:104,1
DA:105,1
DA:106,1
DA:107,1
DA:108,1
DA:109,1
DA:110,1
DA:111,1
DA:112,1
DA:113,1
DA:114,1
DA:115,1
DA:116,1
DA:117,1
DA:118,1
DA:119,1
DA:120,1
DA:121,1
DA:122,1
DA:123,1
DA:124,1
DA:125,1
DA:126,1
DA:127,1
DA:128,1
DA:129,1
DA:130,1
DA:131,1
DA:132,1
DA:133,1
DA:134,1
DA:135,1
DA:136,1
DA:137,1
DA:138,1
DA:139,1
DA:140,1
DA:141,1
DA:142,1
DA:143,1
DA:144,1
DA:145,1
DA:146,1
DA:147,1
DA:148,1
DA:149,1
DA:150,1
DA:151,1
DA:152,1
DA:153,1
DA:154,1
DA:155,1
DA:156,1
DA:157,1
DA:158,1
DA:159,1
DA:160,1
DA:161,1
DA:162,1
DA:163,1
DA:164,1
DA:165,1
DA:166,1
DA:167,1
DA:168,1
DA:169,1
DA:170,1
DA:171,1
DA:172,1
DA:173,1
DA:174,1
DA:175,1
DA:176,1
DA:177,1
DA:178,1
DA:179,1
DA:180,1
DA:181,1
DA:182,1
DA:183,1
DA:184,1
DA:185,1
DA:186,1
DA:187,1
DA:188,1
DA:189,1
DA:190,1
DA:191,1
DA:192,1
DA:193,1
DA:194,1
DA:195,1
DA:196,1
DA:197,1
DA:198,1
DA:199,1
DA:200,1
DA:201,1
DA:202,1
DA:203,1
DA:204,1
DA:205,1
DA:206,1
DA:207,1
DA:208,1
DA:209,1
DA:210,1
DA:211,1
DA:212,1
DA:213,1
DA:214,1
DA:215,1
DA:216,1
DA:217,1
DA:218,1
DA:219,1
DA:220,1
DA:221,1
DA:222,1
DA:223,1
DA:224,1
DA:225,1
DA:226,1
DA:227,1
DA:228,1
DA:229,1
DA:230,1
DA:231,1
DA:232,1
DA:233,1
DA:234,1
DA:235,1
DA:236,1
DA:237,1
DA:238,1
DA:239,1
DA:240,1
DA:241,1
DA:242,1
DA:243,1
DA:244,1
DA:245,1
DA:246,1
DA:247,1
DA:248,1
DA:249,1
DA:250,1
DA:251,1
DA:252,1
DA:253,1
DA:254,1
DA:255,1
DA:256,1
DA:257,1
DA:258,1
DA:259,1
DA:260,1
DA:261,1
DA:262,1
DA:263,1
DA:264,1
DA:265,1
DA:266,1
DA:267,1
DA:268,1
DA:269,1
DA:270,1
DA:271,1
DA:272,1
DA:273,1
DA:274,1
DA:275,1
DA:276,1
DA:277,1
DA:278,1
DA:279,1
DA:280,1
DA:281,1
DA:282,1
DA:283,1
DA:284,1
DA:285,1
DA:286,1
DA:287,1
DA:288,1
DA:289,1
DA:290,1
DA:291,1
DA:292,1
DA:293,1
DA:294,1
DA:295,1
DA:296,1
DA:297,1
DA:298,1
DA:299,1
DA:300,1
DA:301,1
DA:302,1
DA:303,1
DA:304,1
DA:305,1
DA:306,1
DA:307,1
DA:308,1
DA:309,1
DA:310,1
DA:311,1
DA:312,1
DA:313,1
DA:314,1
DA:315,1
DA:316,1
DA:317,1
DA:318,1
DA:319,1
DA:320,1
DA:321,1
DA:322,1
DA:323,1
DA:324,1
DA:325,1
DA:326,1
DA:327,1
DA:328,1
DA:329,1
DA:330,1
DA:331,1
DA:332,1
DA:333,1
DA:334,1
DA:335,1
DA:336,1
DA:337,1
DA:338,1
DA:339,1
DA:340,1
DA:341,1
DA:342,1
DA:343,1
DA:344,1
DA:345,1
DA:346,1
DA:347,1
DA:348,1
DA:349,1
DA:350,1
DA:351,1
DA:352,1
DA:353,1
DA:354,1
DA:355,1
DA:356,1
DA:357,1
DA:358,1
DA:359,1
DA:360,1
DA:361,1
DA:362,1
DA:363,1
DA:364,1
DA:365,1
DA:366,1
DA:367,1
DA:368,1
DA:369,1
DA:370,1
DA:371,1
DA:372,1
DA:373,1
DA:374,1
DA:375,1
DA:376,1
DA:377,1
DA:378,1
DA:379,1
DA:380,1
DA:381,1
DA:382,1
LF:382
LH:382
BRF:0
BRH:0
end_of_record
TN:
SF:src/components/prototypes/InventoryCard.vue
FNF:0
FNH:0
DA:1,1
DA:2,1
DA:3,1
DA:4,1
DA:5,1
DA:6,1
DA:7,1
DA:8,1
DA:9,1
DA:10,1
DA:11,1
DA:12,1
DA:13,1
DA:14,1
DA:15,1
DA:16,1
DA:17,1
DA:18,1
DA:19,1
DA:20,1
DA:21,1
DA:22,1
DA:23,1
DA:24,1
DA:25,1
DA:26,1
DA:27,1
DA:28,1
DA:29,1
DA:30,1
DA:31,1
DA:32,1
DA:33,1
DA:34,1
DA:35,1
DA:36,1
DA:37,1
DA:38,1
DA:39,1
DA:40,1
DA:41,1
DA:42,1
DA:43,1
DA:44,1
DA:45,1
DA:46,1
DA:47,1
DA:48,1
DA:49,1
DA:50,1
DA:51,1
DA:52,1
DA:53,1
DA:54,1
DA:55,1
DA:56,1
DA:57,1
DA:58,1
DA:59,1
DA:60,1
DA:61,1
DA:62,1
DA:63,1
DA:64,1
DA:65,1
DA:66,1
DA:67,1
DA:68,1
DA:69,1
DA:70,1
DA:71,1
DA:72,1
DA:73,1
DA:74,1
DA:75,1
DA:76,1
DA:77,1
DA:78,1
DA:79,1
DA:80,1
DA:81,1
DA:82,1
DA:83,1
DA:84,1
DA:85,1
DA:86,1
DA:87,1
DA:88,1
DA:89,1
DA:90,1
DA:91,1
DA:92,1
DA:93,1
DA:94,1
DA:95,1
DA:96,1
DA:97,1
DA:98,1
DA:99,1
DA:100,1
DA:101,1
DA:102,1
DA:103,1
DA:104,1
DA:105,1
DA:106,1
DA:107,1
DA:108,1
DA:109,1
DA:110,1
DA:111,1
DA:112,1
DA:113,1
DA:114,1
DA:115,1
DA:116,1
DA:117,1
DA:118,1
DA:119,1
DA:120,1
DA:121,1
DA:122,1
DA:123,1
DA:124,1
DA:125,1
DA:126,1
DA:127,1
DA:128,1
DA:129,1
DA:130,1
DA:131,1
DA:132,1
DA:133,1
DA:134,1
DA:135,1
DA:136,1
DA:137,1
DA:138,1
DA:139,1
DA:140,1
DA:141,1
DA:142,1
DA:143,1
DA:144,1
DA:145,1
DA:146,1
DA:147,1
DA:148,1
DA:149,1
DA:150,1
DA:151,1
DA:152,1
DA:153,1
DA:154,1
DA:155,1
DA:156,1
DA:157,1
DA:158,1
DA:159,1
DA:160,1
DA:161,1
DA:162,1
DA:163,1
DA:164,1
DA:165,1
DA:166,1
DA:167,1
DA:168,1
DA:169,1
DA:170,1
DA:171,1
DA:172,1
DA:173,1
DA:174,1
DA:175,1
DA:176,1
DA:177,1
DA:178,1
DA:179,1
DA:180,1
DA:181,1
DA:182,1
DA:183,1
DA:184,1
DA:185,1
DA:186,1
DA:187,1
DA:188,1
DA:189,1
DA:190,1
DA:191,1
DA:192,1
DA:193,1
DA:194,1
DA:195,1
DA:196,1
DA:197,1
DA:198,1
DA:199,1
LF:199
LH:199
BRF:0
BRH:0
end_of_record
TN:
SF:src/composables/emails.js
FNF:0
FNH:0
DA:1,1
DA:2,1
DA:3,1
DA:4,1
DA:5,1
DA:6,1
LF:6
LH:6
BRF:0
BRH:0
end_of_record
TN:
SF:src/composables/emails.ts
FN:12,useEmails
FNF:1
FNH:0
FNDA:0,useEmails
DA:1,1
DA:2,1
DA:3,1
DA:4,1
DA:5,1
DA:6,1
DA:7,1
DA:8,1
DA:9,1
DA:10,1
DA:11,1
DA:12,1
DA:13,0
DA:14,0
DA:15,0
DA:16,0
DA:17,0
DA:18,0
DA:19,0
DA:20,0
DA:21,0
DA:22,0
DA:23,0
DA:24,0
DA:25,0
DA:26,0
DA:27,0
DA:28,0
DA:29,0
DA:30,0
DA:31,0
DA:32,0
DA:33,0
DA:34,0
DA:35,0
DA:36,0
DA:37,0
DA:38,0
DA:39,0
DA:40,0
DA:41,0
DA:42,0
DA:43,0
DA:44,0
DA:45,0
DA:46,0
DA:47,0
DA:48,0
DA:49,0
DA:50,0
DA:51,0
DA:52,0
DA:53,0
DA:54,0
DA:55,0
DA:56,0
DA:57,0
DA:58,0
DA:59,0
DA:60,0
DA:61,0
DA:62,0
DA:63,0
LF:63
LH:12
BRF:0
BRH:0
end_of_record
TN:
SF:src/composables/layout.js
FNF:0
FNH:0
DA:1,1
DA:2,1
DA:3,1
DA:4,1
DA:5,1
DA:6,1
LF:6
LH:6
BRF:0
BRH:0
end_of_record
TN:
SF:src/composables/layout.ts
FN:9,useLayout
FNF:1
FNH:0
FNDA:0,useLayout
DA:1,1
DA:2,1
DA:3,1
DA:4,1
DA:5,1
DA:6,1
DA:7,1
DA:8,1
DA:9,1
DA:10,0
DA:11,0
DA:12,0
DA:13,0
DA:14,0
DA:15,0
DA:16,0
DA:17,0
DA:18,0
DA:19,0
DA:20,0
DA:21,0
DA:22,0
DA:23,0
DA:24,0
DA:25,0
DA:26,0
DA:27,0
DA:28,0
DA:29,0
DA:30,0
DA:31,0
DA:32,0
DA:33,0
DA:34,0
DA:35,0
DA:36,0
DA:37,0
DA:38,0
DA:39,0
DA:40,0
DA:41,0
DA:42,0
DA:43,0
DA:44,0
DA:45,0
DA:46,0
DA:47,0
DA:48,0
DA:49,0
DA:50,0
DA:51,0
DA:52,0
DA:53,0
DA:54,0
DA:55,0
DA:56,0
DA:57,0
DA:58,0
DA:59,0
DA:60,0
DA:61,0
DA:62,0
DA:63,0
DA:64,0
DA:65,0
DA:66,0
DA:67,0
DA:68,0
DA:69,0
DA:70,0
DA:71,0
DA:72,0
DA:73,0
DA:74,0
DA:75,0
DA:76,0
DA:77,0
LF:77
LH:9
BRF:0
BRH:0
end_of_record
TN:
SF:src/composables/scheduler.js
FNF:0
FNH:0
DA:1,1
DA:2,1
DA:3,1
DA:4,1
DA:5,1
DA:6,1
LF:6
LH:6
BRF:0
BRH:0
end_of_record
TN:
SF:src/composables/scheduler.ts
FN:19,useScheduler
FN:25,schedule
FN:35,interval
FN:43,clearAllWithTag
FN:62,clearAll
FNF:5
FNH:5
FNDA:9,useScheduler
FNDA:4,schedule
FNDA:3,interval
FNDA:1,clearAllWithTag
FNDA:7,clearAll
DA:1,1
DA:2,1
DA:3,1
DA:4,1
DA:5,1
DA:6,1
DA:7,1
DA:8,1
DA:9,1
DA:10,1
DA:11,1
DA:12,1
DA:13,1
DA:14,1
DA:15,1
DA:16,1
DA:17,1
DA:18,1
DA:19,1
DA:20,9
DA:21,9
DA:22,9
DA:23,9
DA:24,9
DA:25,9
DA:26,4
DA:27,4
DA:28,4
DA:29,9
DA:30,9
DA:31,9
DA:32,9
DA:33,9
DA:34,9
DA:35,9
DA:36,3
DA:37,3
DA:38,3
DA:39,9
DA:40,9
DA:41,9
DA:42,9
DA:43,9
DA:44,1
DA:45,2
DA:46,1
DA:47,1
DA:48,1
DA:49,2
DA:50,1
DA:51,1
DA:52,2
DA:53,1
DA:54,1
DA:55,1
DA:56,2
DA:57,1
DA:58,9
DA:59,9
DA:60,9
DA:61,9
DA:62,9
DA:63,7
DA:64,3
DA:65,7
DA:66,7
DA:67,7
DA:68,2
DA:69,7
DA:70,7
DA:71,7
DA:72,7
DA:73,7
DA:74,9
DA:75,9
DA:76,9
DA:77,9
DA:78,9
DA:79,9
DA:80,9
DA:81,9
LF:81
LH:81
BRDA:19,0,0,9
BRDA:25,1,0,4
BRDA:35,2,0,3
BRDA:43,3,0,1
BRDA:44,4,0,2
BRDA:45,5,0,1
BRDA:51,6,0,2
BRDA:52,7,0,1
BRDA:62,8,0,7
BRDA:63,9,0,3
BRDA:67,10,0,2
BRF:11
BRH:11
end_of_record
TN:
SF:src/composables/settings.js
FN:4,useSettings
FN:8,getLoaderEnabled
FN:15,getCredentialsForEmailJS
FNF:3
FNH:1
FNDA:4,useSettings
FNDA:0,getLoaderEnabled
FNDA:0,getCredentialsForEmailJS
DA:1,1
DA:2,1
DA:3,1
DA:4,1
DA:5,4
DA:6,4
DA:7,4
DA:8,4
DA:9,0
DA:10,0
DA:11,4
DA:12,4
DA:13,4
DA:14,4
DA:15,4
DA:16,0
DA:17,0
DA:18,0
DA:19,0
DA:20,0
DA:21,0
DA:22,4
DA:23,4
DA:24,4
DA:25,4
DA:26,4
DA:27,4
LF:27
LH:19
BRDA:4,0,0,4
BRF:1
BRH:1
end_of_record
TN:
SF:src/composables/strings.js
FN:27,useStrings
FN:33,get
FN:51,getCopyrightMessage
FNF:3
FNH:3
FNDA:1,useStrings
FNDA:1,get
FNDA:1,getCopyrightMessage
DA:1,1
DA:2,1
DA:3,1
DA:4,1
DA:5,1
DA:6,1
DA:7,1
DA:8,1
DA:9,1
DA:10,1
DA:11,1
DA:12,1
DA:13,1
DA:14,1
DA:15,1
DA:16,1
DA:17,1
DA:18,1
DA:19,1
DA:20,1
DA:21,1
DA:22,1
DA:23,1
DA:24,1
DA:25,1
DA:26,1
DA:27,1
DA:28,1
DA:29,1
DA:30,1
DA:31,1
DA:32,1
DA:33,1
DA:34,1
DA:35,1
DA:36,1
DA:37,0
DA:38,0
DA:39,0
DA:40,0
DA:41,1
DA:42,1
DA:43,1
DA:44,1
DA:45,1
DA:46,1
DA:47,1
DA:48,1
DA:49,1
DA:50,1
DA:51,1
DA:52,1
DA:53,1
DA:54,1
DA:55,1
DA:56,1
DA:57,1
DA:58,1
DA:59,1
DA:60,1
DA:61,1
DA:62,1
LF:62
LH:58
BRDA:27,0,0,1
BRDA:33,1,0,1
BRDA:34,2,0,0
BRDA:36,3,0,0
BRDA:51,4,0,1
BRF:5
BRH:3
end_of_record
TN:
SF:src/composables/useApi.js
FN:16,toLegacyError
FN:31,unwrap
FN:40,useApi
FN:42,get
FN:45,post
FN:48,put
FN:51,patch
FN:54,delete
FNF:8
FNH:8
FNDA:2,toLegacyError
FNDA:7,unwrap
FNDA:4,useApi
FNDA:2,get
FNDA:2,post
FNDA:1,put
FNDA:1,patch
FNDA:1,delete
DA:1,1
DA:2,1
DA:3,1
DA:4,1
DA:5,1
DA:6,1
DA:7,1
DA:8,1
DA:9,1
DA:10,1
DA:11,1
DA:12,1
DA:13,1
DA:14,1
DA:15,1
DA:16,2
DA:17,2
DA:18,2
DA:19,2
DA:20,2
DA:21,2
DA:22,2
DA:23,2
DA:24,2
DA:25,2
DA:26,2
DA:27,2
DA:28,2
DA:29,2
DA:30,1
DA:31,7
DA:32,7
DA:33,7
DA:34,5
DA:35,7
DA:36,2
DA:37,2
DA:38,7
DA:39,1
DA:40,1
DA:41,4
DA:42,4
DA:43,2
DA:44,4
DA:45,4
DA:46,2
DA:47,4
DA:48,4
DA:49,1
DA:50,4
DA:51,4
DA:52,1
DA:53,4
DA:54,4
DA:55,1
DA:56,1
DA:57,4
DA:58,4
LF:58
LH:58
BRDA:16,0,0,2
BRDA:18,1,0,1
BRDA:20,2,0,1
BRDA:21,3,0,1
BRDA:22,4,0,1
BRDA:26,5,0,1
BRDA:31,6,0,7
BRDA:33,7,0,5
BRDA:35,8,0,2
BRDA:40,9,0,4
BRDA:42,10,0,2
BRDA:45,11,0,2
BRDA:48,12,0,1
BRDA:51,13,0,1
BRDA:54,14,0,1
BRF:15
BRH:15
end_of_record
TN:
SF:src/composables/useApi.ts
FN:47,useApi
FNF:1
FNH:1
FNDA:2,useApi
DA:1,1
DA:2,1
DA:3,1
DA:4,1
DA:5,1
DA:6,1
DA:7,1
DA:8,1
DA:9,1
DA:10,1
DA:11,1
DA:12,1
DA:13,1
DA:14,1
DA:15,1
DA:16,1
DA:17,1
DA:18,1
DA:19,1
DA:20,1
DA:21,1
DA:22,1
DA:23,1
DA:24,1
DA:25,1
DA:26,1
DA:27,1
DA:28,1
DA:29,1
DA:30,1
DA:31,1
DA:32,1
DA:33,1
DA:34,1
DA:35,1
DA:36,1
DA:37,1
DA:38,1
DA:39,1
DA:40,1
DA:41,1
DA:42,1
DA:43,1
DA:44,1
DA:45,1
DA:46,1
DA:47,1
DA:48,2
DA:49,2
DA:50,2
DA:51,2
DA:52,2
DA:53,2
DA:54,2
DA:55,2
DA:56,2
LF:56
LH:56
BRDA:47,0,0,2
BRF:1
BRH:1
end_of_record
TN:
SF:src/composables/useAuth.js
FNF:0
FNH:0
DA:1,1
DA:2,1
DA:3,1
DA:4,1
DA:5,1
DA:6,1
LF:6
LH:6
BRF:0
BRH:0
end_of_record
TN:
SF:src/composables/useAuth.ts
FN:44,normalizeUser
FN:51,setTokens
FN:68,clearSession
FN:76,buildRegisterPayload
FN:92,buildAuthHeaders
FN:101,useAuth
FN:104,register
FN:120,login
FN:161,verifyTwoFactor
FN:184,fetchUserInfo
FN:202,refreshAccessToken
FN:221,logout
FN:228,requestPasswordReset
FN:243,confirmPasswordReset
FN:261,deleteAccount
FN:267,hasPermission
FN:271,checkAuth
FN:284,initialize
FNF:18
FNH:13
FNDA:4,normalizeUser
FNDA:6,setTokens
FNDA:3,clearSession
FNDA:1,buildRegisterPayload
FNDA:4,buildAuthHeaders
FNDA:27,useAuth
FNDA:1,register
FNDA:2,login
FNDA:1,verifyTwoFactor
FNDA:4,fetchUserInfo
FNDA:2,refreshAccessToken
FNDA:1,logout
FNDA:0,requestPasswordReset
FNDA:0,confirmPasswordReset
FNDA:0,deleteAccount
FNDA:0,hasPermission
FNDA:1,checkAuth
FNDA:0,initialize
DA:1,1
DA:2,1
DA:3,1
DA:4,1
DA:5,1
DA:6,1
DA:7,1
DA:8,1
DA:9,1
DA:10,1
DA:11,1
DA:12,1
DA:13,1
DA:14,1
DA:15,1
DA:16,1
DA:17,1
DA:18,1
DA:19,1
DA:20,1
DA:21,1
DA:22,1
DA:23,1
DA:24,1
DA:25,1
DA:26,1
DA:27,1
DA:28,1
DA:29,1
DA:30,1
DA:31,1
DA:32,1
DA:33,1
DA:34,1
DA:35,1
DA:36,1
DA:37,1
DA:38,1
DA:39,1
DA:40,1
DA:41,1
DA:42,1
DA:43,1
DA:44,4
DA:45,4
DA:46,0
DA:47,0
DA:48,4
DA:49,4
DA:50,1
DA:51,6
DA:52,6
DA:53,6
DA:54,6
DA:55,6
DA:56,3
DA:57,3
DA:58,3
DA:59,3
DA:60,6
DA:61,6
DA:62,3
DA:63,3
DA:64,3
DA:65,3
DA:66,6
DA:67,1
DA:68,3
DA:69,3
DA:70,3
DA:71,3
DA:72,3
DA:73,3
DA:74,3
DA:75,1
DA:76,1
DA:77,1
DA:78,1
DA:79,1
DA:80,1
DA:81,1
DA:82,1
DA:83,1
DA:84,1
DA:85,1
DA:86,1
DA:87,1
DA:88,1
DA:89,1
DA:90,1
DA:91,1
DA:92,4
DA:93,4
DA:94,0
DA:95,0
DA:96,4
DA:97,4
DA:98,4
DA:99,4
DA:100,1
DA:101,1
DA:102,27
DA:103,27
DA:104,27
DA:105,1
DA:106,1
DA:107,1
DA:108,1
DA:109,1
DA:110,1
DA:111,1
DA:112,1
DA:113,0
DA:114,0
DA:115,1
DA:116,1
DA:117,1
DA:118,1
DA:119,27
DA:120,27
DA:121,2
DA:122,2
DA:123,2
DA:124,2
DA:125,2
DA:126,2
DA:127,2
DA:128,2
DA:129,2
DA:130,2
DA:131,2
DA:132,2
DA:133,2
DA:134,2
DA:135,2
DA:136,1
DA:137,1
DA:138,1
DA:139,1
DA:140,1
DA:141,1
DA:142,1
DA:143,1
DA:144,2
DA:145,2
DA:146,2
DA:147,1
DA:148,2
DA:149,0
DA:150,0
DA:151,1
DA:152,1
DA:153,2
DA:154,0
DA:155,0
DA:156,2
DA:157,2
DA:158,2
DA:159,2
DA:160,27
DA:161,27
DA:162,1
DA:163,1
DA:164,1
DA:165,1
DA:166,1
DA:167,1
DA:168,1
DA:169,1
DA:170,1
DA:171,1
DA:172,1
DA:173,1
DA:174,1
DA:175,1
DA:176,1
DA:177,0
DA:178,0
DA:179,1
DA:180,1
DA:181,1
DA:182,1
DA:183,27
DA:184,27
DA:185,4
DA:186,0
DA:187,0
DA:188,0
DA:189,4
DA:190,4
DA:191,4
DA:192,4
DA:193,4
DA:194,3
DA:195,3
DA:196,4
DA:197,1
DA:198,1
DA:199,1
DA:200,4
DA:201,27
DA:202,27
DA:203,2
DA:204,1
DA:205,1
DA:206,1
DA:207,1
DA:208,1
DA:209,1
DA:210,1
DA:211,1
DA:212,2
DA:213,2
DA:214,2
DA:215,2
DA:216,0
DA:217,0
DA:218,0
DA:219,2
DA:220,27
DA:221,27
DA:222,1
DA:223,1
DA:224,0
DA:225,0
DA:226,1
DA:227,27
DA:228,27
DA:229,0
DA:230,0
DA:231,0
DA:232,0
DA:233,0
DA:234,0
DA:235,0
DA:236,0
DA:237,0
DA:238,0
DA:239,0
DA:240,0
DA:241,0
DA:242,27
DA:243,27
DA:244,0
DA:245,0
DA:246,0
DA:247,0
DA:248,0
DA:249,0
DA:250,0
DA:251,0
DA:252,0
DA:253,0
DA:254,0
DA:255,0
DA:256,0
DA:257,0
DA:258,0
DA:259,0
DA:260,27
DA:261,27
DA:262,0
DA:263,0
DA:264,0
DA:265,0
DA:266,27
DA:267,27
DA:268,0
DA:269,0
DA:270,27
DA:271,27
DA:272,1
DA:273,0
DA:274,0
DA:275,0
DA:276,1
DA:277,1
DA:278,1
DA:279,1
DA:280,0
DA:281,0
DA:282,1
DA:283,27
DA:284,27
DA:285,0
DA:286,0
DA:287,0
DA:288,0
DA:289,0
DA:290,0
DA:291,27
DA:292,27
DA:293,27
DA:294,27
DA:295,27
DA:296,27
DA:297,27
DA:298,27
DA:299,27
DA:300,27
DA:301,27
DA:302,27
DA:303,27
DA:304,27
DA:305,27
DA:306,27
DA:307,27
DA:308,27
DA:309,27
DA:310,27
DA:311,27
DA:312,27
DA:313,27
DA:314,27
DA:315,27
DA:316,27
LF:316
LH:250
BRDA:40,0,0,4
BRDA:40,1,0,2
BRDA:41,2,0,2
BRDA:41,3,0,1
BRDA:44,4,0,4
BRDA:45,5,0,0
BRDA:51,6,0,6
BRDA:55,7,0,3
BRDA:61,8,0,3
BRDA:68,9,0,3
BRDA:76,10,0,1
BRDA:77,11,0,0
BRDA:78,12,0,0
BRDA:78,13,0,0
BRDA:79,14,0,0
BRDA:85,15,0,0
BRDA:85,16,0,0
BRDA:86,17,0,0
BRDA:92,18,0,4
BRDA:93,19,0,0
BRDA:101,20,0,27
BRDA:102,21,0,0
BRDA:104,22,0,1
BRDA:112,23,0,0
BRDA:120,24,0,2
BRDA:135,25,0,1
BRDA:137,26,0,0
BRDA:144,27,0,0
BRDA:145,28,0,0
BRDA:145,29,0,0
BRDA:146,30,0,1
BRDA:148,31,0,0
BRDA:150,32,0,1
BRDA:153,33,0,0
BRDA:161,34,0,1
BRDA:170,35,0,0
BRDA:171,36,0,0
BRDA:171,37,0,0
BRDA:176,38,0,0
BRDA:184,39,0,4
BRDA:185,40,0,0
BRDA:193,41,0,3
BRDA:196,42,0,1
BRDA:202,43,0,2
BRDA:203,44,0,1
BRDA:212,45,0,0
BRDA:213,46,0,0
BRDA:213,47,0,0
BRDA:214,48,0,0
BRDA:215,49,0,0
BRDA:221,50,0,1
BRDA:223,51,0,0
BRDA:271,52,0,1
BRDA:272,53,0,0
BRDA:279,54,0,0
BRF:55
BRH:25
end_of_record
TN:
SF:src/composables/useCalculator.ts
FN:6,useCalculator
FN:12,calculate
FNF:2
FNH:2
FNDA:3,useCalculator
FNDA:3,calculate
DA:1,1
DA:2,1
DA:3,1
DA:4,1
DA:5,1
DA:6,1
DA:7,3
DA:8,3
DA:9,3
DA:10,3
DA:11,3
DA:12,3
DA:13,3
DA:14,3
DA:15,3
DA:16,3
DA:17,3
DA:18,3
DA:19,3
DA:20,3
DA:21,3
LF:21
LH:21
BRDA:6,0,0,3
BRDA:12,1,0,3
BRDA:14,2,0,2
BRF:3
BRH:3
end_of_record
TN:
SF:src/composables/useCategories.js
FNF:0
FNH:0
DA:1,1
DA:2,1
DA:3,1
DA:4,1
DA:5,1
DA:6,1
LF:6
LH:6
BRF:0
BRH:0
end_of_record
TN:
SF:src/composables/useCategories.ts
FN:23,useCategories
FNF:1
FNH:1
FNDA:1,useCategories
DA:1,1
DA:2,1
DA:3,1
DA:4,1
DA:5,1
DA:6,1
DA:7,1
DA:8,1
DA:9,1
DA:10,1
DA:11,1
DA:12,1
DA:13,1
DA:14,1
DA:15,1
DA:16,1
DA:17,1
DA:18,1
DA:19,1
DA:20,1
DA:21,1
DA:22,1
DA:23,1
DA:24,1
DA:25,1
DA:26,1
DA:27,1
DA:28,1
DA:29,1
DA:30,1
DA:31,1
DA:32,1
DA:33,1
DA:34,1
DA:35,1
DA:36,1
DA:37,1
LF:37
LH:37
BRDA:23,0,0,1
BRDA:26,1,0,0
BRF:2
BRH:1
end_of_record
TN:
SF:src/composables/useDiagnostic.js
FNF:0
FNH:0
DA:1,1
DA:2,1
DA:3,1
DA:4,1
DA:5,1
DA:6,1
DA:7,1
LF:7
LH:7
BRF:0
BRH:0
end_of_record
TN:
SF:src/composables/useDiagnostic.ts
FN:114,useDiagnostic
FN:132,getBrands
FN:137,getModelsByBrand
FN:144,getInstrument
FN:151,getBrand
FN:158,getApplicableComponents
FN:234,getAvailableFaults
FN:270,addFault
FN:290,removeFault
FN:297,clearFaults
FN:304,getEffectiveFaults
FN:318,calculateQuote
FN:384,validateName
FN:392,validateEmail
FN:400,validatePhone
FN:408,isValid
FN:422,reset
FN:435,getQuoteData
FNF:18
FNH:18
FNDA:7,useDiagnostic
FNDA:2,getBrands
FNDA:2,getModelsByBrand
FNDA:9,getInstrument
FNDA:5,getBrand
FNDA:3,getApplicableComponents
FNDA:4,getAvailableFaults
FNDA:5,addFault
FNDA:1,removeFault
FNDA:1,clearFaults
FNDA:4,getEffectiveFaults
FNDA:4,calculateQuote
FNDA:3,validateName
FNDA:3,validateEmail
FNDA:4,validatePhone
FNDA:2,isValid
FNDA:7,reset
FNDA:1,getQuoteData
DA:1,1
DA:2,1
DA:3,1
DA:4,1
DA:5,1
DA:6,1
DA:7,1
DA:8,1
DA:9,1
DA:10,1
DA:11,1
DA:12,1
DA:13,1
DA:14,1
DA:15,1
DA:16,1
DA:17,1
DA:18,1
DA:19,1
DA:20,1
DA:21,1
DA:22,1
DA:23,1
DA:24,1
DA:25,1
DA:26,1
DA:27,1
DA:28,1
DA:29,1
DA:30,1
DA:31,1
DA:32,1
DA:33,1
DA:34,1
DA:35,1
DA:36,1
DA:37,1
DA:38,1
DA:39,1
DA:40,1
DA:41,1
DA:42,1
DA:43,1
DA:44,1
DA:45,1
DA:46,1
DA:47,1
DA:48,1
DA:49,1
DA:50,1
DA:51,1
DA:52,1
DA:53,1
DA:54,1
DA:55,1
DA:56,1
DA:57,1
DA:58,1
DA:59,1
DA:60,1
DA:61,1
DA:62,1
DA:63,1
DA:64,1
DA:65,1
DA:66,1
DA:67,1
DA:68,1
DA:69,1
DA:70,1
DA:71,1
DA:72,1
DA:73,1
DA:74,1
DA:75,1
DA:76,1
DA:77,1
DA:78,1
DA:79,1
DA:80,1
DA:81,1
DA:82,1
DA:83,1
DA:84,1
DA:85,1
DA:86,1
DA:87,1
DA:88,1
DA:89,1
DA:90,1
DA:91,1
DA:92,1
DA:93,1
DA:94,1
DA:95,1
DA:96,1
DA:97,1
DA:98,1
DA:99,1
DA:100,1
DA:101,1
DA:102,1
DA:103,1
DA:104,1
DA:105,1
DA:106,1
DA:107,1
DA:108,1
DA:109,1
DA:110,1
DA:111,1
DA:112,1
DA:113,1
DA:114,1
DA:115,7
DA:116,7
DA:117,7
DA:118,7
DA:119,7
DA:120,7
DA:121,7
DA:122,7
DA:123,7
DA:124,7
DA:125,7
DA:126,7
DA:127,7
DA:128,7
DA:129,7
DA:130,7
DA:131,7
DA:132,7
DA:133,7
DA:134,7
DA:135,7
DA:136,7
DA:137,7
DA:138,2
DA:139,2
DA:140,7
DA:141,7
DA:142,7
DA:143,7
DA:144,7
DA:145,9
DA:146,9
DA:147,7
DA:148,7
DA:149,7
DA:150,7
DA:151,7
DA:152,5
DA:153,5
DA:154,7
DA:155,7
DA:156,7
DA:157,7
DA:158,7
DA:159,3
DA:160,3
DA:161,2
DA:162,2
DA:163,2
DA:164,2
DA:165,3
DA:166,0
DA:167,0
DA:168,0
DA:169,0
DA:170,0
DA:171,0
DA:172,2
DA:173,3
DA:174,0
DA:175,0
DA:176,0
DA:177,0
DA:178,0
DA:179,0
DA:180,2
DA:181,3
DA:182,0
DA:183,0
DA:184,0
DA:185,0
DA:186,0
DA:187,0
DA:188,2
DA:189,2
DA:190,3
DA:191,0
DA:192,0
DA:193,0
DA:194,0
DA:195,0
DA:196,2
DA:197,2
DA:198,3
DA:199,0
DA:200,0
DA:201,0
DA:202,0
DA:203,0
DA:204,2
DA:205,2
DA:206,3
DA:207,0
DA:208,0
DA:209,0
DA:210,0
DA:211,0
DA:212,2
DA:213,2
DA:214,2
DA:215,2
DA:216,2
DA:217,2
DA:218,2
DA:219,2
DA:220,2
DA:221,2
DA:222,2
DA:223,2
DA:224,2
DA:225,2
DA:226,2
DA:227,2
DA:228,2
DA:229,3
DA:230,7
DA:231,7
DA:232,7
DA:233,7
DA:234,7
DA:235,4
DA:236,3
DA:237,3
DA:238,4
DA:239,2
DA:240,2
DA:241,2
DA:242,2
DA:243,2
DA:244,2
DA:245,2
DA:246,4
DA:247,4
DA:248,4
DA:249,2
DA:250,2
DA:251,2
DA:252,2
DA:253,2
DA:254,2
DA:255,2
DA:256,2
DA:257,2
DA:258,2
DA:259,2
DA:260,2
DA:261,2
DA:262,2
DA:263,2
DA:264,2
DA:265,4
DA:266,7
DA:267,7
DA:268,7
DA:269,7
DA:270,7
DA:271,5
DA:272,5
DA:273,4
DA:274,4
DA:275,5
DA:276,1
DA:277,5
DA:278,3
DA:279,3
DA:280,3
DA:281,3
DA:282,1
DA:283,1
DA:284,3
DA:285,5
DA:286,7
DA:287,7
DA:288,7
DA:289,7
DA:290,7
DA:291,1
DA:292,1
DA:293,7
DA:294,7
DA:295,7
DA:296,7
DA:297,7
DA:298,1
DA:299,1
DA:300,7
DA:301,7
DA:302,7
DA:303,7
DA:304,7
DA:305,4
DA:306,4
DA:307,4
DA:308,4
DA:309,4
DA:310,4
DA:311,0
DA:312,0
DA:313,4
DA:314,7
DA:315,7
DA:316,7
DA:317,7
DA:318,7
DA:319,4
DA:320,2
DA:321,2
DA:322,2
DA:323,2
DA:324,4
DA:325,2
DA:326,2
DA:327,2
DA:328,2
DA:329,2
DA:330,2
DA:331,2
DA:332,2
DA:333,2
DA:334,2
DA:335,2
DA:336,2
DA:337,2
DA:338,2
DA:339,4
DA:340,4
DA:341,4
DA:342,4
DA:343,4
DA:344,4
DA:345,4
DA:346,4
DA:347,4
DA:348,4
DA:349,4
DA:350,4
DA:351,4
DA:352,4
DA:353,4
DA:354,4
DA:355,4
DA:356,4
DA:357,2
DA:358,2
DA:359,0
DA:360,2
DA:361,0
DA:362,2
DA:363,2
DA:364,2
DA:365,2
DA:366,2
DA:367,2
DA:368,2
DA:369,2
DA:370,2
DA:371,2
DA:372,2
DA:373,2
DA:374,2
DA:375,2
DA:376,4
DA:377,4
DA:378,4
DA:379,4
DA:380,7
DA:381,7
DA:382,7
DA:383,7
DA:384,7
DA:385,3
DA:386,3
DA:387,3
DA:388,7
DA:389,7
DA:390,7
DA:391,7
DA:392,7
DA:393,3
DA:394,3
DA:395,3
DA:396,7
DA:397,7
DA:398,7
DA:399,7
DA:400,7
DA:401,4
DA:402,3
DA:403,4
DA:404,7
DA:405,7
DA:406,7
DA:407,7
DA:408,7
DA:409,2
DA:410,2
DA:411,1
DA:412,1
DA:413,1
DA:414,1
DA:415,1
DA:416,2
DA:417,2
DA:418,7
DA:419,7
DA:420,7
DA:421,7
DA:422,7
DA:423,7
DA:424,7
DA:425,7
DA:426,7
DA:427,7
DA:428,7
DA:429,7
DA:430,7
DA:431,7
DA:432,7
DA:433,7
DA:434,7
DA:435,7
DA:436,1
DA:437,1
DA:438,1
DA:439,1
DA:440,1
DA:441,1
DA:442,1
DA:443,1
DA:444,1
DA:445,1
DA:446,1
DA:447,1
DA:448,1
DA:449,1
DA:450,1
DA:451,1
DA:452,1
DA:453,1
DA:454,1
DA:455,1
DA:456,7
DA:457,7
DA:458,7
DA:459,7
DA:460,7
DA:461,7
DA:462,7
DA:463,7
DA:464,7
DA:465,7
DA:466,7
DA:467,7
DA:468,7
DA:469,7
DA:470,7
DA:471,7
DA:472,7
DA:473,7
DA:474,7
DA:475,7
DA:476,7
DA:477,7
DA:478,7
DA:479,7
DA:480,7
DA:481,7
DA:482,7
DA:483,7
DA:484,7
DA:485,7
DA:486,7
DA:487,7
DA:488,7
DA:489,7
DA:490,7
DA:491,7
LF:491
LH:454
BRDA:114,0,0,7
BRDA:125,1,0,4
BRDA:126,2,0,5
BRDA:127,3,0,5
BRDA:132,4,0,2
BRDA:137,5,0,2
BRDA:138,6,0,462
BRDA:144,7,0,9
BRDA:145,8,0,865
BRDA:151,9,0,5
BRDA:152,10,0,33
BRDA:158,11,0,3
BRDA:160,12,0,2
BRDA:160,13,0,1
BRDA:165,14,0,0
BRDA:165,15,0,0
BRDA:171,16,0,2
BRDA:173,17,0,0
BRDA:173,18,0,0
BRDA:179,19,0,2
BRDA:181,20,0,0
BRDA:181,21,0,0
BRDA:187,22,0,2
BRDA:190,23,0,0
BRDA:195,24,0,2
BRDA:198,25,0,0
BRDA:203,26,0,2
BRDA:206,27,0,0
BRDA:211,28,0,2
BRDA:234,29,0,4
BRDA:235,30,0,1
BRDA:235,31,0,3
BRDA:238,32,0,2
BRDA:238,33,0,1
BRDA:245,34,0,4
BRDA:246,35,0,4
BRDA:263,36,0,22
BRDA:264,37,0,22
BRDA:270,38,0,5
BRDA:272,39,0,1
BRDA:272,40,0,4
BRDA:275,41,0,1
BRDA:277,42,0,3
BRDA:281,43,0,2
BRDA:281,44,0,1
BRDA:279,45,0,2
BRDA:290,46,0,1
BRDA:291,47,0,1
BRDA:297,48,0,1
BRDA:304,49,0,4
BRDA:310,50,0,0
BRDA:306,51,0,4
BRDA:318,52,0,4
BRDA:319,53,0,3
BRDA:319,54,0,2
BRDA:324,55,0,0
BRDA:324,56,0,2
BRDA:339,57,0,0
BRDA:339,58,0,2
BRDA:350,59,0,0
BRDA:356,60,0,2
BRDA:358,61,0,0
BRDA:360,62,0,0
BRDA:376,63,0,0
BRDA:330,64,0,2
BRDA:377,65,0,2
BRDA:377,66,0,2
BRDA:384,67,0,3
BRDA:385,68,0,0
BRDA:392,69,0,3
BRDA:393,70,0,0
BRDA:400,71,0,4
BRDA:401,72,0,1
BRDA:401,73,0,3
BRDA:408,74,0,2
BRDA:410,75,0,1
BRDA:411,76,0,1
BRDA:412,77,0,1
BRDA:413,78,0,1
BRDA:414,79,0,1
BRDA:422,80,0,7
BRDA:435,81,0,1
BRDA:445,82,0,0
BRDA:446,83,0,0
BRF:84
BRH:64
end_of_record
TN:
SF:src/composables/useDiagnostics.js
FNF:0
FNH:0
DA:1,1
DA:2,1
DA:3,1
DA:4,1
DA:5,1
DA:6,1
LF:6
LH:6
BRF:0
BRH:0
end_of_record
TN:
SF:src/composables/useDiagnostics.ts
FN:24,useDiagnostics
FNF:1
FNH:1
FNDA:1,useDiagnostics
DA:1,1
DA:2,1
DA:3,1
DA:4,1
DA:5,1
DA:6,1
DA:7,1
DA:8,1
DA:9,1
DA:10,1
DA:11,1
DA:12,1
DA:13,1
DA:14,1
DA:15,1
DA:16,1
DA:17,1
DA:18,1
DA:19,1
DA:20,1
DA:21,1
DA:22,1
DA:23,1
DA:24,1
DA:25,1
DA:26,1
DA:27,1
DA:28,1
DA:29,1
DA:30,1
DA:31,1
DA:32,1
DA:33,1
DA:34,1
DA:35,1
DA:36,1
DA:37,1
DA:38,1
DA:39,1
DA:40,1
LF:40
LH:40
BRDA:24,0,0,1
BRDA:28,1,0,0
BRF:2
BRH:1
end_of_record
TN:
SF:src/composables/useInstruments.js
FNF:0
FNH:0
DA:1,1
DA:2,1
DA:3,1
DA:4,1
DA:5,1
DA:6,1
LF:6
LH:6
BRF:0
BRH:0
end_of_record
TN:
SF:src/composables/useInstruments.ts
FN:67,syncViaAPI
FN:104,loadFromJSON
FN:134,autoSync
FN:150,useInstruments
FN:167,sync
FN:168,syncViaAPI
FN:177,getInstruments
FN:181,getInstrumentsByMarca
FN:185,getInstrumentById
FN:189,getInstrumentsByType
FN:193,getTotalInstruments
FNF:11
FNH:11
FNDA:2,syncViaAPI
FNDA:1,loadFromJSON
FNDA:1,autoSync
FNDA:5,useInstruments
FNDA:1,sync
FNDA:1,syncViaAPI
FNDA:1,getInstruments
FNDA:1,getInstrumentsByMarca
FNDA:2,getInstrumentById
FNDA:1,getInstrumentsByType
FNDA:2,getTotalInstruments
DA:1,1
DA:2,1
DA:3,1
DA:4,1
DA:5,1
DA:6,1
DA:7,1
DA:8,1
DA:9,1
DA:10,1
DA:11,1
DA:12,1
DA:13,1
DA:14,1
DA:15,1
DA:16,1
DA:17,1
DA:18,1
DA:19,1
DA:20,1
DA:21,1
DA:22,1
DA:23,1
DA:24,1
DA:25,1
DA:26,1
DA:27,1
DA:28,1
DA:29,1
DA:30,1
DA:31,1
DA:32,1
DA:33,1
DA:34,1
DA:35,1
DA:36,1
DA:37,1
DA:38,1
DA:39,1
DA:40,1
DA:41,1
DA:42,1
DA:43,1
DA:44,1
DA:45,1
DA:46,1
DA:47,1
DA:48,1
DA:49,1
DA:50,1
DA:51,1
DA:52,1
DA:53,1
DA:54,1
DA:55,1
DA:56,1
DA:57,1
DA:58,1
DA:59,1
DA:60,1
DA:61,1
DA:62,1
DA:63,1
DA:64,1
DA:65,1
DA:66,1
DA:67,2
DA:68,2
DA:69,2
DA:70,2
DA:71,2
DA:72,2
DA:73,2
DA:74,2
DA:75,1
DA:76,2
DA:77,0
DA:78,0
DA:79,1
DA:80,1
DA:81,2
DA:82,2
DA:83,2
DA:84,2
DA:85,2
DA:86,2
DA:87,2
DA:88,2
DA:89,2
DA:90,2
DA:91,2
DA:92,2
DA:93,1
DA:94,1
DA:95,2
DA:96,2
DA:97,2
DA:98,2
DA:99,1
DA:100,1
DA:101,1
DA:102,1
DA:103,1
DA:104,1
DA:105,1
DA:106,1
DA:107,1
DA:108,1
DA:109,1
DA:110,1
DA:111,1
DA:112,1
DA:113,1
DA:114,1
DA:115,1
DA:116,1
DA:117,1
DA:118,1
DA:119,1
DA:120,1
DA:121,0
DA:122,0
DA:123,0
DA:124,1
DA:125,1
DA:126,1
DA:127,1
DA:128,1
DA:129,1
DA:130,1
DA:131,1
DA:132,1
DA:133,1
DA:134,1
DA:135,1
DA:136,1
DA:137,1
DA:138,1
DA:139,0
DA:140,0
DA:141,1
DA:142,1
DA:143,1
DA:144,1
DA:145,1
DA:146,1
DA:147,1
DA:148,1
DA:149,1
DA:150,1
DA:151,5
DA:152,5
DA:153,5
DA:154,5
DA:155,5
DA:156,5
DA:157,5
DA:158,5
DA:159,5
DA:160,5
DA:161,5
DA:162,5
DA:163,5
DA:164,5
DA:165,5
DA:166,5
DA:167,5
DA:168,5
DA:169,5
DA:170,5
DA:171,5
DA:172,1
DA:173,1
DA:174,1
DA:175,1
DA:176,1
DA:177,1
DA:178,1
DA:179,1
DA:180,1
DA:181,1
DA:182,1
DA:183,1
DA:184,1
DA:185,1
DA:186,2
DA:187,2
DA:188,1
DA:189,1
DA:190,1
DA:191,1
DA:192,1
DA:193,1
DA:194,2
DA:195,2
LF:195
LH:188
BRDA:67,0,0,2
BRDA:72,1,0,1
BRDA:72,2,0,1
BRDA:74,3,0,1
BRDA:76,4,0,0
BRDA:78,5,0,1
BRDA:81,6,0,0
BRDA:81,7,0,0
BRDA:92,8,0,1
BRDA:95,9,0,0
BRDA:104,10,0,1
BRDA:120,11,0,0
BRDA:134,12,0,1
BRDA:138,13,0,0
BRDA:150,14,0,5
BRDA:157,15,0,1
BRDA:165,16,0,1
BRDA:166,17,0,1
BRDA:167,18,0,1
BRDA:168,19,0,1
BRDA:177,20,0,1
BRDA:181,21,0,1
BRDA:182,22,0,231
BRDA:185,23,0,2
BRDA:186,24,0,2
BRDA:189,25,0,1
BRDA:190,26,0,231
BRDA:193,27,0,2
BRF:28
BRH:22
end_of_record
TN:
SF:src/composables/useInstrumentsCatalog.js
FNF:0
FNH:0
DA:1,1
DA:2,1
DA:3,1
DA:4,1
DA:5,1
DA:6,1
LF:6
LH:6
BRF:0
BRH:0
end_of_record
TN:
SF:src/composables/useInstrumentsCatalog.ts
FN:94,toCanonicalBrand
FN:97,toBrandId
FN:102,normalizeModel
FN:104,buildInstrumentPath
FN:107,useInstrumentsCatalog
FN:178,getBrandById
FN:181,getAllBrands
FN:189,getInstrumentImage
FN:202,getInstrumentImageVariants
FN:219,getBrandLogo
FN:231,enrichInstrument
FN:241,getInstrumentsByBrand
FN:247,getInstrumentById
FN:252,searchInstruments
FNF:14
FNH:12
FNDA:474,toCanonicalBrand
FNDA:243,toBrandId
FNDA:693,normalizeModel
FNDA:233,buildInstrumentPath
FNDA:1,useInstrumentsCatalog
FNDA:2,getBrandById
FNDA:1,getAllBrands
FNDA:2,getInstrumentImage
FNDA:0,getInstrumentImageVariants
FNDA:2,getBrandLogo
FNDA:2,enrichInstrument
FNDA:0,getInstrumentsByBrand
FNDA:1,getInstrumentById
FNDA:1,searchInstruments
DA:1,1
DA:2,1
DA:3,1
DA:4,1
DA:5,1
DA:6,1
DA:7,1
DA:8,1
DA:9,1
DA:10,1
DA:11,1
DA:12,1
DA:13,1
DA:14,1
DA:15,1
DA:16,1
DA:17,1
DA:18,1
DA:19,1
DA:20,1
DA:21,1
DA:22,1
DA:23,1
DA:24,1
DA:25,1
DA:26,1
DA:27,1
DA:28,1
DA:29,1
DA:30,1
DA:31,1
DA:32,1
DA:33,1
DA:34,1
DA:35,1
DA:36,1
DA:37,1
DA:38,1
DA:39,1
DA:40,1
DA:41,1
DA:42,1
DA:43,1
DA:44,1
DA:45,1
DA:46,1
DA:47,1
DA:48,1
DA:49,1
DA:50,1
DA:51,1
DA:52,1
DA:53,1
DA:54,1
DA:55,1
DA:56,1
DA:57,1
DA:58,1
DA:59,1
DA:60,1
DA:61,1
DA:62,1
DA:63,1
DA:64,1
DA:65,1
DA:66,1
DA:67,1
DA:68,1
DA:69,1
DA:70,1
DA:71,1
DA:72,1
DA:73,1
DA:74,1
DA:75,1
DA:76,1
DA:77,1
DA:78,1
DA:79,1
DA:80,1
DA:81,1
DA:82,1
DA:83,1
DA:84,1
DA:85,1
DA:86,1
DA:87,1
DA:88,1
DA:89,1
DA:90,1
DA:91,1
DA:92,1
DA:93,1
DA:94,1
DA:95,474
DA:96,1
DA:97,1
DA:98,243
DA:99,243
DA:100,243
DA:101,1
DA:102,1
DA:103,1
DA:104,1
DA:105,233
DA:106,1
DA:107,1
DA:108,1
DA:109,1
DA:110,1
DA:111,0
DA:112,1
DA:113,1
DA:114,231
DA:115,231
DA:116,231
DA:117,231
DA:118,0
DA:119,231
DA:120,231
DA:121,231
DA:122,231
DA:123,231
DA:124,231
DA:125,231
DA:126,231
DA:127,231
DA:128,231
DA:129,231
DA:130,231
DA:131,231
DA:132,231
DA:133,231
DA:134,231
DA:135,231
DA:136,231
DA:137,231
DA:138,1
DA:139,1
DA:140,1
DA:141,1
DA:142,1
DA:143,0
DA:144,1
DA:145,1
DA:146,1
DA:147,1
DA:148,231
DA:149,231
DA:150,231
DA:151,231
DA:152,1
DA:153,1
DA:154,1
DA:155,1
DA:156,229
DA:157,12
DA:158,12
DA:159,1
DA:160,1
DA:161,1
DA:162,1
DA:163,1
DA:164,1
DA:165,1
DA:166,1
DA:167,0
DA:168,0
DA:169,0
DA:170,0
DA:171,0
DA:172,0
DA:173,1
DA:174,1
DA:175,1
DA:176,1
DA:177,1
DA:178,1
DA:179,2
DA:180,1
DA:181,1
DA:182,1
DA:183,1
DA:184,1
DA:185,1
DA:186,0
DA:187,1
DA:188,1
DA:189,1
DA:190,2
DA:191,2
DA:192,2
DA:193,2
DA:194,0
DA:195,0
DA:196,2
DA:197,0
DA:198,0
DA:199,0
DA:200,2
DA:201,1
DA:202,1
DA:203,0
DA:204,0
DA:205,0
DA:206,0
DA:207,0
DA:208,0
DA:209,0
DA:210,0
DA:211,0
DA:212,0
DA:213,0
DA:214,0
DA:215,0
DA:216,0
DA:217,0
DA:218,1
DA:219,1
DA:220,2
DA:221,2
DA:222,0
DA:223,0
DA:224,0
DA:225,0
DA:226,0
DA:227,0
DA:228,2
DA:229,2
DA:230,1
DA:231,1
DA:232,2
DA:233,2
DA:234,2
DA:235,2
DA:236,2
DA:237,2
DA:238,2
DA:239,2
DA:240,1
DA:241,1
DA:242,0
DA:243,0
DA:244,0
DA:245,0
DA:246,1
DA:247,1
DA:248,1
DA:249,1
DA:250,1
DA:251,1
DA:252,1
DA:253,1
DA:254,1
DA:255,1
DA:256,1
DA:257,229
DA:258,228
DA:259,228
DA:260,1
DA:261,1
DA:262,1
DA:263,1
DA:264,1
DA:265,1
DA:266,1
DA:267,1
DA:268,1
DA:269,1
DA:270,1
DA:271,1
DA:272,1
DA:273,1
DA:274,0
DA:275,1
DA:276,1
DA:277,1
DA:278,1
DA:279,1
DA:280,1
DA:281,1
DA:282,1
DA:283,1
DA:284,1
DA:285,1
DA:286,1
DA:287,1
DA:288,1
DA:289,1
DA:290,1
DA:291,1
LF:291
LH:250
BRDA:94,0,0,474
BRDA:97,1,0,243
BRDA:98,2,0,0
BRDA:99,3,0,10
BRDA:102,4,0,693
BRDA:102,5,0,0
BRDA:104,6,0,233
BRDA:107,7,0,1
BRDA:110,8,0,0
BRDA:142,9,0,0
BRDA:162,10,0,0
BRDA:113,11,0,231
BRDA:117,12,0,0
BRDA:135,13,0,2
BRDA:142,14,0,12
BRDA:147,15,0,231
BRDA:148,16,0,229
BRDA:151,17,0,229
BRDA:151,18,0,229
BRDA:155,19,0,229
BRDA:156,20,0,12
BRDA:161,21,0,229
BRDA:163,22,0,12
BRDA:165,23,0,12
BRDA:165,24,0,78
BRDA:178,25,0,2
BRDA:179,26,0,2
BRDA:181,27,0,1
BRDA:185,28,0,0
BRDA:184,29,0,11
BRDA:189,30,0,2
BRDA:192,31,0,0
BRDA:193,32,0,0
BRDA:196,33,0,0
BRDA:219,34,0,2
BRDA:220,35,0,0
BRDA:221,36,0,0
BRDA:231,37,0,2
BRDA:236,38,0,0
BRDA:237,39,0,0
BRDA:237,40,0,0
BRDA:247,41,0,1
BRDA:249,42,0,0
BRDA:248,43,0,1
BRDA:252,44,0,1
BRDA:253,45,0,0
BRDA:256,46,0,229
BRDA:257,47,0,0
BRDA:257,48,0,228
BRDA:258,49,0,0
BRDA:258,50,0,228
BRDA:259,51,0,0
BRDA:261,52,0,1
BRDA:264,53,0,1
BRDA:273,54,0,0
BRDA:267,55,0,229
BRF:56
BRH:35
end_of_record
TN:
SF:src/composables/useInventory.js
FNF:0
FNH:0
DA:1,1
DA:2,1
DA:3,1
DA:4,1
DA:5,1
DA:6,1
LF:6
LH:6
BRF:0
BRH:0
end_of_record
TN:
SF:src/composables/useInventory.ts
FN:38,useInventory
FN:52,refresh
FNF:2
FNH:1
FNDA:1,useInventory
FNDA:0,refresh
DA:1,1
DA:2,1
DA:3,1
DA:4,1
DA:5,1
DA:6,1
DA:7,1
DA:8,1
DA:9,1
DA:10,1
DA:11,1
DA:12,1
DA:13,1
DA:14,1
DA:15,1
DA:16,1
DA:17,1
DA:18,1
DA:19,1
DA:20,1
DA:21,1
DA:22,1
DA:23,1
DA:24,1
DA:25,1
DA:26,1
DA:27,1
DA:28,1
DA:29,1
DA:30,1
DA:31,1
DA:32,1
DA:33,1
DA:34,1
DA:35,1
DA:36,1
DA:37,1
DA:38,1
DA:39,1
DA:40,1
DA:41,1
DA:42,1
DA:43,1
DA:44,1
DA:45,1
DA:46,1
DA:47,1
DA:48,1
DA:49,1
DA:50,1
DA:51,1
DA:52,1
DA:53,0
DA:54,0
DA:55,0
DA:56,0
DA:57,1
DA:58,1
DA:59,1
DA:60,1
DA:61,1
DA:62,1
DA:63,1
DA:64,1
DA:65,1
DA:66,1
DA:67,1
DA:68,1
DA:69,1
DA:70,1
DA:71,1
DA:72,1
DA:73,1
DA:74,1
DA:75,1
DA:76,1
DA:77,1
DA:78,1
LF:78
LH:74
BRDA:38,0,0,1
BRDA:42,1,0,0
BRF:2
BRH:1
end_of_record
TN:
SF:src/composables/useMonitoring.ts
FN:1,(empty-report)
FNF:1
FNH:0
FNDA:0,(empty-report)
DA:1,0
DA:2,0
DA:3,0
DA:4,0
DA:5,0
DA:6,0
DA:7,0
DA:8,0
DA:9,0
DA:10,0
DA:11,0
DA:12,0
DA:13,0
DA:14,0
DA:15,0
DA:16,0
DA:17,0
DA:18,0
DA:19,0
DA:20,0
DA:21,0
DA:22,0
DA:23,0
DA:24,0
DA:25,0
DA:26,0
DA:27,0
DA:28,0
DA:29,0
DA:30,0
DA:31,0
DA:32,0
DA:33,0
DA:34,0
DA:35,0
DA:36,0
DA:37,0
DA:38,0
DA:39,0
DA:40,0
DA:41,0
DA:42,0
DA:43,0
DA:44,0
DA:45,0
DA:46,0
DA:47,0
DA:48,0
DA:49,0
DA:50,0
DA:51,0
DA:52,0
DA:53,0
DA:54,0
DA:55,0
DA:56,0
DA:57,0
DA:58,0
DA:59,0
DA:60,0
DA:61,0
DA:62,0
DA:63,0
DA:64,0
DA:65,0
DA:66,0
DA:67,0
DA:68,0
DA:69,0
DA:70,0
DA:71,0
DA:72,0
DA:73,0
DA:74,0
DA:75,0
DA:76,0
DA:77,0
DA:78,0
DA:79,0
DA:80,0
DA:81,0
DA:82,0
DA:83,0
DA:84,0
DA:85,0
DA:86,0
DA:87,0
DA:88,0
DA:89,0
DA:90,0
DA:91,0
DA:92,0
DA:93,0
DA:94,0
DA:95,0
DA:96,0
DA:97,0
DA:98,0
DA:99,0
DA:100,0
DA:101,0
DA:102,0
DA:103,0
DA:104,0
DA:105,0
DA:106,0
DA:107,0
DA:108,0
DA:109,0
DA:110,0
DA:111,0
DA:112,0
DA:113,0
DA:114,0
DA:115,0
DA:116,0
DA:117,0
DA:118,0
DA:119,0
DA:120,0
DA:121,0
DA:122,0
DA:123,0
DA:124,0
DA:125,0
DA:126,0
DA:127,0
DA:128,0
DA:129,0
DA:130,0
DA:131,0
DA:132,0
DA:133,0
DA:134,0
DA:135,0
DA:136,0
DA:137,0
DA:138,0
DA:139,0
DA:140,0
DA:141,0
DA:142,0
DA:143,0
DA:144,0
DA:145,0
DA:146,0
DA:147,0
DA:148,0
DA:149,0
DA:150,0
DA:151,0
DA:152,0
DA:153,0
DA:154,0
DA:155,0
DA:156,0
DA:157,0
DA:158,0
DA:159,0
DA:160,0
DA:161,0
DA:162,0
DA:163,0
DA:164,0
DA:165,0
DA:166,0
DA:167,0
DA:168,0
DA:169,0
DA:170,0
DA:171,0
DA:172,0
DA:173,0
DA:174,0
DA:175,0
DA:176,0
DA:177,0
DA:178,0
DA:179,0
DA:180,0
DA:181,0
DA:182,0
DA:183,0
DA:184,0
DA:185,0
DA:186,0
DA:187,0
DA:188,0
DA:189,0
DA:190,0
DA:191,0
DA:192,0
DA:193,0
DA:194,0
DA:195,0
DA:196,0
DA:197,0
DA:198,0
LF:198
LH:0
BRDA:1,0,0,0
BRF:1
BRH:0
end_of_record
TN:
SF:src/composables/useQuotation.js
FNF:0
FNH:0
DA:1,1
DA:2,1
DA:3,1
DA:4,1
DA:5,1
DA:6,1
LF:6
LH:6
BRF:0
BRH:0
end_of_record
TN:
SF:src/composables/useQuotation.ts
FN:69,useQuotation
FN:87,estimate
FN:146,reset
FN:157,copyPriceRange
FNF:4
FNH:2
FNDA:1,useQuotation
FNDA:0,estimate
FNDA:1,reset
FNDA:0,copyPriceRange
DA:1,1
DA:2,1
DA:3,1
DA:4,1
DA:5,1
DA:6,1
DA:7,1
DA:8,1
DA:9,1
DA:10,1
DA:11,1
DA:12,1
DA:13,1
DA:14,1
DA:15,1
DA:16,1
DA:17,1
DA:18,1
DA:19,1
DA:20,1
DA:21,1
DA:22,1
DA:23,1
DA:24,1
DA:25,1
DA:26,1
DA:27,1
DA:28,1
DA:29,1
DA:30,1
DA:31,1
DA:32,1
DA:33,1
DA:34,1
DA:35,1
DA:36,1
DA:37,1
DA:38,1
DA:39,1
DA:40,1
DA:41,1
DA:42,1
DA:43,1
DA:44,1
DA:45,1
DA:46,1
DA:47,1
DA:48,1
DA:49,1
DA:50,1
DA:51,1
DA:52,1
DA:53,1
DA:54,1
DA:55,1
DA:56,1
DA:57,1
DA:58,1
DA:59,1
DA:60,1
DA:61,1
DA:62,1
DA:63,1
DA:64,1
DA:65,1
DA:66,1
DA:67,1
DA:68,1
DA:69,1
DA:70,1
DA:71,1
DA:72,1
DA:73,1
DA:74,1
DA:75,1
DA:76,1
DA:77,1
DA:78,1
DA:79,1
DA:80,1
DA:81,1
DA:82,1
DA:83,1
DA:84,1
DA:85,1
DA:86,1
DA:87,1
DA:88,0
DA:89,0
DA:90,0
DA:91,0
DA:92,0
DA:93,0
DA:94,0
DA:95,0
DA:96,0
DA:97,0
DA:98,0
DA:99,0
DA:100,0
DA:101,0
DA:102,0
DA:103,0
DA:104,0
DA:105,0
DA:106,0
DA:107,0
DA:108,0
DA:109,0
DA:110,0
DA:111,0
DA:112,0
DA:113,0
DA:114,0
DA:115,0
DA:116,0
DA:117,0
DA:118,0
DA:119,0
DA:120,0
DA:121,0
DA:122,0
DA:123,0
DA:124,0
DA:125,0
DA:126,0
DA:127,0
DA:128,0
DA:129,0
DA:130,0
DA:131,0
DA:132,0
DA:133,0
DA:134,0
DA:135,0
DA:136,0
DA:137,0
DA:138,0
DA:139,0
DA:140,0
DA:141,0
DA:142,1
DA:143,1
DA:144,1
DA:145,1
DA:146,1
DA:147,1
DA:148,1
DA:149,1
DA:150,1
DA:151,1
DA:152,1
DA:153,1
DA:154,1
DA:155,1
DA:156,1
DA:157,1
DA:158,0
DA:159,0
DA:160,0
DA:161,0
DA:162,0
DA:163,0
DA:164,0
DA:165,0
DA:166,0
DA:167,0
DA:168,0
DA:169,0
DA:170,0
DA:171,1
DA:172,1
DA:173,1
DA:174,1
DA:175,1
DA:176,1
DA:177,1
DA:178,1
DA:179,1
DA:180,1
DA:181,1
DA:182,1
DA:183,1
DA:184,1
DA:185,1
DA:186,1
DA:187,1
DA:188,1
DA:189,1
DA:190,1
DA:191,1
DA:192,1
DA:193,1
DA:194,1
DA:195,1
DA:196,1
DA:197,1
DA:198,1
DA:199,1
DA:200,1
DA:201,1
DA:202,1
DA:203,1
DA:204,1
DA:205,1
DA:206,1
DA:207,1
DA:208,1
DA:209,1
DA:210,1
DA:211,1
DA:212,1
DA:213,1
DA:214,1
DA:215,1
DA:216,1
DA:217,1
DA:218,1
DA:219,1
DA:220,1
DA:221,1
DA:222,1
DA:223,1
DA:224,1
DA:225,1
DA:226,1
DA:227,1
DA:228,1
DA:229,1
DA:230,1
DA:231,1
DA:232,1
DA:233,1
DA:234,1
DA:235,1
DA:236,1
DA:237,1
DA:238,1
DA:239,1
DA:240,1
DA:241,1
DA:242,1
DA:243,1
DA:244,1
DA:245,1
LF:245
LH:178
BRDA:69,0,0,1
BRDA:146,1,0,1
BRDA:173,2,0,2
BRDA:175,3,0,1
BRDA:175,4,0,0
BRDA:177,5,0,1
BRDA:177,6,0,0
BRDA:179,7,0,1
BRDA:179,8,0,0
BRDA:181,9,0,1
BRDA:182,10,0,0
BRDA:186,11,0,1
BRDA:195,12,0,1
BRDA:204,13,0,1
BRDA:213,14,0,1
BRF:15
BRH:11
end_of_record
TN:
SF:src/composables/useRepairs.js
FNF:0
FNH:0
DA:1,1
DA:2,1
DA:3,1
DA:4,1
DA:5,1
DA:6,1
LF:6
LH:6
BRF:0
BRH:0
end_of_record
TN:
SF:src/composables/useRepairs.ts
FN:31,useRepairs
FNF:1
FNH:1
FNDA:1,useRepairs
DA:1,1
DA:2,1
DA:3,1
DA:4,1
DA:5,1
DA:6,1
DA:7,1
DA:8,1
DA:9,1
DA:10,1
DA:11,1
DA:12,1
DA:13,1
DA:14,1
DA:15,1
DA:16,1
DA:17,1
DA:18,1
DA:19,1
DA:20,1
DA:21,1
DA:22,1
DA:23,1
DA:24,1
DA:25,1
DA:26,1
DA:27,1
DA:28,1
DA:29,1
DA:30,1
DA:31,1
DA:32,1
DA:33,1
DA:34,1
DA:35,1
DA:36,1
DA:37,1
DA:38,1
DA:39,1
DA:40,1
DA:41,1
DA:42,1
DA:43,1
DA:44,1
DA:45,1
DA:46,1
DA:47,1
DA:48,1
DA:49,1
DA:50,1
DA:51,1
DA:52,1
DA:53,1
DA:54,1
DA:55,1
DA:56,1
DA:57,1
DA:58,1
DA:59,1
LF:59
LH:59
BRDA:31,0,0,1
BRDA:40,1,0,0
BRF:2
BRH:1
end_of_record
TN:
SF:src/composables/useStockMovements.js
FNF:0
FNH:0
DA:1,1
DA:2,1
DA:3,1
DA:4,1
DA:5,1
DA:6,1
LF:6
LH:6
BRF:0
BRH:0
end_of_record
TN:
SF:src/composables/useStockMovements.ts
FN:23,useStockMovements
FNF:1
FNH:1
FNDA:2,useStockMovements
DA:1,1
DA:2,1
DA:3,1
DA:4,1
DA:5,1
DA:6,1
DA:7,1
DA:8,1
DA:9,1
DA:10,1
DA:11,1
DA:12,1
DA:13,1
DA:14,1
DA:15,1
DA:16,1
DA:17,1
DA:18,1
DA:19,1
DA:20,1
DA:21,1
DA:22,1
DA:23,1
DA:24,2
DA:25,2
DA:26,2
DA:27,2
DA:28,2
DA:29,2
DA:30,2
DA:31,2
DA:32,2
DA:33,2
DA:34,2
DA:35,2
DA:36,2
DA:37,2
LF:37
LH:37
BRDA:23,0,0,2
BRDA:27,1,0,1
BRF:2
BRH:2
end_of_record
TN:
SF:src/composables/useUsers.js
FNF:0
FNH:0
DA:1,1
DA:2,1
DA:3,1
DA:4,1
DA:5,1
DA:6,1
LF:6
LH:6
BRF:0
BRH:0
end_of_record
TN:
SF:src/composables/useUsers.ts
FN:25,useUsers
FNF:1
FNH:1
FNDA:1,useUsers
DA:1,1
DA:2,1
DA:3,1
DA:4,1
DA:5,1
DA:6,1
DA:7,1
DA:8,1
DA:9,1
DA:10,1
DA:11,1
DA:12,1
DA:13,1
DA:14,1
DA:15,1
DA:16,1
DA:17,1
DA:18,1
DA:19,1
DA:20,1
DA:21,1
DA:22,1
DA:23,1
DA:24,1
DA:25,1
DA:26,1
DA:27,1
DA:28,1
DA:29,1
DA:30,1
DA:31,1
DA:32,1
DA:33,1
DA:34,1
DA:35,1
DA:36,1
DA:37,1
DA:38,1
DA:39,1
LF:39
LH:39
BRDA:25,0,0,1
BRDA:28,1,0,0
BRF:2
BRH:1
end_of_record
TN:
SF:src/composables/useValidation.ts
FN:5,applyValidation
FNF:1
FNH:1
FNDA:3,applyValidation
DA:1,1
DA:2,1
DA:3,1
DA:4,1
DA:5,1
DA:6,3
DA:7,3
DA:8,3
DA:9,3
DA:10,1
DA:11,1
DA:12,1
DA:13,1
DA:14,1
DA:15,1
DA:16,2
DA:17,2
DA:18,2
DA:19,2
DA:20,2
DA:21,2
DA:22,2
DA:23,2
DA:24,3
DA:25,1
DA:26,1
DA:27,1
DA:28,1
DA:29,1
DA:30,3
LF:30
LH:30
BRDA:5,0,0,3
BRDA:9,1,0,1
BRDA:15,2,0,2
BRDA:24,3,0,1
BRDA:27,4,0,0
BRDA:12,5,0,1
BRDA:22,6,0,1
BRF:7
BRH:6
end_of_record
TN:
SF:src/composables/utils.js
FNF:0
FNH:0
DA:1,1
DA:2,1
DA:3,1
DA:4,1
DA:5,1
DA:6,1
LF:6
LH:6
BRF:0
BRH:0
end_of_record
TN:
SF:src/composables/utils.ts
FN:5,useUtils
FN:24,clamp
FN:35,isIOS
FN:44,isStringAnImageUrl
FN:51,isTouchDevice
FN:61,isValidEmail
FN:74,parseCustomText
FN:90,getAbsoluteLocation
FN:98,getRootLocation
FNF:9
FNH:9
FNDA:22,useUtils
FNDA:3,clamp
FNDA:1,isIOS
FNDA:2,isStringAnImageUrl
FNDA:1,isTouchDevice
FNDA:2,isValidEmail
FNDA:7,parseCustomText
FNDA:1,getAbsoluteLocation
FNDA:1,getRootLocation
DA:1,1
DA:2,1
DA:3,1
DA:4,1
DA:5,1
DA:6,22
DA:7,22
DA:8,22
DA:9,22
DA:10,22
DA:11,22
DA:12,22
DA:13,22
DA:14,22
DA:15,22
DA:16,22
DA:17,22
DA:18,22
DA:19,22
DA:20,22
DA:21,22
DA:22,22
DA:23,22
DA:24,22
DA:25,3
DA:26,1
DA:27,1
DA:28,2
DA:29,2
DA:30,3
DA:31,22
DA:32,22
DA:33,22
DA:34,22
DA:35,22
DA:36,1
DA:37,1
DA:38,1
DA:39,22
DA:40,22
DA:41,22
DA:42,22
DA:43,22
DA:44,22
DA:45,2
DA:46,2
DA:47,22
DA:48,22
DA:49,22
DA:50,22
DA:51,22
DA:52,1
DA:53,0
DA:54,0
DA:55,1
DA:56,22
DA:57,22
DA:58,22
DA:59,22
DA:60,22
DA:61,22
DA:62,2
DA:63,2
DA:64,2
DA:65,2
DA:66,2
DA:67,2
DA:68,22
DA:69,22
DA:70,22
DA:71,22
DA:72,22
DA:73,22
DA:74,22
DA:75,7
DA:76,1
DA:77,1
DA:78,6
DA:79,6
DA:80,1
DA:81,5
DA:82,7
DA:83,7
DA:84,7
DA:85,22
DA:86,22
DA:87,22
DA:88,22
DA:89,22
DA:90,22
DA:91,1
DA:92,1
DA:93,1
DA:94,22
DA:95,22
DA:96,22
DA:97,22
DA:98,22
DA:99,1
DA:100,1
DA:101,1
DA:102,1
DA:103,1
DA:104,22
DA:105,22
DA:106,22
DA:107,22
DA:108,22
DA:109,22
DA:110,22
DA:111,22
DA:112,22
DA:113,22
DA:114,22
DA:115,22
DA:116,22
LF:116
LH:114
BRDA:5,0,0,22
BRDA:24,1,0,3
BRDA:25,2,0,2
BRDA:25,3,0,2
BRDA:25,4,0,1
BRDA:27,5,0,2
BRDA:35,6,0,1
BRDA:44,7,0,2
BRDA:51,8,0,1
BRDA:52,9,0,0
BRDA:53,10,0,0
BRDA:61,11,0,2
BRDA:74,12,0,7
BRDA:75,13,0,6
BRDA:75,14,0,1
BRDA:79,15,0,1
BRDA:80,16,0,5
BRDA:90,17,0,1
BRDA:98,18,0,1
BRDA:102,19,0,0
BRF:20
BRH:17
end_of_record
TN:
SF:src/domain/awg/model.ts
FN:3,calculateAwg
FNF:1
FNH:1
FNDA:1,calculateAwg
DA:1,1
DA:2,1
DA:3,1
DA:4,1
DA:5,1
DA:6,1
DA:7,1
DA:8,1
DA:9,1
LF:9
LH:9
BRDA:3,0,0,1
BRF:1
BRH:1
end_of_record
TN:
SF:src/domain/common/calculationState.ts
FNF:0
FNH:0
DA:1,1
DA:2,1
DA:3,1
DA:4,1
DA:5,1
DA:6,1
DA:7,1
LF:7
LH:7
BRDA:1,0,0,2
BRF:1
BRH:1
end_of_record
TN:
SF:src/domain/length/model.ts
FN:12,convertLength
FNF:1
FNH:1
FNDA:2,convertLength
DA:1,1
DA:2,1
DA:3,1
DA:4,1
DA:5,1
DA:6,1
DA:7,1
DA:8,1
DA:9,1
DA:10,1
DA:11,1
DA:12,1
DA:13,2
DA:14,2
DA:15,2
DA:16,1
DA:17,1
DA:18,1
DA:19,1
DA:20,1
LF:20
LH:20
BRDA:12,0,0,2
BRDA:15,1,0,1
BRDA:15,2,0,1
BRF:3
BRH:3
end_of_record
TN:
SF:src/domain/numberSystem/model.ts
FN:3,convertNumberSystem
FNF:1
FNH:1
FNDA:2,convertNumberSystem
DA:1,1
DA:2,1
DA:3,1
DA:4,2
DA:5,2
DA:6,1
DA:7,1
DA:8,1
DA:9,1
LF:9
LH:9
BRDA:3,0,0,2
BRDA:5,1,0,1
BRF:2
BRH:2
end_of_record
TN:
SF:src/domain/ohmsLaw/model.ts
FN:3,calculateOhmsLaw
FNF:1
FNH:1
FNDA:2,calculateOhmsLaw
DA:1,1
DA:2,1
DA:3,1
DA:4,2
DA:5,2
DA:6,2
DA:7,1
DA:8,1
DA:9,1
DA:10,1
DA:11,0
DA:12,0
DA:13,2
DA:14,2
DA:15,2
DA:16,2
DA:17,2
DA:18,2
DA:19,2
DA:20,2
DA:21,2
DA:22,2
LF:22
LH:20
BRDA:3,0,0,2
BRDA:6,1,0,1
BRDA:10,2,0,0
BRDA:14,3,0,0
BRDA:14,4,0,0
BRF:5
BRH:2
end_of_record
TN:
SF:src/domain/resistorColor/model.ts
FN:51,calculateResistorColor
FNF:1
FNH:1
FNDA:1,calculateResistorColor
DA:1,1
DA:2,1
DA:3,1
DA:4,1
DA:5,1
DA:6,1
DA:7,1
DA:8,1
DA:9,1
DA:10,1
DA:11,1
DA:12,1
DA:13,1
DA:14,1
DA:15,1
DA:16,1
DA:17,1
DA:18,1
DA:19,1
DA:20,1
DA:21,1
DA:22,1
DA:23,1
DA:24,1
DA:25,1
DA:26,1
DA:27,1
DA:28,1
DA:29,1
DA:30,1
DA:31,1
DA:32,1
DA:33,1
DA:34,1
DA:35,1
DA:36,1
DA:37,1
DA:38,1
DA:39,1
DA:40,1
DA:41,1
DA:42,1
DA:43,1
DA:44,1
DA:45,1
DA:46,1
DA:47,1
DA:48,1
DA:49,1
DA:50,1
DA:51,1
DA:52,1
DA:53,1
DA:54,1
DA:55,1
DA:56,1
DA:57,1
DA:58,1
DA:59,1
DA:60,1
DA:61,1
DA:62,1
DA:63,1
DA:64,1
DA:65,1
DA:66,1
DA:67,1
DA:68,1
DA:69,1
DA:70,1
DA:71,1
DA:72,1
DA:73,1
LF:73
LH:73
BRDA:51,0,0,1
BRDA:54,1,0,0
BRDA:57,2,0,0
BRDA:60,3,0,0
BRDA:64,4,0,0
BRDA:52,5,0,4
BRDA:55,6,0,2
BRDA:55,7,0,0
BRF:8
BRH:3
end_of_record
TN:
SF:src/domain/smdCapacitor/model.ts
FN:3,decodeSmdCapacitor
FNF:1
FNH:1
FNDA:2,decodeSmdCapacitor
DA:1,1
DA:2,1
DA:3,1
DA:4,2
DA:5,2
DA:6,2
DA:7,2
DA:8,1
DA:9,1
DA:10,1
DA:11,1
DA:12,1
DA:13,1
DA:14,1
DA:15,1
DA:16,2
DA:17,2
DA:18,2
DA:19,2
DA:20,2
DA:21,2
DA:22,2
DA:23,2
DA:24,2
DA:25,2
DA:26,1
DA:27,1
DA:28,1
LF:28
LH:28
BRDA:3,0,0,2
BRDA:7,1,0,1
BRDA:7,2,0,1
BRDA:7,3,0,1
BRDA:17,4,0,0
BRDA:18,5,0,0
BRF:6
BRH:4
end_of_record
TN:
SF:src/domain/smdResistor/model.ts
FN:25,decodeSmdResistor
FNF:1
FNH:1
FNDA:3,decodeSmdResistor
DA:1,1
DA:2,1
DA:3,1
DA:4,1
DA:5,1
DA:6,1
DA:7,1
DA:8,1
DA:9,1
DA:10,1
DA:11,1
DA:12,1
DA:13,1
DA:14,1
DA:15,1
DA:16,1
DA:17,1
DA:18,1
DA:19,1
DA:20,1
DA:21,1
DA:22,1
DA:23,1
DA:24,1
DA:25,1
DA:26,3
DA:27,3
DA:28,1
DA:29,1
DA:30,1
DA:31,1
DA:32,3
DA:33,0
DA:34,0
DA:35,0
DA:36,0
DA:37,3
DA:38,1
DA:39,1
DA:40,1
DA:41,1
DA:42,1
DA:43,1
DA:44,1
DA:45,1
DA:46,1
DA:47,1
LF:47
LH:43
BRDA:25,0,0,3
BRDA:27,1,0,1
BRDA:27,2,0,1
BRDA:31,3,0,2
BRDA:32,4,0,1
BRDA:32,5,0,0
BRDA:36,6,0,2
BRDA:37,7,0,1
BRDA:37,8,0,1
BRDA:39,9,0,0
BRDA:40,10,0,0
BRF:11
BRH:8
end_of_record
TN:
SF:src/domain/temperature/model.ts
FN:3,convertTemperature
FNF:1
FNH:1
FNDA:2,convertTemperature
DA:1,1
DA:2,1
DA:3,1
DA:4,2
DA:5,2
DA:6,2
DA:7,2
DA:8,2
DA:9,2
DA:10,2
DA:11,2
DA:12,2
DA:13,2
DA:14,2
DA:15,2
DA:16,2
DA:17,2
DA:18,2
DA:19,2
DA:20,2
DA:21,2
DA:22,2
LF:22
LH:22
BRDA:3,0,0,2
BRDA:7,1,0,1
BRDA:8,2,0,0
BRDA:9,3,0,0
BRDA:10,4,0,1
BRDA:15,5,0,0
BRDA:16,6,0,1
BRDA:17,7,0,1
BRDA:18,8,0,0
BRF:9
BRH:5
end_of_record
TN:
SF:src/domain/timer555/model.ts
FN:3,calculateTimer555
FNF:1
FNH:1
FNDA:2,calculateTimer555
DA:1,1
DA:2,1
DA:3,1
DA:4,2
DA:5,2
DA:6,2
DA:7,1
DA:8,1
DA:9,1
DA:10,1
DA:11,2
DA:12,1
DA:13,1
DA:14,1
DA:15,1
DA:16,1
DA:17,1
DA:18,1
DA:19,1
DA:20,1
DA:21,1
DA:22,1
DA:23,0
DA:24,0
DA:25,0
LF:25
LH:22
BRDA:3,0,0,2
BRDA:6,1,0,1
BRDA:6,2,0,1
BRDA:11,3,0,1
BRDA:11,4,0,1
BRDA:22,5,0,0
BRF:6
BRH:5
end_of_record
TN:
SF:src/models/SectionInfo.js
FN:8,SectionInfo
FN:19,get id
FN:23,get name
FN:27,get faIcon
FN:31,get component
FN:35,get hash
FNF:6
FNH:6
FNDA:17,SectionInfo
FNDA:26,get id
FNDA:13,get name
FNDA:13,get faIcon
FNDA:3,get component
FNDA:1,get hash
DA:1,1
DA:2,1
DA:3,1
DA:4,1
DA:5,1
DA:6,1
DA:7,1
DA:8,1
DA:9,17
DA:10,17
DA:11,17
DA:12,2
DA:13,2
DA:14,15
DA:15,15
DA:16,15
DA:17,17
DA:18,1
DA:19,1
DA:20,26
DA:21,26
DA:22,1
DA:23,1
DA:24,13
DA:25,13
DA:26,1
DA:27,1
DA:28,13
DA:29,13
DA:30,1
DA:31,1
DA:32,3
DA:33,3
DA:34,1
DA:35,1
DA:36,1
DA:37,1
DA:38,1
LF:38
LH:38
BRDA:8,0,0,17
BRDA:11,1,0,16
BRDA:11,2,0,15
BRDA:11,3,0,2
BRDA:19,4,0,26
BRDA:23,5,0,13
BRDA:24,6,0,4
BRDA:27,7,0,13
BRDA:28,8,0,4
BRDA:31,9,0,3
BRDA:35,10,0,1
BRF:11
BRH:11
end_of_record
TN:
SF:src/modules/awg/AwgView.vue
FN:27,validator
FN:33,onCalculate
FNF:2
FNH:1
FNDA:0,validator
FNDA:1,onCalculate
DA:1,1
DA:2,1
DA:3,1
DA:4,1
DA:5,1
DA:6,1
DA:7,1
DA:8,1
DA:9,1
DA:10,1
DA:11,1
DA:12,1
DA:13,1
DA:14,1
DA:15,1
DA:16,1
DA:17,1
DA:18,1
DA:19,1
DA:20,1
DA:21,1
DA:22,1
DA:23,1
DA:24,1
DA:25,1
DA:26,1
DA:27,0
DA:28,0
DA:29,0
DA:30,1
DA:31,1
DA:32,1
DA:33,1
DA:34,1
DA:35,1
DA:36,1
LF:36
LH:33
BRDA:33,0,0,1
BRDA:12,1,0,1
BRF:2
BRH:2
end_of_record
TN:
SF:src/modules/length/LengthView.vue
FN:27,validator
FN:33,onCalculate
FNF:2
FNH:1
FNDA:0,validator
FNDA:1,onCalculate
DA:1,1
DA:2,1
DA:3,1
DA:4,1
DA:5,1
DA:6,1
DA:7,1
DA:8,1
DA:9,1
DA:10,1
DA:11,1
DA:12,1
DA:13,1
DA:14,1
DA:15,1
DA:16,1
DA:17,1
DA:18,1
DA:19,1
DA:20,1
DA:21,1
DA:22,1
DA:23,1
DA:24,1
DA:25,1
DA:26,1
DA:27,0
DA:28,0
DA:29,0
DA:30,1
DA:31,1
DA:32,1
DA:33,1
DA:34,1
DA:35,1
DA:36,1
LF:36
LH:33
BRDA:33,0,0,1
BRDA:12,1,0,1
BRF:2
BRH:2
end_of_record
TN:
SF:src/modules/numberSystem/NumberSystemView.vue
FN:27,validator
FN:33,onCalculate
FNF:2
FNH:1
FNDA:0,validator
FNDA:1,onCalculate
DA:1,1
DA:2,1
DA:3,1
DA:4,1
DA:5,1
DA:6,1
DA:7,1
DA:8,1
DA:9,1
DA:10,1
DA:11,1
DA:12,1
DA:13,1
DA:14,1
DA:15,1
DA:16,1
DA:17,1
DA:18,1
DA:19,1
DA:20,1
DA:21,1
DA:22,1
DA:23,1
DA:24,1
DA:25,1
DA:26,1
DA:27,0
DA:28,0
DA:29,0
DA:30,1
DA:31,1
DA:32,1
DA:33,1
DA:34,1
DA:35,1
DA:36,1
LF:36
LH:33
BRDA:33,0,0,1
BRDA:12,1,0,1
BRF:2
BRH:2
end_of_record
TN:
SF:src/modules/ohmsLaw/OhmsLawView.vue
FN:27,validator
FN:33,onCalculate
FNF:2
FNH:1
FNDA:0,validator
FNDA:1,onCalculate
DA:1,1
DA:2,1
DA:3,1
DA:4,1
DA:5,1
DA:6,1
DA:7,1
DA:8,1
DA:9,1
DA:10,1
DA:11,1
DA:12,1
DA:13,1
DA:14,1
DA:15,1
DA:16,1
DA:17,1
DA:18,1
DA:19,1
DA:20,1
DA:21,1
DA:22,1
DA:23,1
DA:24,1
DA:25,1
DA:26,1
DA:27,0
DA:28,0
DA:29,0
DA:30,1
DA:31,1
DA:32,1
DA:33,1
DA:34,1
DA:35,1
DA:36,1
LF:36
LH:33
BRDA:33,0,0,1
BRDA:12,1,0,1
BRF:2
BRH:2
end_of_record
TN:
SF:src/modules/resistorColor/ResistorColorView.vue
FN:223,getBandColor
FN:363,onCalculate
FN:367,setBands
FN:380,reset
FN:385,onSmdCalculate
FN:389,resetSmd
FN:395,bandClass
FN:401,formatOhms
FN:23,onClick
FNF:9
FNH:9
FNDA:144,getBandColor
FNDA:2,onCalculate
FNDA:5,setBands
FNDA:1,reset
FNDA:2,onSmdCalculate
FNDA:1,resetSmd
FNDA:63,bandClass
FNDA:7,formatOhms
FNDA:4,onClick
DA:1,1
DA:2,1
DA:3,1
DA:4,1
DA:5,1
DA:6,1
DA:7,1
DA:8,1
DA:9,1
DA:10,1
DA:11,1
DA:12,1
DA:13,1
DA:14,1
DA:15,1
DA:16,1
DA:17,1
DA:18,1
DA:19,1
DA:20,1
DA:21,1
DA:22,1
DA:23,1
DA:24,1
DA:25,1
DA:26,1
DA:27,1
DA:28,1
DA:29,1
DA:30,1
DA:31,1
DA:32,1
DA:33,1
DA:34,1
DA:35,1
DA:36,1
DA:37,1
DA:38,1
DA:39,1
DA:40,1
DA:41,1
DA:42,1
DA:43,1
DA:44,1
DA:45,1
DA:46,1
DA:47,1
DA:48,1
DA:49,1
DA:50,1
DA:51,1
DA:52,1
DA:53,1
DA:54,1
DA:55,1
DA:56,1
DA:57,1
DA:58,1
DA:59,1
DA:60,1
DA:61,1
DA:62,1
DA:63,1
DA:64,1
DA:65,1
DA:66,1
DA:67,1
DA:68,1
DA:69,1
DA:70,1
DA:71,1
DA:72,1
DA:73,1
DA:74,1
DA:75,1
DA:76,1
DA:77,1
DA:78,1
DA:79,1
DA:80,1
DA:81,1
DA:82,1
DA:83,6
DA:84,6
DA:85,6
DA:86,1
DA:87,1
DA:88,1
DA:89,1
DA:90,1
DA:91,1
DA:92,1
DA:93,1
DA:94,1
DA:95,1
DA:96,1
DA:97,1
DA:98,1
DA:99,1
DA:100,1
DA:101,1
DA:102,1
DA:103,1
DA:104,1
DA:105,1
DA:106,1
DA:107,1
DA:108,1
DA:109,1
DA:110,1
DA:111,1
DA:112,1
DA:113,1
DA:114,1
DA:115,1
DA:116,3
DA:117,1
DA:118,1
DA:119,1
DA:120,1
DA:121,1
DA:122,1
DA:123,1
DA:124,6
DA:125,6
DA:126,1
DA:127,1
DA:128,1
DA:129,1
DA:130,1
DA:131,1
DA:132,1
DA:133,1
DA:134,1
DA:135,1
DA:136,1
DA:137,1
DA:138,1
DA:139,1
DA:140,1
DA:141,1
DA:142,1
DA:143,1
DA:144,1
DA:145,1
DA:146,1
DA:147,1
DA:148,1
DA:149,1
DA:150,1
DA:151,1
DA:152,1
DA:153,1
DA:154,1
DA:155,1
DA:156,1
DA:157,1
DA:158,1
DA:159,1
DA:160,1
DA:161,6
DA:162,6
DA:163,6
DA:164,1
DA:165,1
DA:166,1
DA:167,1
DA:168,1
DA:169,1
DA:170,1
DA:171,1
DA:172,1
DA:173,1
DA:174,1
DA:175,1
DA:176,1
DA:177,1
DA:178,1
DA:179,1
DA:180,1
DA:181,1
DA:182,1
DA:183,1
DA:184,1
DA:185,6
DA:186,6
DA:187,1
DA:188,1
DA:189,1
DA:190,1
DA:191,1
DA:192,1
DA:193,1
DA:194,1
DA:195,1
DA:196,1
DA:197,1
DA:198,1
DA:199,1
DA:200,1
DA:201,1
DA:202,1
DA:203,1
DA:204,1
DA:205,1
DA:206,1
DA:207,1
DA:208,1
DA:209,1
DA:210,1
DA:211,1
DA:212,1
DA:213,1
DA:214,1
DA:215,1
DA:216,1
DA:217,1
DA:218,1
DA:219,1
DA:220,1
DA:221,1
DA:222,1
DA:223,1
DA:224,144
DA:225,144
DA:226,144
DA:227,144
DA:228,144
DA:229,1
DA:230,1
DA:231,1
DA:232,1
DA:233,1
DA:234,1
DA:235,1
DA:236,1
DA:237,1
DA:238,1
DA:239,1
DA:240,1
DA:241,1
DA:242,1
DA:243,1
DA:244,1
DA:245,1
DA:246,1
DA:247,1
DA:248,1
DA:249,1
DA:250,1
DA:251,1
DA:252,1
DA:253,1
DA:254,1
DA:255,1
DA:256,1
DA:257,60
DA:258,60
DA:259,60
DA:260,1
DA:261,1
DA:262,1
DA:263,1
DA:264,1
DA:265,1
DA:266,1
DA:267,1
DA:268,1
DA:269,1
DA:270,1
DA:271,1
DA:272,1
DA:273,1
DA:274,1
DA:275,1
DA:276,72
DA:277,72
DA:278,1
DA:279,1
DA:280,1
DA:281,1
DA:282,1
DA:283,1
DA:284,1
DA:285,1
DA:286,1
DA:287,1
DA:288,1
DA:289,1
DA:290,48
DA:291,48
DA:292,1
DA:293,1
DA:294,1
DA:295,1
DA:296,1
DA:297,1
DA:298,1
DA:299,1
DA:300,1
DA:301,1
DA:302,36
DA:303,36
DA:304,1
DA:305,1
DA:306,1
DA:307,1
DA:308,1
DA:309,1
DA:310,1
DA:311,1
DA:312,1
DA:313,1
DA:314,1
DA:315,1
DA:316,1
DA:317,1
DA:318,1
DA:319,1
DA:320,1
DA:321,1
DA:322,1
DA:323,1
DA:324,1
DA:325,1
DA:326,1
DA:327,1
DA:328,1
DA:329,1
DA:330,1
DA:331,11
DA:332,11
DA:333,3
DA:334,3
DA:335,11
DA:336,1
DA:337,1
DA:338,1
DA:339,1
DA:340,7
DA:341,1
DA:342,1
DA:343,1
DA:344,7
DA:345,2
DA:346,2
DA:347,1
DA:348,1
DA:349,1
DA:350,2
DA:351,2
DA:352,2
DA:353,2
DA:354,1
DA:355,1
DA:356,1
DA:357,6
DA:358,5
DA:359,5
DA:360,1
DA:361,1
DA:362,1
DA:363,2
DA:364,2
DA:365,2
DA:366,1
DA:367,5
DA:368,5
DA:369,5
DA:370,1
DA:371,1
DA:372,5
DA:373,1
DA:374,1
DA:375,5
DA:376,3
DA:377,3
DA:378,5
DA:379,1
DA:380,1
DA:381,1
DA:382,1
DA:383,1
DA:384,1
DA:385,2
DA:386,2
DA:387,2
DA:388,1
DA:389,1
DA:390,1
DA:391,1
DA:392,1
DA:393,1
DA:394,1
DA:395,63
DA:396,63
DA:397,63
DA:398,63
DA:399,63
DA:400,1
DA:401,7
DA:402,7
DA:403,7
DA:404,7
DA:405,1
DA:406,7
DA:407,1
LF:407
LH:407
BRDA:223,0,0,144
BRDA:224,1,0,0
BRDA:226,2,0,0
BRDA:227,3,0,0
BRDA:256,4,0,60
BRDA:275,5,0,72
BRDA:289,6,0,48
BRDA:301,7,0,36
BRDA:326,8,0,11
BRDA:326,9,0,4
BRDA:326,10,0,7
BRDA:327,11,0,10
BRDA:328,12,0,3
BRDA:330,13,0,11
BRDA:332,14,0,3
BRDA:333,15,0,0
BRDA:338,16,0,7
BRDA:338,17,0,2
BRDA:338,18,0,2
BRDA:338,19,0,5
BRDA:339,20,0,7
BRDA:340,21,0,1
BRDA:340,22,0,1
BRDA:340,23,0,6
BRDA:343,24,0,7
BRDA:344,25,0,5
BRDA:344,26,0,2
BRDA:349,27,0,2
BRDA:350,28,0,0
BRDA:356,29,0,6
BRDA:357,30,0,1
BRDA:357,31,0,5
BRDA:359,32,0,1
BRDA:363,33,0,2
BRDA:367,34,0,5
BRDA:369,35,0,1
BRDA:372,36,0,1
BRDA:375,37,0,3
BRDA:380,38,0,1
BRDA:385,39,0,2
BRDA:389,40,0,1
BRDA:395,41,0,63
BRDA:396,42,0,0
BRDA:397,43,0,0
BRDA:401,44,0,7
BRDA:402,45,0,0
BRDA:403,46,0,0
BRDA:404,47,0,6
BRDA:404,48,0,1
BRDA:82,49,0,6
BRDA:115,50,0,3
BRDA:116,51,0,11
BRDA:118,52,0,3
BRDA:118,53,0,1
BRDA:120,54,0,13
BRDA:123,55,0,6
BRDA:160,56,0,6
BRDA:184,57,0,6
BRDA:23,58,0,4
BRDA:193,59,0,6
BRF:60
BRH:51
end_of_record
TN:
SF:src/modules/smdCapacitor/SmdCapacitorView.vue
FN:192,roundValue
FN:194,syncConversion
FN:201,onConversionInput
FN:219,resetConversion
FN:303,onDecode
FN:307,resetCode
FN:32,__vite_ssr_import_7__.createElementVNode.__vite_ssr_import_7__.createElementVNode.__vite_ssr_import_7__.createElementVNode.__vite_ssr_import_7__.createElementVNode.__vite_ssr_import_7__.createElementVNode.__vite_ssr_import_7__.createElementVNode.__vite_ssr_import_7__.withDirectives.__vite_ssr_import_7__.createElementVNode.onInput._cache.<computed>._cache.<computed>
FN:45,__vite_ssr_import_7__.createElementVNode.__vite_ssr_import_7__.createElementVNode.__vite_ssr_import_7__.createElementVNode.__vite_ssr_import_7__.createElementVNode.__vite_ssr_import_7__.createElementVNode.__vite_ssr_import_7__.createElementVNode.__vite_ssr_import_7__.withDirectives.__vite_ssr_import_7__.createElementVNode.onInput._cache.<computed>._cache.<computed>
FN:58,__vite_ssr_import_7__.createElementVNode.__vite_ssr_import_7__.createElementVNode.__vite_ssr_import_7__.createElementVNode.__vite_ssr_import_7__.createElementVNode.__vite_ssr_import_7__.createElementVNode.__vite_ssr_import_7__.createElementVNode.__vite_ssr_import_7__.withDirectives.__vite_ssr_import_7__.createElementVNode.onInput._cache.<computed>._cache.<computed>
FN:71,__vite_ssr_import_7__.createElementVNode.__vite_ssr_import_7__.createElementVNode.__vite_ssr_import_7__.createElementVNode.__vite_ssr_import_7__.createElementVNode.__vite_ssr_import_7__.createElementVNode.__vite_ssr_import_7__.createElementVNode.__vite_ssr_import_7__.withDirectives.__vite_ssr_import_7__.createElementVNode.onInput._cache.<computed>._cache.<computed>
FNF:10
FNH:7
FNDA:4,roundValue
FNDA:1,syncConversion
FNDA:1,onConversionInput
FNDA:1,resetConversion
FNDA:1,onDecode
FNDA:1,resetCode
FNDA:1,__vite_ssr_import_7__.createElementVNode.__vite_ssr_import_7__.createElementVNode.__vite_ssr_import_7__.createElementVNode.__vite_ssr_import_7__.createElementVNode.__vite_ssr_import_7__.createElementVNode.__vite_ssr_import_7__.createElementVNode.__vite_ssr_import_7__.withDirectives.__vite_ssr_import_7__.createElementVNode.onInput._cache.<computed>._cache.<computed>
FNDA:0,__vite_ssr_import_7__.createElementVNode.__vite_ssr_import_7__.createElementVNode.__vite_ssr_import_7__.createElementVNode.__vite_ssr_import_7__.createElementVNode.__vite_ssr_import_7__.createElementVNode.__vite_ssr_import_7__.createElementVNode.__vite_ssr_import_7__.withDirectives.__vite_ssr_import_7__.createElementVNode.onInput._cache.<computed>._cache.<computed>
FNDA:0,__vite_ssr_import_7__.createElementVNode.__vite_ssr_import_7__.createElementVNode.__vite_ssr_import_7__.createElementVNode.__vite_ssr_import_7__.createElementVNode.__vite_ssr_import_7__.createElementVNode.__vite_ssr_import_7__.createElementVNode.__vite_ssr_import_7__.withDirectives.__vite_ssr_import_7__.createElementVNode.onInput._cache.<computed>._cache.<computed>
FNDA:0,__vite_ssr_import_7__.createElementVNode.__vite_ssr_import_7__.createElementVNode.__vite_ssr_import_7__.createElementVNode.__vite_ssr_import_7__.createElementVNode.__vite_ssr_import_7__.createElementVNode.__vite_ssr_import_7__.createElementVNode.__vite_ssr_import_7__.withDirectives.__vite_ssr_import_7__.createElementVNode.onInput._cache.<computed>._cache.<computed>
DA:1,1
DA:2,1
DA:3,1
DA:4,1
DA:5,1
DA:6,1
DA:7,1
DA:8,1
DA:9,1
DA:10,1
DA:11,1
DA:12,1
DA:13,1
DA:14,1
DA:15,1
DA:16,1
DA:17,1
DA:18,1
DA:19,1
DA:20,1
DA:21,1
DA:22,1
DA:23,1
DA:24,1
DA:25,1
DA:26,1
DA:27,1
DA:28,1
DA:29,1
DA:30,1
DA:31,1
DA:32,1
DA:33,1
DA:34,1
DA:35,1
DA:36,1
DA:37,1
DA:38,1
DA:39,1
DA:40,1
DA:41,1
DA:42,1
DA:43,1
DA:44,1
DA:45,1
DA:46,1
DA:47,1
DA:48,1
DA:49,1
DA:50,1
DA:51,1
DA:52,1
DA:53,1
DA:54,1
DA:55,1
DA:56,1
DA:57,1
DA:58,1
DA:59,1
DA:60,1
DA:61,1
DA:62,1
DA:63,1
DA:64,1
DA:65,1
DA:66,1
DA:67,1
DA:68,1
DA:69,1
DA:70,1
DA:71,1
DA:72,1
DA:73,1
DA:74,1
DA:75,1
DA:76,1
DA:77,1
DA:78,1
DA:79,1
DA:80,1
DA:81,1
DA:82,1
DA:83,1
DA:84,1
DA:85,1
DA:86,1
DA:87,1
DA:88,1
DA:89,1
DA:90,1
DA:91,1
DA:92,1
DA:93,1
DA:94,1
DA:95,1
DA:96,1
DA:97,1
DA:98,1
DA:99,1
DA:100,1
DA:101,1
DA:102,1
DA:103,1
DA:104,1
DA:105,1
DA:106,1
DA:107,1
DA:108,1
DA:109,1
DA:110,1
DA:111,1
DA:112,1
DA:113,1
DA:114,1
DA:115,1
DA:116,1
DA:117,1
DA:118,1
DA:119,1
DA:120,1
DA:121,1
DA:122,1
DA:123,1
DA:124,1
DA:125,3
DA:126,3
DA:127,3
DA:128,1
DA:129,1
DA:130,1
DA:131,1
DA:132,1
DA:133,1
DA:134,1
DA:135,1
DA:136,1
DA:137,1
DA:138,1
DA:139,1
DA:140,1
DA:141,1
DA:142,1
DA:143,1
DA:144,1
DA:145,1
DA:146,1
DA:147,1
DA:148,1
DA:149,1
DA:150,1
DA:151,1
DA:152,1
DA:153,1
DA:154,1
DA:155,1
DA:156,1
DA:157,1
DA:158,3
DA:159,3
DA:160,1
DA:161,1
DA:162,1
DA:163,1
DA:164,1
DA:165,1
DA:166,1
DA:167,1
DA:168,1
DA:169,1
DA:170,1
DA:171,1
DA:172,1
DA:173,1
DA:174,1
DA:175,1
DA:176,1
DA:177,1
DA:178,1
DA:179,1
DA:180,1
DA:181,1
DA:182,1
DA:183,1
DA:184,1
DA:185,1
DA:186,1
DA:187,1
DA:188,1
DA:189,1
DA:190,1
DA:191,1
DA:192,1
DA:193,1
DA:194,1
DA:195,1
DA:196,1
DA:197,1
DA:198,1
DA:199,1
DA:200,1
DA:201,1
DA:202,1
DA:203,1
DA:204,1
DA:205,0
DA:206,0
DA:207,0
DA:208,1
DA:209,1
DA:210,1
DA:211,1
DA:212,1
DA:213,1
DA:214,1
DA:215,1
DA:216,1
DA:217,1
DA:218,1
DA:219,1
DA:220,1
DA:221,1
DA:222,1
DA:223,1
DA:224,1
DA:225,1
DA:226,1
DA:227,1
DA:228,1
DA:229,1
DA:230,1
DA:231,1
DA:232,1
DA:233,1
DA:234,1
DA:235,1
DA:236,1
DA:237,1
DA:238,1
DA:239,1
DA:240,1
DA:241,1
DA:242,1
DA:243,1
DA:244,1
DA:245,1
DA:246,1
DA:247,1
DA:248,1
DA:249,1
DA:250,1
DA:251,1
DA:252,1
DA:253,1
DA:254,1
DA:255,1
DA:256,1
DA:257,1
DA:258,1
DA:259,1
DA:260,1
DA:261,1
DA:262,1
DA:263,1
DA:264,1
DA:265,1
DA:266,1
DA:267,1
DA:268,1
DA:269,1
DA:270,1
DA:271,1
DA:272,1
DA:273,1
DA:274,1
DA:275,1
DA:276,5
DA:277,5
DA:278,1
DA:279,1
DA:280,1
DA:281,1
DA:282,1
DA:283,1
DA:284,1
DA:285,5
DA:286,1
DA:287,1
DA:288,5
DA:289,1
DA:290,1
DA:291,1
DA:292,5
DA:293,1
DA:294,5
DA:295,1
DA:296,1
DA:297,1
DA:298,5
DA:299,1
DA:300,5
DA:301,1
DA:302,1
DA:303,1
DA:304,1
DA:305,1
DA:306,1
DA:307,1
DA:308,1
DA:309,1
DA:310,1
DA:311,1
DA:312,1
LF:312
LH:309
BRDA:192,0,0,4
BRDA:194,1,0,1
BRDA:201,2,0,1
BRDA:202,3,0,0
BRDA:204,4,0,0
BRDA:210,5,0,0
BRDA:211,6,0,0
BRDA:212,7,0,0
BRDA:219,8,0,1
BRDA:275,9,0,5
BRDA:277,10,0,4
BRDA:277,11,0,1
BRDA:283,12,0,5
BRDA:283,13,0,1
BRDA:283,14,0,4
BRDA:284,15,0,5
BRDA:285,16,0,1
BRDA:285,17,0,4
BRDA:287,18,0,5
BRDA:288,19,0,1
BRDA:288,20,0,4
BRDA:291,21,0,5
BRDA:292,22,0,4
BRDA:292,23,0,1
BRDA:294,24,0,0
BRDA:293,25,0,8
BRDA:297,26,0,5
BRDA:298,27,0,4
BRDA:298,28,0,1
BRDA:300,29,0,0
BRDA:299,30,0,5
BRDA:303,31,0,1
BRDA:307,32,0,1
BRDA:32,33,0,3
BRDA:34,34,0,3
BRDA:45,35,0,3
BRDA:47,36,0,3
BRDA:58,37,0,3
BRDA:60,38,0,3
BRDA:71,39,0,3
BRDA:73,40,0,3
BRDA:107,41,0,3
BRDA:116,42,0,3
BRDA:124,43,0,3
BRDA:157,44,0,3
BRDA:32,45,0,1
BRDA:166,46,0,3
BRF:47
BRH:40
end_of_record
TN:
SF:src/modules/smdResistor/SmdResistorView.vue
FN:157,onCalculate
FN:161,reset
FN:170,clampMs
FN:172,getBlinkDurations
FN:179,resistanceFactor
FN:186,capacitanceFactor
FN:193,getCanvasPalette
FN:207,read
FN:219,drawCircuit
FN:273,roundRect
FN:283,drawGate
FN:301,drawResistor
FN:323,drawCap
FN:334,drawLed
FN:351,stopBlink
FN:358,startBlink
FN:362,tick
FN:379,__returned__.form.form
FNF:18
FNH:18
FNDA:1,onCalculate
FNDA:1,reset
FNDA:22,clampMs
FNDA:11,getBlinkDurations
FNDA:9,resistanceFactor
FNDA:9,capacitanceFactor
FNDA:14,getCanvasPalette
FNDA:98,read
FNDA:14,drawCircuit
FNDA:14,roundRect
FNDA:14,drawGate
FNDA:14,drawResistor
FNDA:14,drawCap
FNDA:14,drawLed
FNDA:11,stopBlink
FNDA:11,startBlink
FNDA:11,tick
FNDA:9,__returned__.form.form
DA:1,1
DA:2,1
DA:3,1
DA:4,1
DA:5,1
DA:6,1
DA:7,1
DA:8,1
DA:9,1
DA:10,1
DA:11,1
DA:12,1
DA:13,1
DA:14,1
DA:15,1
DA:16,1
DA:17,1
DA:18,1
DA:19,1
DA:20,1
DA:21,1
DA:22,1
DA:23,1
DA:24,1
DA:25,1
DA:26,1
DA:27,1
DA:28,1
DA:29,1
DA:30,1
DA:31,1
DA:32,1
DA:33,1
DA:34,1
DA:35,1
DA:36,1
DA:37,1
DA:38,1
DA:39,1
DA:40,1
DA:41,1
DA:42,1
DA:43,1
DA:44,1
DA:45,1
DA:46,1
DA:47,1
DA:48,1
DA:49,3
DA:50,3
DA:51,3
DA:52,1
DA:53,1
DA:54,1
DA:55,1
DA:56,1
DA:57,1
DA:58,1
DA:59,1
DA:60,1
DA:61,1
DA:62,1
DA:63,1
DA:64,1
DA:65,1
DA:66,1
DA:67,1
DA:68,1
DA:69,1
DA:70,1
DA:71,1
DA:72,1
DA:73,1
DA:74,1
DA:75,1
DA:76,1
DA:77,1
DA:78,1
DA:79,1
DA:80,1
DA:81,1
DA:82,1
DA:83,3
DA:84,1
DA:85,1
DA:86,1
DA:87,1
DA:88,1
DA:89,1
DA:90,1
DA:91,1
DA:92,1
DA:93,1
DA:94,1
DA:95,1
DA:96,1
DA:97,1
DA:98,3
DA:99,3
DA:100,1
DA:101,1
DA:102,1
DA:103,1
DA:104,1
DA:105,1
DA:106,1
DA:107,1
DA:108,1
DA:109,1
DA:110,1
DA:111,1
DA:112,1
DA:113,1
DA:114,1
DA:115,1
DA:116,1
DA:117,1
DA:118,1
DA:119,1
DA:120,1
DA:121,1
DA:122,1
DA:123,1
DA:124,1
DA:125,1
DA:126,1
DA:127,1
DA:128,1
DA:129,1
DA:130,1
DA:131,1
DA:132,1
DA:133,1
DA:134,1
DA:135,1
DA:136,9
DA:137,9
DA:138,9
DA:139,8
DA:140,1
DA:141,1
DA:142,1
DA:143,9
DA:144,8
DA:145,1
DA:146,1
DA:147,1
DA:148,9
DA:149,8
DA:150,1
DA:151,1
DA:152,1
DA:153,9
DA:154,8
DA:155,1
DA:156,1
DA:157,1
DA:158,1
DA:159,1
DA:160,1
DA:161,1
DA:162,1
DA:163,1
DA:164,1
DA:165,1
DA:166,1
DA:167,1
DA:168,1
DA:169,1
DA:170,1
DA:171,1
DA:172,1
DA:173,11
DA:174,11
DA:175,11
DA:176,11
DA:177,11
DA:178,1
DA:179,1
DA:180,9
DA:181,9
DA:182,2
DA:183,0
DA:184,9
DA:185,1
DA:186,1
DA:187,9
DA:188,9
DA:189,8
DA:190,0
DA:191,9
DA:192,1
DA:193,1
DA:194,14
DA:195,0
DA:196,0
DA:197,0
DA:198,0
DA:199,0
DA:200,0
DA:201,0
DA:202,0
DA:203,0
DA:204,0
DA:205,14
DA:206,14
DA:207,14
DA:208,14
DA:209,14
DA:210,14
DA:211,14
DA:212,14
DA:213,14
DA:214,14
DA:215,14
DA:216,14
DA:217,14
DA:218,1
DA:219,1
DA:220,14
DA:221,14
DA:222,14
DA:223,14
DA:224,14
DA:225,14
DA:226,14
DA:227,14
DA:228,14
DA:229,14
DA:230,14
DA:231,14
DA:232,14
DA:233,14
DA:234,14
DA:235,14
DA:236,14
DA:237,14
DA:238,14
DA:239,14
DA:240,14
DA:241,14
DA:242,14
DA:243,14
DA:244,14
DA:245,14
DA:246,14
DA:247,14
DA:248,14
DA:249,14
DA:250,14
DA:251,14
DA:252,14
DA:253,14
DA:254,14
DA:255,14
DA:256,14
DA:257,14
DA:258,14
DA:259,14
DA:260,14
DA:261,14
DA:262,14
DA:263,14
DA:264,14
DA:265,14
DA:266,14
DA:267,14
DA:268,14
DA:269,14
DA:270,14
DA:271,14
DA:272,1
DA:273,1
DA:274,14
DA:275,14
DA:276,14
DA:277,14
DA:278,14
DA:279,14
DA:280,14
DA:281,14
DA:282,1
DA:283,1
DA:284,14
DA:285,14
DA:286,14
DA:287,14
DA:288,14
DA:289,14
DA:290,14
DA:291,14
DA:292,14
DA:293,14
DA:294,14
DA:295,14
DA:296,14
DA:297,14
DA:298,14
DA:299,14
DA:300,1
DA:301,1
DA:302,14
DA:303,14
DA:304,14
DA:305,14
DA:306,14
DA:307,14
DA:308,14
DA:309,14
DA:310,84
DA:311,84
DA:312,84
DA:313,14
DA:314,0
DA:315,0
DA:316,0
DA:317,0
DA:318,0
DA:319,0
DA:320,14
DA:321,14
DA:322,1
DA:323,1
DA:324,14
DA:325,14
DA:326,14
DA:327,14
DA:328,14
DA:329,14
DA:330,14
DA:331,14
DA:332,14
DA:333,1
DA:334,1
DA:335,14
DA:336,14
DA:337,14
DA:338,14
DA:339,14
DA:340,14
DA:341,14
DA:342,14
DA:343,11
DA:344,11
DA:345,11
DA:346,11
DA:347,11
DA:348,11
DA:349,14
DA:350,1
DA:351,1
DA:352,11
DA:353,8
DA:354,8
DA:355,8
DA:356,11
DA:357,1
DA:358,1
DA:359,11
DA:360,11
DA:361,11
DA:362,11
DA:363,11
DA:364,11
DA:365,11
DA:366,11
DA:367,11
DA:368,11
DA:369,1
DA:370,1
DA:371,3
DA:372,3
DA:373,1
DA:374,1
DA:375,1
DA:376,0
DA:377,1
DA:378,1
DA:379,1
DA:380,6
DA:381,1
DA:382,1
LF:382
LH:363
BRDA:135,0,0,9
BRDA:138,1,0,8
BRDA:138,2,0,1
BRDA:138,3,0,8
BRDA:142,4,0,9
BRDA:143,5,0,1
BRDA:143,6,0,8
BRDA:147,7,0,9
BRDA:148,8,0,1
BRDA:148,9,0,8
BRDA:152,10,0,9
BRDA:153,11,0,1
BRDA:153,12,0,8
BRDA:157,13,0,1
BRDA:161,14,0,1
BRDA:170,15,0,22
BRDA:172,16,0,11
BRDA:173,17,0,1
BRDA:179,18,0,9
BRDA:180,19,0,0
BRDA:181,20,0,7
BRDA:181,21,0,2
BRDA:182,22,0,0
BRDA:186,23,0,9
BRDA:187,24,0,0
BRDA:188,25,0,1
BRDA:188,26,0,8
BRDA:189,27,0,0
BRDA:193,28,0,14
BRDA:194,29,0,0
BRDA:206,30,0,0
BRDA:207,31,0,98
BRDA:207,32,0,0
BRDA:219,33,0,14
BRDA:221,34,0,0
BRDA:223,35,0,0
BRDA:273,36,0,14
BRDA:283,37,0,14
BRDA:301,38,0,14
BRDA:309,39,0,84
BRDA:310,40,0,42
BRDA:310,41,0,42
BRDA:313,42,0,0
BRDA:323,43,0,14
BRDA:334,44,0,14
BRDA:335,45,0,11
BRDA:335,46,0,3
BRDA:342,47,0,11
BRDA:351,48,0,11
BRDA:352,49,0,8
BRDA:358,50,0,11
BRDA:362,51,0,11
BRDA:365,52,0,0
BRDA:370,53,0,3
BRDA:379,54,0,9
BRDA:379,55,0,9
BRDA:379,56,0,6
BRDA:48,57,0,3
BRDA:83,58,0,3
BRDA:97,59,0,3
BRDA:106,60,0,3
BRF:61
BRH:50
end_of_record
TN:
SF:src/modules/temperature/TemperatureView.vue
FN:27,validator
FN:33,onCalculate
FNF:2
FNH:1
FNDA:0,validator
FNDA:1,onCalculate
DA:1,1
DA:2,1
DA:3,1
DA:4,1
DA:5,1
DA:6,1
DA:7,1
DA:8,1
DA:9,1
DA:10,1
DA:11,1
DA:12,1
DA:13,1
DA:14,1
DA:15,1
DA:16,1
DA:17,1
DA:18,1
DA:19,1
DA:20,1
DA:21,1
DA:22,1
DA:23,1
DA:24,1
DA:25,1
DA:26,1
DA:27,0
DA:28,0
DA:29,0
DA:30,1
DA:31,1
DA:32,1
DA:33,1
DA:34,1
DA:35,1
DA:36,1
LF:36
LH:33
BRDA:33,0,0,1
BRDA:12,1,0,1
BRF:2
BRH:2
end_of_record
TN:
SF:src/modules/timer555/Timer555View.vue
FN:195,toInput
FN:196,resistanceFactor
FN:203,capacitanceFactor
FN:228,validator
FN:303,onCalculate
FN:307,reset
FN:321,clampMs
FN:323,getCanvasPalette
FN:337,read
FN:349,getBlinkDurations
FN:368,drawCircuit
FN:445,roundRect
FN:455,drawChip
FN:474,drawResistor
FN:503,drawCap
FN:519,drawSwitch
FN:535,drawLed
FN:552,stopBlink
FN:559,startBlink
FN:563,tick
FN:23,onClick
FNF:21
FNH:20
FNDA:3,toInput
FNDA:5,resistanceFactor
FNDA:3,capacitanceFactor
FNDA:0,validator
FNDA:3,onCalculate
FNDA:1,reset
FNDA:6,clampMs
FNDA:11,getCanvasPalette
FNDA:77,read
FNDA:7,getBlinkDurations
FNDA:11,drawCircuit
FNDA:22,roundRect
FNDA:11,drawChip
FNDA:31,drawResistor
FNDA:11,drawCap
FNDA:2,drawSwitch
FNDA:11,drawLed
FNDA:7,stopBlink
FNDA:7,startBlink
FNDA:7,tick
FNDA:2,onClick
DA:1,1
DA:2,1
DA:3,1
DA:4,1
DA:5,1
DA:6,1
DA:7,1
DA:8,1
DA:9,1
DA:10,1
DA:11,1
DA:12,1
DA:13,1
DA:14,1
DA:15,1
DA:16,1
DA:17,1
DA:18,1
DA:19,1
DA:20,1
DA:21,1
DA:22,1
DA:23,1
DA:24,1
DA:25,1
DA:26,1
DA:27,1
DA:28,1
DA:29,1
DA:30,1
DA:31,1
DA:32,1
DA:33,1
DA:34,1
DA:35,1
DA:36,1
DA:37,1
DA:38,1
DA:39,1
DA:40,1
DA:41,1
DA:42,1
DA:43,1
DA:44,1
DA:45,1
DA:46,1
DA:47,1
DA:48,1
DA:49,1
DA:50,1
DA:51,1
DA:52,1
DA:53,1
DA:54,1
DA:55,1
DA:56,1
DA:57,1
DA:58,1
DA:59,1
DA:60,1
DA:61,1
DA:62,1
DA:63,1
DA:64,1
DA:65,1
DA:66,1
DA:67,1
DA:68,1
DA:69,1
DA:70,1
DA:71,1
DA:72,1
DA:73,1
DA:74,1
DA:75,1
DA:76,1
DA:77,1
DA:78,1
DA:79,1
DA:80,1
DA:81,1
DA:82,1
DA:83,4
DA:84,4
DA:85,4
DA:86,1
DA:87,1
DA:88,1
DA:89,1
DA:90,1
DA:91,1
DA:92,1
DA:93,1
DA:94,1
DA:95,1
DA:96,1
DA:97,1
DA:98,1
DA:99,1
DA:100,1
DA:101,1
DA:102,1
DA:103,1
DA:104,1
DA:105,1
DA:106,1
DA:107,1
DA:108,1
DA:109,1
DA:110,1
DA:111,1
DA:112,1
DA:113,1
DA:114,1
DA:115,1
DA:116,1
DA:117,1
DA:118,1
DA:119,1
DA:120,1
DA:121,1
DA:122,1
DA:123,1
DA:124,1
DA:125,1
DA:126,1
DA:127,1
DA:128,1
DA:129,1
DA:130,10
DA:131,10
DA:132,1
DA:133,1
DA:134,10
DA:135,10
DA:136,1
DA:137,1
DA:138,1
DA:139,1
DA:140,1
DA:141,1
DA:142,1
DA:143,1
DA:144,4
DA:145,4
DA:146,1
DA:147,1
DA:148,1
DA:149,1
DA:150,1
DA:151,1
DA:152,1
DA:153,1
DA:154,1
DA:155,1
DA:156,1
DA:157,1
DA:158,1
DA:159,1
DA:160,1
DA:161,1
DA:162,1
DA:163,1
DA:164,1
DA:165,1
DA:166,1
DA:167,1
DA:168,1
DA:169,1
DA:170,1
DA:171,1
DA:172,1
DA:173,1
DA:174,1
DA:175,1
DA:176,1
DA:177,1
DA:178,1
DA:179,1
DA:180,1
DA:181,1
DA:182,1
DA:183,1
DA:184,1
DA:185,1
DA:186,1
DA:187,1
DA:188,1
DA:189,1
DA:190,1
DA:191,1
DA:192,1
DA:193,1
DA:194,1
DA:195,3
DA:196,3
DA:197,5
DA:198,5
DA:199,2
DA:200,0
DA:201,5
DA:202,3
DA:203,3
DA:204,3
DA:205,3
DA:206,1
DA:207,0
DA:208,3
DA:209,3
DA:210,3
DA:211,2
DA:212,2
DA:213,2
DA:214,2
DA:215,2
DA:216,2
DA:217,2
DA:218,2
DA:219,1
DA:220,1
DA:221,1
DA:222,1
DA:223,1
DA:224,1
DA:225,1
DA:226,3
DA:227,1
DA:228,0
DA:229,0
DA:230,0
DA:231,0
DA:232,0
DA:233,0
DA:234,0
DA:235,0
DA:236,0
DA:237,0
DA:238,0
DA:239,0
DA:240,0
DA:241,0
DA:242,0
DA:243,0
DA:244,0
DA:245,0
DA:246,0
DA:247,0
DA:248,0
DA:249,0
DA:250,0
DA:251,0
DA:252,0
DA:253,0
DA:254,0
DA:255,0
DA:256,0
DA:257,0
DA:258,0
DA:259,0
DA:260,0
DA:261,0
DA:262,0
DA:263,1
DA:264,1
DA:265,1
DA:266,1
DA:267,5
DA:268,1
DA:269,1
DA:270,1
DA:271,1
DA:272,1
DA:273,1
DA:274,1
DA:275,6
DA:276,1
DA:277,1
DA:278,1
DA:279,5
DA:280,2
DA:281,1
DA:282,1
DA:283,1
DA:284,5
DA:285,2
DA:286,1
DA:287,1
DA:288,1
DA:289,5
DA:290,2
DA:291,1
DA:292,1
DA:293,1
DA:294,5
DA:295,2
DA:296,1
DA:297,1
DA:298,1
DA:299,5
DA:300,2
DA:301,1
DA:302,1
DA:303,3
DA:304,3
DA:305,3
DA:306,1
DA:307,1
DA:308,1
DA:309,1
DA:310,1
DA:311,1
DA:312,1
DA:313,1
DA:314,1
DA:315,1
DA:316,1
DA:317,1
DA:318,1
DA:319,1
DA:320,1
DA:321,1
DA:322,1
DA:323,1
DA:324,11
DA:325,0
DA:326,0
DA:327,0
DA:328,0
DA:329,0
DA:330,0
DA:331,0
DA:332,0
DA:333,0
DA:334,0
DA:335,11
DA:336,11
DA:337,11
DA:338,11
DA:339,11
DA:340,11
DA:341,11
DA:342,11
DA:343,11
DA:344,11
DA:345,11
DA:346,11
DA:347,11
DA:348,1
DA:349,1
DA:350,7
DA:351,4
DA:352,4
DA:353,3
DA:354,7
DA:355,2
DA:356,2
DA:357,2
DA:358,2
DA:359,1
DA:360,1
DA:361,1
DA:362,1
DA:363,1
DA:364,0
DA:365,0
DA:366,7
DA:367,1
DA:368,1
DA:369,11
DA:370,11
DA:371,11
DA:372,11
DA:373,11
DA:374,11
DA:375,11
DA:376,11
DA:377,11
DA:378,11
DA:379,11
DA:380,11
DA:381,11
DA:382,11
DA:383,11
DA:384,11
DA:385,11
DA:386,11
DA:387,11
DA:388,11
DA:389,11
DA:390,11
DA:391,11
DA:392,11
DA:393,11
DA:394,11
DA:395,11
DA:396,11
DA:397,11
DA:398,11
DA:399,11
DA:400,11
DA:401,11
DA:402,11
DA:403,9
DA:404,9
DA:405,9
DA:406,9
DA:407,9
DA:408,9
DA:409,9
DA:410,9
DA:411,9
DA:412,9
DA:413,9
DA:414,9
DA:415,11
DA:416,2
DA:417,2
DA:418,2
DA:419,2
DA:420,2
DA:421,2
DA:422,2
DA:423,2
DA:424,2
DA:425,2
DA:426,2
DA:427,2
DA:428,2
DA:429,2
DA:430,11
DA:431,11
DA:432,11
DA:433,11
DA:434,11
DA:435,11
DA:436,11
DA:437,11
DA:438,11
DA:439,11
DA:440,11
DA:441,11
DA:442,11
DA:443,11
DA:444,1
DA:445,1
DA:446,22
DA:447,22
DA:448,22
DA:449,22
DA:450,22
DA:451,22
DA:452,22
DA:453,22
DA:454,1
DA:455,1
DA:456,11
DA:457,11
DA:458,11
DA:459,11
DA:460,11
DA:461,11
DA:462,11
DA:463,11
DA:464,11
DA:465,11
DA:466,11
DA:467,11
DA:468,11
DA:469,11
DA:470,11
DA:471,11
DA:472,11
DA:473,1
DA:474,1
DA:475,31
DA:476,31
DA:477,31
DA:478,31
DA:479,31
DA:480,31
DA:481,31
DA:482,31
DA:483,31
DA:484,31
DA:485,31
DA:486,31
DA:487,31
DA:488,31
DA:489,31
DA:490,186
DA:491,186
DA:492,186
DA:493,31
DA:494,0
DA:495,0
DA:496,0
DA:497,0
DA:498,0
DA:499,0
DA:500,31
DA:501,31
DA:502,1
DA:503,1
DA:504,11
DA:505,11
DA:506,11
DA:507,11
DA:508,11
DA:509,11
DA:510,11
DA:511,11
DA:512,11
DA:513,11
DA:514,11
DA:515,11
DA:516,11
DA:517,11
DA:518,1
DA:519,1
DA:520,2
DA:521,2
DA:522,2
DA:523,2
DA:524,2
DA:525,2
DA:526,2
DA:527,2
DA:528,2
DA:529,2
DA:530,2
DA:531,2
DA:532,2
DA:533,2
DA:534,1
DA:535,1
DA:536,11
DA:537,11
DA:538,11
DA:539,11
DA:540,11
DA:541,11
DA:542,11
DA:543,11
DA:544,7
DA:545,7
DA:546,7
DA:547,7
DA:548,7
DA:549,7
DA:550,11
DA:551,1
DA:552,1
DA:553,7
DA:554,3
DA:555,3
DA:556,3
DA:557,7
DA:558,1
DA:559,1
DA:560,7
DA:561,7
DA:562,7
DA:563,7
DA:564,7
DA:565,7
DA:566,7
DA:567,7
DA:568,7
DA:569,7
DA:570,1
DA:571,1
DA:572,4
DA:573,4
DA:574,1
DA:575,1
DA:576,1
DA:577,0
DA:578,1
DA:579,1
DA:580,1
DA:581,3
DA:582,1
DA:583,1
LF:583
LH:527
BRDA:192,0,0,6
BRDA:193,1,0,6
BRDA:195,2,0,3
BRDA:210,3,0,2
BRDA:218,4,0,1
BRDA:196,5,0,5
BRDA:197,6,0,0
BRDA:198,7,0,3
BRDA:198,8,0,2
BRDA:199,9,0,0
BRDA:203,10,0,3
BRDA:204,11,0,0
BRDA:205,12,0,2
BRDA:205,13,0,1
BRDA:206,14,0,0
BRDA:266,15,0,5
BRDA:267,16,0,2
BRDA:267,17,0,2
BRDA:267,18,0,3
BRDA:274,19,0,6
BRDA:275,20,0,4
BRDA:275,21,0,2
BRDA:278,22,0,5
BRDA:279,23,0,2
BRDA:279,24,0,3
BRDA:279,25,0,2
BRDA:283,26,0,5
BRDA:284,27,0,2
BRDA:284,28,0,3
BRDA:284,29,0,2
BRDA:288,30,0,5
BRDA:289,31,0,2
BRDA:289,32,0,3
BRDA:289,33,0,2
BRDA:293,34,0,5
BRDA:294,35,0,2
BRDA:294,36,0,3
BRDA:294,37,0,2
BRDA:298,38,0,5
BRDA:299,39,0,2
BRDA:299,40,0,3
BRDA:299,41,0,2
BRDA:303,42,0,3
BRDA:307,43,0,1
BRDA:321,44,0,6
BRDA:323,45,0,11
BRDA:324,46,0,0
BRDA:336,47,0,0
BRDA:337,48,0,77
BRDA:337,49,0,0
BRDA:349,50,0,7
BRDA:350,51,0,4
BRDA:352,52,0,3
BRDA:354,53,0,2
BRDA:354,54,0,2
BRDA:354,55,0,2
BRDA:358,56,0,1
BRDA:363,57,0,0
BRDA:368,58,0,11
BRDA:370,59,0,0
BRDA:372,60,0,0
BRDA:402,61,0,9
BRDA:415,62,0,2
BRDA:445,63,0,22
BRDA:455,64,0,11
BRDA:474,65,0,31
BRDA:489,66,0,186
BRDA:490,67,0,93
BRDA:490,68,0,93
BRDA:493,69,0,0
BRDA:503,70,0,11
BRDA:519,71,0,2
BRDA:535,72,0,11
BRDA:536,73,0,7
BRDA:536,74,0,4
BRDA:543,75,0,7
BRDA:552,76,0,7
BRDA:553,77,0,3
BRDA:559,78,0,7
BRDA:563,79,0,7
BRDA:566,80,0,0
BRDA:571,81,0,4
BRDA:580,82,0,7
BRDA:580,83,0,3
BRDA:82,84,0,4
BRDA:129,85,0,10
BRDA:131,86,0,7
BRDA:133,87,0,10
BRDA:135,88,0,7
BRDA:143,89,0,4
BRDA:23,90,0,2
BRDA:152,91,0,4
BRF:92
BRH:80
end_of_record
TN:
SF:src/router/index.ts
FN:13,HomePage
FN:14,LoginPage
FN:15,RegisterPage
FN:16,PasswordResetPage
FN:17,DashboardPage
FN:18,OtPaymentsPage
FN:19,RepairsPage
FN:20,RepairDetailPage
FN:21,ProfilePage
FN:22,CotizadorIAPage
FN:23,LicensePage
FN:24,PolicyPage
FN:25,TermsPage
FN:26,PrivacyPage
FN:27,SchedulePage
FN:28,CalculatorsPage
FN:29,StorePage
FN:32,AdminDashboard
FN:33,InventoryPage
FN:34,InventoryUnified
FN:35,ClientsPage
FN:36,RepairsAdminPage
FN:37,QuotesAdminPage
FN:38,CategoriesPage
FN:39,ContactMessagesPage
FN:40,NewsletterSubscriptionsPage
FN:41,AppointmentsPage
FN:42,RepairDetailAdminPage
FN:43,TicketsPage
FN:44,PurchaseRequestsPage
FN:45,ArchivePage
FN:46,ManualsPage
FN:47,StatsPage
FN:48,WizardsPage
FN:49,SignaturePage
FN:50,PhotoUploadPage
FN:272,component
FN:278,component
FN:284,component
FN:290,component
FN:296,component
FN:302,component
FN:308,component
FN:314,component
FN:320,component
FNF:45
FNH:45
FNDA:3,HomePage
FNDA:2,LoginPage
FNDA:1,RegisterPage
FNDA:1,PasswordResetPage
FNDA:2,DashboardPage
FNDA:1,OtPaymentsPage
FNDA:1,RepairsPage
FNDA:1,RepairDetailPage
FNDA:1,ProfilePage
FNDA:1,CotizadorIAPage
FNDA:1,LicensePage
FNDA:1,PolicyPage
FNDA:1,TermsPage
FNDA:1,PrivacyPage
FNDA:1,SchedulePage
FNDA:1,CalculatorsPage
FNDA:1,StorePage
FNDA:1,AdminDashboard
FNDA:1,InventoryPage
FNDA:1,InventoryUnified
FNDA:1,ClientsPage
FNDA:1,RepairsAdminPage
FNDA:1,QuotesAdminPage
FNDA:1,CategoriesPage
FNDA:1,ContactMessagesPage
FNDA:1,NewsletterSubscriptionsPage
FNDA:1,AppointmentsPage
FNDA:1,RepairDetailAdminPage
FNDA:1,TicketsPage
FNDA:1,PurchaseRequestsPage
FNDA:1,ArchivePage
FNDA:1,ManualsPage
FNDA:1,StatsPage
FNDA:1,WizardsPage
FNDA:1,SignaturePage
FNDA:1,PhotoUploadPage
FNDA:1,component
FNDA:1,component
FNDA:1,component
FNDA:1,component
FNDA:1,component
FNDA:1,component
FNDA:1,component
FNDA:1,component
FNDA:1,component
DA:1,1
DA:2,1
DA:3,1
DA:4,1
DA:5,1
DA:6,1
DA:7,1
DA:8,1
DA:9,1
DA:10,1
DA:11,1
DA:12,1
DA:13,1
DA:14,1
DA:15,1
DA:16,1
DA:17,1
DA:18,1
DA:19,1
DA:20,1
DA:21,1
DA:22,1
DA:23,1
DA:24,1
DA:25,1
DA:26,1
DA:27,1
DA:28,1
DA:29,1
DA:30,1
DA:31,1
DA:32,1
DA:33,1
DA:34,1
DA:35,1
DA:36,1
DA:37,1
DA:38,1
DA:39,1
DA:40,1
DA:41,1
DA:42,1
DA:43,1
DA:44,1
DA:45,1
DA:46,1
DA:47,1
DA:48,1
DA:49,1
DA:50,1
DA:51,1
DA:52,1
DA:53,1
DA:54,1
DA:55,1
DA:56,1
DA:57,1
DA:58,1
DA:59,1
DA:60,1
DA:61,1
DA:62,1
DA:63,1
DA:64,1
DA:65,1
DA:66,1
DA:67,1
DA:68,1
DA:69,1
DA:70,1
DA:71,1
DA:72,1
DA:73,1
DA:74,1
DA:75,1
DA:76,1
DA:77,1
DA:78,1
DA:79,1
DA:80,1
DA:81,1
DA:82,1
DA:83,1
DA:84,1
DA:85,1
DA:86,1
DA:87,1
DA:88,1
DA:89,1
DA:90,1
DA:91,1
DA:92,1
DA:93,1
DA:94,1
DA:95,1
DA:96,1
DA:97,1
DA:98,1
DA:99,1
DA:100,1
DA:101,1
DA:102,1
DA:103,1
DA:104,1
DA:105,1
DA:106,1
DA:107,1
DA:108,1
DA:109,1
DA:110,1
DA:111,1
DA:112,1
DA:113,1
DA:114,1
DA:115,1
DA:116,1
DA:117,1
DA:118,1
DA:119,1
DA:120,1
DA:121,1
DA:122,1
DA:123,1
DA:124,1
DA:125,1
DA:126,1
DA:127,1
DA:128,1
DA:129,1
DA:130,1
DA:131,1
DA:132,1
DA:133,1
DA:134,1
DA:135,1
DA:136,1
DA:137,1
DA:138,1
DA:139,1
DA:140,1
DA:141,1
DA:142,1
DA:143,1
DA:144,1
DA:145,1
DA:146,1
DA:147,1
DA:148,1
DA:149,1
DA:150,1
DA:151,1
DA:152,1
DA:153,1
DA:154,1
DA:155,1
DA:156,1
DA:157,1
DA:158,1
DA:159,1
DA:160,1
DA:161,1
DA:162,1
DA:163,1
DA:164,1
DA:165,1
DA:166,1
DA:167,1
DA:168,1
DA:169,1
DA:170,1
DA:171,1
DA:172,1
DA:173,1
DA:174,1
DA:175,1
DA:176,1
DA:177,1
DA:178,1
DA:179,1
DA:180,1
DA:181,1
DA:182,1
DA:183,1
DA:184,1
DA:185,1
DA:186,1
DA:187,1
DA:188,1
DA:189,1
DA:190,1
DA:191,1
DA:192,1
DA:193,1
DA:194,1
DA:195,1
DA:196,1
DA:197,1
DA:198,1
DA:199,1
DA:200,1
DA:201,1
DA:202,1
DA:203,1
DA:204,1
DA:205,1
DA:206,1
DA:207,1
DA:208,1
DA:209,1
DA:210,1
DA:211,1
DA:212,1
DA:213,1
DA:214,1
DA:215,1
DA:216,1
DA:217,1
DA:218,1
DA:219,1
DA:220,1
DA:221,1
DA:222,1
DA:223,1
DA:224,1
DA:225,1
DA:226,1
DA:227,1
DA:228,1
DA:229,1
DA:230,1
DA:231,1
DA:232,1
DA:233,1
DA:234,1
DA:235,1
DA:236,1
DA:237,1
DA:238,1
DA:239,1
DA:240,1
DA:241,1
DA:242,1
DA:243,1
DA:244,1
DA:245,1
DA:246,1
DA:247,1
DA:248,1
DA:249,1
DA:250,1
DA:251,1
DA:252,1
DA:253,1
DA:254,1
DA:255,1
DA:256,1
DA:257,1
DA:258,1
DA:259,1
DA:260,1
DA:261,1
DA:262,1
DA:263,1
DA:264,1
DA:265,1
DA:266,1
DA:267,1
DA:268,1
DA:269,1
DA:270,1
DA:271,1
DA:272,1
DA:273,1
DA:274,1
DA:275,1
DA:276,1
DA:277,1
DA:278,1
DA:279,1
DA:280,1
DA:281,1
DA:282,1
DA:283,1
DA:284,1
DA:285,1
DA:286,1
DA:287,1
DA:288,1
DA:289,1
DA:290,1
DA:291,1
DA:292,1
DA:293,1
DA:294,1
DA:295,1
DA:296,1
DA:297,1
DA:298,1
DA:299,1
DA:300,1
DA:301,1
DA:302,1
DA:303,1
DA:304,1
DA:305,1
DA:306,1
DA:307,1
DA:308,1
DA:309,1
DA:310,1
DA:311,1
DA:312,1
DA:313,1
DA:314,1
DA:315,1
DA:316,1
DA:317,1
DA:318,1
DA:319,1
DA:320,1
DA:321,1
DA:322,1
DA:323,1
DA:324,1
DA:325,1
DA:326,1
DA:327,1
DA:328,1
DA:329,1
DA:330,1
DA:331,1
DA:332,1
DA:333,1
DA:334,1
DA:335,1
DA:336,1
DA:337,1
DA:338,1
DA:339,1
DA:340,7
DA:341,7
DA:342,7
DA:343,7
DA:344,7
DA:345,2
DA:346,2
DA:347,7
DA:348,7
DA:349,7
DA:350,1
DA:351,1
DA:352,1
DA:353,6
DA:354,6
DA:355,7
DA:356,1
DA:357,1
DA:358,1
DA:359,5
DA:360,5
DA:361,7
DA:362,1
DA:363,1
DA:364,1
DA:365,4
DA:366,4
DA:367,4
DA:368,1
DA:369,1
LF:369
LH:369
BRDA:332,0,0,0
BRDA:13,1,0,3
BRDA:14,2,0,2
BRDA:15,3,0,1
BRDA:16,4,0,1
BRDA:17,5,0,2
BRDA:18,6,0,1
BRDA:19,7,0,1
BRDA:20,8,0,1
BRDA:21,9,0,1
BRDA:22,10,0,1
BRDA:23,11,0,1
BRDA:24,12,0,1
BRDA:25,13,0,1
BRDA:26,14,0,1
[...]
BRDA:530,70,0,1
BRDA:4,71,0,7
BRDA:4,72,0,5
BRDA:43,73,0,5
BRDA:43,74,0,0
BRDA:44,75,0,5
BRDA:49,76,0,5
BRDA:49,77,0,0
BRDA:52,78,0,5
BRDA:52,79,0,0
BRDA:53,80,0,5
BRDA:53,81,0,0
BRDA:56,82,0,5
BRDA:56,83,0,0
BRDA:57,84,0,5
BRDA:57,85,0,0
BRDA:58,86,0,5
BRDA:58,87,0,0
BRDA:68,88,0,5
BRDA:71,89,0,5
BRDA:77,90,0,1
BRDA:82,91,0,5
BRDA:82,92,0,0
BRDA:85,93,0,5
BRDA:85,94,0,0
BRDA:119,95,0,5
BRDA:127,96,0,1
BRDA:131,97,0,1
BRDA:132,98,0,1
BRDA:135,99,0,1
BRDA:136,100,0,1
BRDA:144,101,0,4
BRDA:145,102,0,1
BRDA:146,103,0,1
BRDA:146,104,0,4
BRDA:148,105,0,1
BRDA:161,106,0,1
BRDA:168,107,0,5
BRDA:176,108,0,1
BRDA:177,109,0,1
BRDA:180,110,0,1
BRDA:181,111,0,1
BRDA:187,112,0,3
BRDA:188,113,0,1
BRDA:189,114,0,1
BRDA:189,115,0,3
BRDA:191,116,0,1
BRDA:204,117,0,1
BRDA:217,118,0,5
BRDA:218,119,0,1
BRDA:218,120,0,26
BRDA:231,121,0,5
BRDA:232,122,0,3
BRDA:232,123,0,24
BRDA:68,124,0,1
BRDA:71,125,0,1
BRDA:119,126,0,1
BRDA:132,127,0,1
BRDA:136,128,0,1
BRDA:154,129,0,0
BRDA:168,130,0,1
BRDA:177,131,0,1
BRDA:181,132,0,1
BRF:133
BRH:84
end_of_record
TN:
SF:src/vue/content/pages/admin/RepairsAdminPage.vue
FN:38,onSaved
FN:12,__vite_ssr_import_4__.createElementVNode.__vite_ssr_import_4__.createElementVNode.__vite_ssr_import_4__.createElementVNode.__vite_ssr_import_4__.createElementVNode.onClick._cache.<computed>._cache.<computed>
FNF:2
FNH:2
FNDA:1,onSaved
FNDA:1,__vite_ssr_import_4__.createElementVNode.__vite_ssr_import_4__.createElementVNode.__vite_ssr_import_4__.createElementVNode.__vite_ssr_import_4__.createElementVNode.onClick._cache.<computed>._cache.<computed>
DA:1,1
DA:2,1
DA:3,1
DA:4,1
DA:5,1
DA:6,1
DA:7,1
DA:8,1
DA:9,1
DA:10,1
DA:11,1
DA:12,1
DA:13,1
DA:14,1
DA:15,1
DA:16,1
DA:17,1
DA:18,1
DA:19,1
DA:20,1
DA:21,1
DA:22,1
DA:23,1
DA:24,1
DA:25,1
DA:26,1
DA:27,1
DA:28,1
DA:29,1
DA:30,1
DA:31,1
DA:32,1
DA:33,1
DA:34,1
DA:35,1
DA:36,1
DA:37,1
DA:38,1
DA:39,1
DA:40,1
DA:41,1
DA:42,1
DA:43,1
DA:44,1
DA:45,1
DA:46,1
DA:47,1
DA:48,1
DA:49,1
DA:50,1
DA:51,1
DA:52,1
DA:53,1
DA:54,1
DA:55,1
DA:56,1
DA:57,1
DA:58,1
DA:59,1
DA:60,1
DA:61,1
DA:62,1
DA:63,1
DA:64,1
DA:65,1
DA:66,1
DA:67,1
DA:68,1
DA:69,1
DA:70,1
DA:71,1
DA:72,1
DA:73,1
DA:74,1
DA:75,1
DA:76,1
DA:77,1
DA:78,1
DA:79,1
DA:80,1
DA:81,1
DA:82,1
DA:83,1
DA:84,1
DA:85,1
DA:86,1
DA:87,1
DA:88,1
DA:89,1
DA:90,1
DA:91,1
DA:92,1
DA:93,1
DA:94,1
DA:95,1
DA:96,1
DA:97,1
DA:98,1
DA:99,1
DA:100,1
DA:101,1
DA:102,1
DA:103,1
DA:104,1
DA:105,1
DA:106,1
DA:107,1
DA:108,1
DA:109,1
DA:110,1
DA:111,1
DA:112,1
DA:113,1
DA:114,1
DA:115,1
DA:116,1
DA:117,1
DA:118,1
DA:119,1
DA:120,1
LF:120
LH:120
BRDA:38,0,0,1
BRDA:5,1,0,1
BRDA:12,2,0,1
BRDA:14,3,0,1
BRDA:14,4,0,2
BRDA:12,5,0,1
BRF:6
BRH:6
end_of_record
TN:
SF:src/vue/content/pages/admin/StatsPage.vue
FN:30,safeData
FN:35,load
FNF:2
FNH:2
FNDA:7,safeData
FNDA:1,load
DA:1,1
DA:2,1
DA:3,1
DA:4,1
DA:5,1
DA:6,1
DA:7,1
DA:8,1
DA:9,1
DA:10,1
DA:11,1
DA:12,1
DA:13,1
DA:14,1
DA:15,1
DA:16,1
DA:17,1
DA:18,1
DA:19,1
DA:20,1
DA:21,1
DA:22,1
DA:23,1
DA:24,1
DA:25,1
DA:26,1
DA:27,1
DA:28,1
DA:29,1
DA:30,1
DA:31,7
DA:32,7
DA:33,7
DA:34,1
DA:35,1
DA:36,1
DA:37,1
DA:38,1
DA:39,1
DA:40,1
DA:41,1
DA:42,1
DA:43,1
DA:44,1
DA:45,1
DA:46,1
DA:47,1
DA:48,1
DA:49,1
DA:50,1
DA:51,1
DA:52,1
DA:53,1
DA:54,1
DA:55,1
DA:56,1
DA:57,1
DA:58,1
DA:59,1
DA:60,1
DA:61,1
DA:62,1
DA:63,1
DA:64,1
LF:64
LH:64
BRDA:30,0,0,7
BRDA:31,1,0,0
BRDA:32,2,0,0
BRDA:35,3,0,1
BRF:4
BRH:2
end_of_record
TN:
SF:src/vue/content/pages/admin/TicketsPage.vue
FN:94,loadTickets
FN:99,updateTicketStatus
FN:104,deleteTicket
FN:110,onCompleted
FN:12,__vite_ssr_import_4__.createElementVNode.__vite_ssr_import_4__.createElementVNode.__vite_ssr_import_4__.createElementVNode.__vite_ssr_import_4__.createElementVNode.onClick._cache.<computed>._cache.<computed>
FN:57,onChange
FN:67,onClick
FNF:7
FNH:7
FNDA:4,loadTickets
FNDA:1,updateTicketStatus
FNDA:1,deleteTicket
FNDA:1,onCompleted
FNDA:1,__vite_ssr_import_4__.createElementVNode.__vite_ssr_import_4__.createElementVNode.__vite_ssr_import_4__.createElementVNode.__vite_ssr_import_4__.createElementVNode.onClick._cache.<computed>._cache.<computed>
FNDA:1,onChange
FNDA:1,onClick
DA:1,1
DA:2,1
DA:3,1
DA:4,1
DA:5,1
DA:6,1
DA:7,1
DA:8,1
DA:9,1
DA:10,1
DA:11,1
DA:12,1
DA:13,1
DA:14,1
DA:15,1
DA:16,1
DA:17,1
DA:18,1
DA:19,1
DA:20,1
DA:21,1
DA:22,1
DA:23,1
DA:24,1
DA:25,1
DA:26,1
DA:27,1
DA:28,1
DA:29,1
DA:30,1
DA:31,1
DA:32,1
DA:33,1
DA:34,1
DA:35,1
DA:36,1
DA:37,1
DA:38,1
DA:39,1
DA:40,1
DA:41,1
DA:42,1
DA:43,1
DA:44,1
DA:45,1
DA:46,1
DA:47,1
DA:48,1
DA:49,1
DA:50,1
DA:51,1
DA:52,1
DA:53,1
DA:54,1
DA:55,1
DA:56,1
DA:57,1
DA:58,1
DA:59,1
DA:60,1
DA:61,1
DA:62,1
DA:63,1
DA:64,1
DA:65,1
DA:66,1
DA:67,1
DA:68,1
DA:69,1
DA:70,1
DA:71,1
DA:72,1
DA:73,1
DA:74,1
DA:75,1
DA:76,1
DA:77,1
DA:78,1
DA:79,1
DA:80,1
DA:81,1
DA:82,1
DA:83,1
DA:84,1
DA:85,1
DA:86,1
DA:87,1
DA:88,1
DA:89,1
DA:90,1
DA:91,1
DA:92,1
DA:93,1
DA:94,1
DA:95,4
DA:96,4
DA:97,4
DA:98,1
DA:99,1
DA:100,1
DA:101,1
DA:102,1
DA:103,1
DA:104,1
DA:105,1
DA:106,1
DA:107,1
DA:108,1
DA:109,1
DA:110,1
DA:111,1
DA:112,1
DA:113,1
DA:114,1
DA:115,1
DA:116,1
DA:117,1
DA:118,1
DA:119,1
DA:120,1
DA:121,1
DA:122,1
DA:123,1
DA:124,1
DA:125,1
DA:126,1
DA:127,1
DA:128,1
DA:129,1
DA:130,1
LF:130
LH:130
BRDA:94,0,0,4
BRDA:96,1,0,0
BRDA:96,2,0,0
BRDA:99,3,0,1
BRDA:104,4,0,1
BRDA:105,5,0,0
BRDA:110,6,0,1
BRDA:5,7,0,1
BRDA:12,8,0,1
BRDA:14,9,0,1
BRDA:14,10,0,3
BRDA:12,11,0,1
BRDA:50,12,0,0
BRDA:57,13,0,1
BRDA:67,14,0,1
BRF:15
BRH:11
end_of_record
TN:
SF:src/vue/content/pages/admin/WizardsPage.vue
FN:60,buildCompletionMessage
FN:70,onCompleted
FNF:2
FNH:2
FNDA:3,buildCompletionMessage
FNDA:3,onCompleted
DA:1,1
DA:2,1
DA:3,1
DA:4,1
DA:5,1
DA:6,1
DA:7,1
DA:8,1
DA:9,1
DA:10,1
DA:11,1
DA:12,1
DA:13,1
DA:14,1
DA:15,1
DA:16,1
DA:17,1
DA:18,1
DA:19,1
DA:20,1
DA:21,1
DA:22,1
DA:23,1
DA:24,1
DA:25,1
DA:26,1
DA:27,1
DA:28,1
DA:29,1
DA:30,1
DA:31,1
DA:32,1
DA:33,1
DA:34,1
DA:35,1
DA:36,1
DA:37,1
DA:38,1
DA:39,1
DA:40,1
DA:41,1
DA:42,1
DA:43,1
DA:44,1
DA:45,1
DA:46,1
DA:47,1
DA:48,1
DA:49,1
DA:50,1
DA:51,1
DA:52,1
DA:53,1
DA:54,1
DA:55,1
DA:56,1
DA:57,1
DA:58,1
DA:59,1
DA:60,1
DA:61,3
DA:62,1
DA:63,1
DA:64,3
DA:65,1
DA:66,1
DA:67,1
DA:68,1
DA:69,1
DA:70,1
DA:71,3
DA:72,3
DA:73,1
LF:73
LH:73
BRDA:60,0,0,3
BRDA:61,1,0,1
BRDA:63,2,0,2
BRDA:64,3,0,1
BRDA:64,4,0,1
BRDA:70,5,0,3
BRF:6
BRH:6
end_of_record
TN:
SF:src/vue/content/sections/AboutSection.vue
FNF:0
FNH:0
DA:1,1
DA:2,1
DA:3,1
DA:4,1
DA:5,1
DA:6,1
DA:7,1
DA:8,1
DA:9,1
DA:10,1
DA:11,1
DA:12,1
DA:13,1
DA:14,1
DA:15,1
DA:16,1
DA:17,1
DA:18,1
DA:19,1
DA:20,1
DA:21,1
DA:22,1
DA:23,1
DA:24,1
DA:25,1
DA:26,1
DA:27,1
DA:28,1
DA:29,1
DA:30,1
DA:31,1
DA:32,1
DA:33,1
DA:34,1
DA:35,1
DA:36,1
DA:37,1
DA:38,1
DA:39,1
DA:40,1
DA:41,1
DA:42,1
DA:43,1
DA:44,1
DA:45,1
DA:46,1
DA:47,1
DA:48,1
DA:49,1
DA:50,1
DA:51,1
DA:52,1
DA:53,1
DA:54,1
DA:55,1
DA:56,1
DA:57,1
DA:58,1
DA:59,1
DA:60,1
DA:61,1
DA:62,1
DA:63,1
DA:64,1
DA:65,1
DA:66,1
DA:67,1
DA:68,1
DA:69,1
DA:70,1
DA:71,1
DA:72,1
DA:73,1
DA:74,1
DA:75,1
DA:76,1
DA:77,1
DA:78,1
DA:79,1
DA:80,1
DA:81,1
DA:82,1
DA:83,1
DA:84,1
DA:85,1
DA:86,1
DA:87,1
DA:88,1
DA:89,1
DA:90,1
DA:91,1
DA:92,1
DA:93,1
DA:94,1
DA:95,1
DA:96,1
DA:97,1
DA:98,1
DA:99,1
DA:100,1
DA:101,1
DA:102,1
DA:103,1
DA:104,1
DA:105,1
DA:106,1
DA:107,1
DA:108,1
DA:109,1
DA:110,1
DA:111,1
DA:112,1
DA:113,1
DA:114,1
DA:115,1
DA:116,1
DA:117,1
DA:118,1
DA:119,1
DA:120,1
DA:121,1
DA:122,1
DA:123,1
DA:124,1
DA:125,1
DA:126,1
DA:127,1
DA:128,1
DA:129,1
DA:130,1
DA:131,1
DA:132,1
DA:133,1
DA:134,1
DA:135,1
DA:136,1
DA:137,1
DA:138,1
DA:139,1
DA:140,1
DA:141,1
DA:142,1
DA:143,1
DA:144,1
DA:145,1
DA:146,1
DA:147,1
DA:148,1
DA:149,1
DA:150,1
DA:151,1
DA:152,1
DA:153,1
DA:154,1
DA:155,1
DA:156,1
DA:157,1
DA:158,1
DA:159,1
DA:160,1
DA:161,1
DA:162,1
DA:163,1
DA:164,1
DA:165,1
DA:166,1
DA:167,1
DA:168,1
DA:169,1
DA:170,1
DA:171,1
DA:172,1
DA:173,1
DA:174,1
DA:175,1
DA:176,1
DA:177,1
DA:178,1
DA:179,1
DA:180,1
DA:181,1
DA:182,1
DA:183,1
DA:184,1
DA:185,1
DA:186,1
DA:187,1
DA:188,1
DA:189,1
DA:190,1
DA:191,1
DA:192,1
DA:193,1
DA:194,1
DA:195,1
DA:196,1
DA:197,1
LF:197
LH:197
BRF:0
BRH:0
end_of_record
TN:
SF:src/vue/content/sections/CalculatorsSection.vue
FNF:0
FNH:0
DA:1,1
DA:2,1
DA:3,1
DA:4,1
DA:5,1
DA:6,1
DA:7,1
DA:8,1
DA:9,1
DA:10,1
DA:11,1
DA:12,1
DA:13,1
DA:14,1
DA:15,1
DA:16,1
DA:17,1
DA:18,1
DA:19,1
DA:20,1
DA:21,1
DA:22,1
DA:23,1
DA:24,1
DA:25,1
DA:26,1
DA:27,1
DA:28,1
DA:29,1
DA:30,1
DA:31,1
DA:32,1
DA:33,1
DA:34,1
DA:35,1
DA:36,1
DA:37,1
DA:38,1
DA:39,1
DA:40,1
DA:41,1
DA:42,1
DA:43,1
DA:44,1
DA:45,1
DA:46,1
DA:47,1
DA:48,1
DA:49,1
DA:50,1
DA:51,1
DA:52,1
DA:53,1
DA:54,1
DA:55,1
DA:56,1
DA:57,1
DA:58,1
DA:59,1
DA:60,1
DA:61,1
DA:62,1
DA:63,1
DA:64,1
DA:65,1
DA:66,1
DA:67,1
DA:68,1
DA:69,1
DA:70,1
DA:71,1
DA:72,1
DA:73,1
DA:74,1
DA:75,1
DA:76,1
DA:77,1
DA:78,1
DA:79,1
DA:80,1
DA:81,1
DA:82,1
DA:83,1
DA:84,1
DA:85,1
DA:86,1
DA:87,1
DA:88,1
DA:89,1
DA:90,1
DA:91,1
DA:92,1
DA:93,1
DA:94,1
DA:95,1
DA:96,1
DA:97,1
DA:98,1
DA:99,1
DA:100,1
DA:101,1
DA:102,1
DA:103,1
LF:103
LH:103
BRF:0
BRH:0
end_of_record
TN:
SF:src/vue/content/sections/ContactSection.vue
FNF:0
FNH:0
DA:1,1
DA:2,1
DA:3,1
DA:4,1
DA:5,1
DA:6,1
DA:7,1
DA:8,1
DA:9,1
DA:10,1
DA:11,1
DA:12,1
DA:13,1
DA:14,1
DA:15,1
DA:16,1
DA:17,1
DA:18,1
DA:19,1
DA:20,1
DA:21,1
DA:22,1
DA:23,1
DA:24,1
DA:25,1
DA:26,1
DA:27,1
DA:28,1
DA:29,1
DA:30,1
DA:31,1
DA:32,1
DA:33,1
DA:34,1
DA:35,1
DA:36,1
DA:37,1
DA:38,1
DA:39,1
DA:40,1
DA:41,1
DA:42,1
DA:43,1
DA:44,1
DA:45,1
DA:46,1
DA:47,1
DA:48,1
DA:49,1
DA:50,1
DA:51,1
DA:52,1
DA:53,1
DA:54,1
DA:55,1
LF:55
LH:55
BRF:0
BRH:0
end_of_record
TN:
SF:src/vue/content/sections/FaqSection.vue
FNF:0
FNH:0
DA:1,1
DA:2,1
DA:3,1
DA:4,1
DA:5,1
DA:6,1
DA:7,1
DA:8,1
DA:9,1
DA:10,1
DA:11,1
DA:12,1
DA:13,1
DA:14,1
DA:15,1
DA:16,1
DA:17,1
DA:18,1
DA:19,1
DA:20,1
DA:21,1
DA:22,1
DA:23,1
DA:24,1
DA:25,1
DA:26,1
DA:27,1
DA:28,1
DA:29,1
DA:30,1
DA:31,1
DA:32,1
DA:33,1
DA:34,1
DA:35,1
DA:36,1
DA:37,1
DA:38,1
DA:39,1
DA:40,1
DA:41,1
DA:42,1
DA:43,1
DA:44,1
DA:45,1
DA:46,1
DA:47,1
DA:48,1
DA:49,1
DA:50,1
DA:51,1
DA:52,1
DA:53,1
DA:54,1
LF:54
LH:54
BRF:0
BRH:0
end_of_record
TN:
SF:src/vue/content/sections/FeaturedProjectSection.vue
FNF:0
FNH:0
DA:1,1
DA:2,1
DA:3,1
DA:4,1
DA:5,1
DA:6,1
DA:7,1
DA:8,1
DA:9,1
DA:10,1
DA:11,1
DA:12,1
DA:13,1
DA:14,1
DA:15,1
DA:16,1
DA:17,1
DA:18,1
DA:19,1
DA:20,1
DA:21,1
DA:22,1
DA:23,1
DA:24,1
DA:25,1
DA:26,1
DA:27,1
DA:28,1
DA:29,1
DA:30,1
DA:31,1
DA:32,1
DA:33,1
DA:34,1
DA:35,1
DA:36,1
DA:37,1
DA:38,1
DA:39,1
LF:39
LH:39
BRF:0
BRH:0
end_of_record
TN:
SF:src/vue/content/sections/HeroSection.vue
FNF:0
FNH:0
DA:1,1
DA:2,1
DA:3,1
DA:4,1
DA:5,1
DA:6,1
DA:7,1
DA:8,1
DA:9,1
DA:10,1
DA:11,1
DA:12,1
DA:13,1
DA:14,1
DA:15,1
DA:16,1
DA:17,1
DA:18,1
DA:19,1
DA:20,1
DA:21,1
DA:22,1
LF:22
LH:22
BRF:0
BRH:0
end_of_record
TN:
SF:src/vue/content/sections/HistorySection.vue
FNF:0
FNH:0
DA:1,1
DA:2,1
DA:3,1
DA:4,1
DA:5,1
DA:6,1
DA:7,1
DA:8,1
DA:9,1
DA:10,1
DA:11,1
DA:12,1
DA:13,1
DA:14,1
DA:15,1
DA:16,1
DA:17,1
DA:18,1
DA:19,1
DA:20,1
DA:21,1
DA:22,1
DA:23,1
DA:24,1
DA:25,1
DA:26,1
DA:27,1
DA:28,1
DA:29,1
DA:30,1
DA:31,1
DA:32,1
DA:33,1
DA:34,1
DA:35,1
DA:36,1
DA:37,1
DA:38,1
DA:39,1
DA:40,1
DA:41,1
DA:42,1
DA:43,1
DA:44,1
DA:45,1
DA:46,1
DA:47,1
DA:48,1
DA:49,1
DA:50,1
DA:51,1
DA:52,1
DA:53,1
DA:54,1
DA:55,1
DA:56,1
DA:57,1
DA:58,1
DA:59,1
DA:60,1
DA:61,1
DA:62,1
DA:63,1
DA:64,1
DA:65,1
DA:66,1
DA:67,1
DA:68,1
DA:69,1
DA:70,1
DA:71,1
DA:72,1
LF:72
LH:72
BRF:0
BRH:0
end_of_record
TN:
SF:src/vue/content/sections/LicenseSection.vue
FNF:0
FNH:0
DA:1,1
DA:2,1
DA:3,1
DA:4,1
DA:5,1
DA:6,1
DA:7,1
DA:8,1
DA:9,1
DA:10,1
DA:11,1
DA:12,1
DA:13,1
DA:14,1
DA:15,1
DA:16,1
DA:17,1
DA:18,1
DA:19,1
DA:20,1
DA:21,1
DA:22,1
DA:23,1
DA:24,1
DA:25,1
DA:26,1
DA:27,1
DA:28,1
DA:29,1
DA:30,1
DA:31,1
DA:32,1
DA:33,1
DA:34,1
DA:35,1
DA:36,1
DA:37,1
DA:38,1
DA:39,1
DA:40,1
DA:41,1
DA:42,1
DA:43,1
DA:44,1
DA:45,1
DA:46,1
DA:47,1
DA:48,1
DA:49,1
DA:50,1
DA:51,1
DA:52,1
DA:53,1
DA:54,1
DA:55,1
DA:56,1
DA:57,1
LF:57
LH:57
BRF:0
BRH:0
end_of_record
TN:
SF:src/vue/content/sections/NewsletterSection.vue
FN:68,onSubmit
FN:95,onVerify
FN:11,__vite_ssr_import_10__.createElementVNode.__vite_ssr_import_10__.createElementVNode.__vite_ssr_import_10__.withDirectives.__vite_ssr_import_10__.createElementVNode.onUpdate:modelValue._cache.<computed>._cache.<computed>
FNF:3
FNH:3
FNDA:3,onSubmit
FNDA:2,onVerify
FNDA:2,__vite_ssr_import_10__.createElementVNode.__vite_ssr_import_10__.createElementVNode.__vite_ssr_import_10__.withDirectives.__vite_ssr_import_10__.createElementVNode.onUpdate:modelValue._cache.<computed>._cache.<computed>
DA:1,1
DA:2,1
DA:3,1
DA:4,1
DA:5,1
DA:6,1
DA:7,1
DA:8,1
DA:9,1
DA:10,1
DA:11,1
DA:12,1
DA:13,1
DA:14,1
DA:15,1
DA:16,1
DA:17,1
DA:18,1
DA:19,1
DA:20,1
DA:21,1
DA:22,1
DA:23,1
DA:24,1
DA:25,1
DA:26,1
DA:27,1
DA:28,1
DA:29,1
DA:30,3
DA:31,3
DA:32,3
DA:33,3
DA:34,1
DA:35,1
DA:36,1
DA:37,1
DA:38,1
DA:39,1
DA:40,1
DA:41,1
DA:42,1
DA:43,1
DA:44,1
DA:45,1
DA:46,1
DA:47,1
DA:48,1
DA:49,1
DA:50,1
DA:51,1
DA:52,1
DA:53,1
DA:54,1
DA:55,1
DA:56,1
DA:57,1
DA:58,1
DA:59,1
DA:60,1
DA:61,1
DA:62,1
DA:63,1
DA:64,1
DA:65,3
DA:66,3
DA:67,1
DA:68,1
DA:69,3
DA:70,3
DA:71,3
DA:72,3
DA:73,1
DA:74,1
DA:75,1
DA:76,1
DA:77,2
DA:78,2
DA:79,2
DA:80,2
DA:81,2
DA:82,2
DA:83,2
DA:84,1
DA:85,1
DA:86,1
DA:87,1
DA:88,1
DA:89,1
DA:90,1
DA:91,1
DA:92,1
DA:93,3
DA:94,1
DA:95,1
DA:96,2
DA:97,2
DA:98,1
LF:98
LH:98
BRDA:64,0,0,3
BRDA:65,1,0,1
BRDA:65,2,0,2
BRDA:68,3,0,3
BRDA:72,4,0,1
BRDA:76,5,0,2
BRDA:83,6,0,1
BRDA:95,7,0,2
BRDA:11,8,0,2
BRDA:29,9,0,3
BRDA:11,10,0,2
BRF:11
BRH:11
end_of_record
TN:
SF:src/vue/content/sections/PolicySection.vue
FNF:0
FNH:0
DA:1,1
DA:2,1
DA:3,1
DA:4,1
DA:5,1
DA:6,1
DA:7,1
DA:8,1
DA:9,1
DA:10,1
DA:11,1
DA:12,1
DA:13,1
DA:14,1
DA:15,1
DA:16,1
DA:17,1
DA:18,1
DA:19,1
DA:20,1
DA:21,1
DA:22,1
DA:23,1
DA:24,1
DA:25,1
DA:26,1
DA:27,1
DA:28,1
DA:29,1
DA:30,1
DA:31,1
DA:32,1
DA:33,1
DA:34,1
DA:35,1
DA:36,1
DA:37,1
DA:38,1
DA:39,1
DA:40,1
DA:41,1
DA:42,1
DA:43,1
DA:44,1
DA:45,1
DA:46,1
DA:47,1
DA:48,1
DA:49,1
DA:50,1
DA:51,1
DA:52,1
DA:53,1
DA:54,1
DA:55,1
DA:56,1
DA:57,1
DA:58,1
DA:59,1
DA:60,1
LF:60
LH:60
BRF:0
BRH:0
end_of_record
TN:
SF:src/vue/content/sections/PortfolioSection.vue
FNF:0
FNH:0
DA:1,1
DA:2,1
DA:3,1
DA:4,1
DA:5,1
DA:6,1
DA:7,1
DA:8,1
DA:9,1
DA:10,1
DA:11,1
DA:12,1
DA:13,1
DA:14,1
DA:15,1
DA:16,1
DA:17,1
DA:18,1
DA:19,1
DA:20,1
DA:21,1
DA:22,1
DA:23,1
DA:24,1
DA:25,1
DA:26,1
DA:27,1
DA:28,1
DA:29,1
DA:30,1
DA:31,1
DA:32,1
DA:33,1
DA:34,1
DA:35,1
DA:36,1
DA:37,1
DA:38,1
DA:39,1
DA:40,1
DA:41,1
DA:42,1
DA:43,1
DA:44,1
DA:45,1
DA:46,1
DA:47,1
DA:48,1
DA:49,1
DA:50,1
DA:51,1
DA:52,1
DA:53,1
DA:54,1
DA:55,1
DA:56,1
DA:57,1
DA:58,1
DA:59,1
DA:60,1
DA:61,1
DA:62,1
DA:63,1
DA:64,1
DA:65,1
DA:66,1
DA:67,1
DA:68,1
DA:69,1
DA:70,1
DA:71,1
DA:72,1
DA:73,1
DA:74,1
DA:75,1
LF:75
LH:75
BRF:0
BRH:0
end_of_record
TN:
SF:src/vue/content/sections/ReviewsSection.vue
FNF:0
FNH:0
DA:1,1
DA:2,1
DA:3,1
DA:4,1
DA:5,1
DA:6,1
DA:7,1
DA:8,1
DA:9,1
DA:10,1
DA:11,1
DA:12,1
DA:13,1
DA:14,1
DA:15,1
DA:16,1
DA:17,1
DA:18,1
DA:19,1
DA:20,1
DA:21,1
DA:22,1
DA:23,1
DA:24,1
DA:25,1
DA:26,1
DA:27,1
DA:28,1
DA:29,1
DA:30,1
DA:31,1
DA:32,1
DA:33,1
DA:34,1
DA:35,1
DA:36,1
DA:37,1
DA:38,1
DA:39,1
DA:40,1
DA:41,1
DA:42,1
DA:43,1
DA:44,1
DA:45,1
DA:46,1
DA:47,1
DA:48,1
DA:49,1
DA:50,1
DA:51,1
DA:52,1
DA:53,1
DA:54,1
LF:54
LH:54
BRF:0
BRH:0
end_of_record
TN:
SF:src/vue/content/sections/ServicesSection.vue
FNF:0
FNH:0
DA:1,1
DA:2,1
DA:3,1
DA:4,1
DA:5,1
DA:6,1
DA:7,1
DA:8,1
DA:9,1
DA:10,1
DA:11,1
DA:12,1
DA:13,1
DA:14,1
DA:15,1
DA:16,1
DA:17,1
DA:18,1
DA:19,1
DA:20,1
DA:21,1
DA:22,1
DA:23,1
DA:24,1
DA:25,1
DA:26,1
DA:27,1
DA:28,1
DA:29,1
DA:30,1
DA:31,1
DA:32,1
DA:33,1
DA:34,1
DA:35,1
DA:36,1
DA:37,1
DA:38,1
DA:39,1
DA:40,1
DA:41,1
DA:42,1
DA:43,1
DA:44,1
DA:45,1
DA:46,1
DA:47,1
DA:48,1
DA:49,1
DA:50,1
DA:51,1
DA:52,1
DA:53,1
DA:54,1
DA:55,1
DA:56,1
DA:57,1
DA:58,1
DA:59,1
DA:60,1
DA:61,1
DA:62,1
DA:63,1
DA:64,1
DA:65,1
LF:65
LH:65
BRF:0
BRH:0
end_of_record
TN:
SF:src/vue/content/sections/TeamSection.vue
FNF:0
FNH:0
DA:1,1
DA:2,1
DA:3,1
DA:4,1
DA:5,1
DA:6,1
DA:7,1
DA:8,1
DA:9,1
DA:10,1
DA:11,1
DA:12,1
DA:13,1
DA:14,1
DA:15,1
DA:16,1
DA:17,1
DA:18,1
DA:19,1
DA:20,1
DA:21,1
DA:22,1
DA:23,1
DA:24,1
DA:25,1
DA:26,1
DA:27,1
DA:28,1
DA:29,1
DA:30,1
DA:31,1
DA:32,1
DA:33,1
DA:34,1
LF:34
LH:34
BRF:0
BRH:0
end_of_record
TN:
SF:src/vue/sections/DiagnosticSection.vue
FNF:0
FNH:0
DA:1,1
DA:2,1
DA:3,1
DA:4,1
DA:5,1
DA:6,1
DA:7,1
DA:8,1
DA:9,1
DA:10,1
DA:11,1
DA:12,1
DA:13,1
DA:14,1
DA:15,1
DA:16,1
DA:17,1
DA:18,1
DA:19,1
DA:20,1
DA:21,1
DA:22,1
LF:22
LH:22
BRF:0
BRH:0
end_of_record
TN:
SF:src/vue/stack/App.vue
FNF:0
FNH:0
DA:1,1
DA:2,1
DA:3,1
DA:4,1
DA:5,1
DA:6,1
DA:7,1
DA:8,1
DA:9,1
DA:10,1
DA:11,1
DA:12,1
DA:13,1
DA:14,1
DA:15,1
DA:16,1
DA:17,1
DA:18,1
DA:19,1
DA:20,1
DA:21,1
DA:22,1
DA:23,1
DA:24,1
DA:25,1
DA:26,1
DA:27,1
DA:28,1
DA:29,1
DA:30,1
LF:30
LH:30
BRDA:21,0,0,1
BRF:1
BRH:1
end_of_record
TN:
SF:src/vue/stack/ContentLayer.vue
FN:52,__vite_ssr_import_0__.watch.hash
FN:107,_onProjectModalClosed
FNF:2
FNH:2
FNDA:5,__vite_ssr_import_0__.watch.hash
FNDA:1,_onProjectModalClosed
DA:1,1
DA:2,1
DA:3,1
DA:4,1
DA:5,1
DA:6,1
DA:7,1
DA:8,1
DA:9,1
DA:10,1
DA:11,1
DA:12,1
DA:13,1
DA:14,1
DA:15,1
DA:16,1
DA:17,1
DA:18,1
DA:19,1
DA:20,1
DA:21,1
DA:22,1
DA:23,1
DA:24,1
DA:25,1
DA:26,1
DA:27,1
DA:28,5
DA:29,5
DA:30,3
DA:31,5
DA:32,1
DA:33,1
DA:34,1
DA:35,1
DA:36,1
DA:37,1
DA:38,1
DA:39,1
DA:40,1
DA:41,1
DA:42,1
DA:43,1
DA:44,1
DA:45,1
DA:46,1
DA:47,1
DA:48,1
DA:49,1
DA:50,1
DA:51,1
DA:52,1
DA:53,4
DA:54,2
DA:55,2
DA:56,2
DA:57,1
DA:58,2
DA:59,2
DA:60,1
DA:61,1
DA:62,1
DA:63,1
DA:64,1
DA:65,1
DA:66,4
DA:67,1
DA:68,1
DA:69,3
DA:70,1
DA:71,1
DA:72,1
DA:73,2
DA:74,3
DA:75,3
DA:76,0
DA:77,3
DA:78,3
DA:79,1
DA:80,1
DA:81,1
DA:82,1
DA:83,1
DA:84,1
DA:85,3
DA:86,3
DA:87,3
DA:88,3
DA:89,3
DA:90,0
DA:91,3
DA:92,3
DA:93,3
DA:94,3
DA:95,1
DA:96,3
DA:97,3
DA:98,1
DA:99,1
DA:100,1
DA:101,1
DA:102,1
DA:103,1
DA:104,1
DA:105,1
DA:106,1
DA:107,1
DA:108,1
DA:109,1
DA:110,1
LF:110
LH:108
BRDA:27,0,0,5
BRDA:29,1,0,3
BRDA:37,2,0,1
BRDA:39,3,0,0
BRDA:52,4,0,5
BRDA:52,5,0,4
BRDA:53,6,0,2
BRDA:55,7,0,1
BRDA:56,8,0,1
BRDA:59,9,0,1
BRDA:59,10,0,1
BRDA:68,11,0,3
BRDA:69,12,0,2
BRDA:69,13,0,1
BRDA:72,14,0,2
BRDA:74,15,0,2
BRDA:75,16,0,0
BRDA:78,17,0,1
BRDA:85,18,0,1
BRDA:86,19,0,1
BRDA:86,20,0,1
BRDA:88,21,0,1
BRDA:89,22,0,0
BRDA:94,23,0,1
BRDA:99,24,0,1
BRDA:102,25,0,0
BRDA:107,26,0,1
BRDA:3,27,0,2
BRF:28
BRH:24
end_of_record
TN:
SF:src/vue/stack/FeedbacksLayer.vue
FN:40,_onUserInteraction
FN:51,_onLoaderRendered
FN:55,_onLoaderReady
FN:65,_onLoaderWillLeave
FN:69,_onLoaderCompleted
FNF:5
FNH:5
FNDA:1,_onUserInteraction
FNDA:1,_onLoaderRendered
FNDA:1,_onLoaderReady
FNDA:1,_onLoaderWillLeave
FNDA:1,_onLoaderCompleted
DA:1,1
DA:2,1
DA:3,1
DA:4,1
DA:5,1
DA:6,1
DA:7,1
DA:8,1
DA:9,1
DA:10,1
DA:11,1
DA:12,1
DA:13,1
DA:14,1
DA:15,1
DA:16,1
DA:17,1
DA:18,1
DA:19,1
DA:20,1
DA:21,1
DA:22,1
DA:23,1
DA:24,1
DA:25,1
DA:26,1
DA:27,1
DA:28,1
DA:29,1
DA:30,1
DA:31,1
DA:32,1
DA:33,1
DA:34,1
DA:35,1
DA:36,1
DA:37,1
DA:38,1
DA:39,1
DA:40,1
DA:41,1
DA:42,1
DA:43,1
DA:44,1
DA:45,1
DA:46,1
DA:47,1
DA:48,1
DA:49,1
DA:50,1
DA:51,1
DA:52,1
DA:53,1
DA:54,1
DA:55,1
DA:56,1
DA:57,1
DA:58,1
DA:59,1
DA:60,1
DA:61,1
DA:62,1
DA:63,1
DA:64,1
DA:65,1
DA:66,1
DA:67,1
DA:68,1
DA:69,1
DA:70,1
DA:71,1
DA:72,1
DA:73,1
DA:74,1
DA:75,0
DA:76,0
DA:77,0
DA:78,0
DA:79,1
LF:79
LH:75
BRDA:40,0,0,1
BRDA:51,1,0,1
BRDA:55,2,0,1
BRDA:65,3,0,1
BRDA:69,4,0,1
BRF:5
BRH:5
end_of_record
TN:
SF:src/vue/stack/StateProviderLayer.vue
FN:41,setSpinnerEnabled
FNF:1
FNH:1
FNDA:1,setSpinnerEnabled
DA:1,1
DA:2,1
DA:3,1
DA:4,1
DA:5,1
DA:6,1
DA:7,1
DA:8,1
DA:9,1
DA:10,1
DA:11,1
DA:12,1
DA:13,1
DA:14,1
DA:15,1
DA:16,1
DA:17,1
DA:18,1
DA:19,1
DA:20,1
DA:21,1
DA:22,1
DA:23,1
DA:24,1
DA:25,1
DA:26,1
DA:27,1
DA:28,1
DA:29,1
DA:30,1
DA:31,1
DA:32,1
DA:33,1
DA:34,1
DA:35,1
DA:36,1
DA:37,1
DA:38,1
DA:39,1
DA:40,1
DA:41,1
DA:42,1
DA:43,1
DA:44,1
DA:45,1
DA:46,1
DA:47,1
DA:48,1
DA:49,1
DA:50,1
DA:51,1
DA:52,1
DA:53,1
DA:54,1
DA:55,1
DA:56,1
DA:57,1
DA:58,1
DA:59,1
DA:60,1
DA:61,1
LF:61
LH:61
BRDA:41,0,0,1
BRF:1
BRH:1
end_of_record
